running develop
running egg_info
creating smart_hospital_control.egg-info
writing smart_hospital_control.egg-info/PKG-INFO
writing dependency_links to smart_hospital_control.egg-info/dependency_links.txt
writing entry points to smart_hospital_control.egg-info/entry_points.txt
writing requirements to smart_hospital_control.egg-info/requires.txt
writing top-level names to smart_hospital_control.egg-info/top_level.txt
writing manifest file 'smart_hospital_control.egg-info/SOURCES.txt'
reading manifest file 'smart_hospital_control.egg-info/SOURCES.txt'
writing manifest file 'smart_hospital_control.egg-info/SOURCES.txt'
running build_ext
Creating /home/jinshim/darkhorse/install/smart_hospital_control/lib/python3.10/site-packages/smart-hospital-control.egg-link (link to .)
Installing patient_ui script to /home/jinshim/darkhorse/install/smart_hospital_control/lib/smart_hospital_control

Installed /home/jinshim/darkhorse/build/smart_hospital_control
running symlink_data
creating /home/jinshim/darkhorse/install/smart_hospital_control/share/ament_index
creating /home/jinshim/darkhorse/install/smart_hospital_control/share/ament_index/resource_index
creating /home/jinshim/darkhorse/install/smart_hospital_control/share/ament_index/resource_index/packages
symbolically linking /home/jinshim/darkhorse/build/smart_hospital_control/resource/smart_hospital_control -> /home/jinshim/darkhorse/install/smart_hospital_control/share/ament_index/resource_index/packages
symbolically linking /home/jinshim/darkhorse/build/smart_hospital_control/package.xml -> /home/jinshim/darkhorse/install/smart_hospital_control/share/smart_hospital_control
