[2.025s] Invoking command in '/home/jinshim/darkhorse/build/smart_hospital_control': PYTHONPATH=/home/jinshim/darkhorse/build/smart_hospital_control/prefix_override:/usr/lib/python3/dist-packages/colcon_core/task/python/colcon_distutils_commands:/home/jinshim/darkhorse/install/smart_hospital_control/lib/python3.10/site-packages:${PYTHONPATH} /usr/bin/python3 -W ignore:setup.py install is deprecated -W ignore:easy_install command is deprecated setup.py develop --editable --build-directory /home/jinshim/darkhorse/build/smart_hospital_control/build --no-deps symlink_data
[2.284s] running develop
[2.454s] running egg_info
[2.454s] creating smart_hospital_control.egg-info
[2.454s] writing smart_hospital_control.egg-info/PKG-INFO
[2.454s] writing dependency_links to smart_hospital_control.egg-info/dependency_links.txt
[2.454s] writing entry points to smart_hospital_control.egg-info/entry_points.txt
[2.454s] writing requirements to smart_hospital_control.egg-info/requires.txt
[2.454s] writing top-level names to smart_hospital_control.egg-info/top_level.txt
[2.454s] writing manifest file 'smart_hospital_control.egg-info/SOURCES.txt'
[2.457s] reading manifest file 'smart_hospital_control.egg-info/SOURCES.txt'
[2.457s] writing manifest file 'smart_hospital_control.egg-info/SOURCES.txt'
[2.463s] running build_ext
[2.463s] Creating /home/jinshim/darkhorse/install/smart_hospital_control/lib/python3.10/site-packages/smart-hospital-control.egg-link (link to .)
[2.463s] Installing patient_ui script to /home/jinshim/darkhorse/install/smart_hospital_control/lib/smart_hospital_control
[2.463s] 
[2.463s] Installed /home/jinshim/darkhorse/build/smart_hospital_control
[2.464s] running symlink_data
[2.464s] creating /home/jinshim/darkhorse/install/smart_hospital_control/share/ament_index
[2.464s] creating /home/jinshim/darkhorse/install/smart_hospital_control/share/ament_index/resource_index
[2.464s] creating /home/jinshim/darkhorse/install/smart_hospital_control/share/ament_index/resource_index/packages
[2.464s] symbolically linking /home/jinshim/darkhorse/build/smart_hospital_control/resource/smart_hospital_control -> /home/jinshim/darkhorse/install/smart_hospital_control/share/ament_index/resource_index/packages
[2.464s] symbolically linking /home/jinshim/darkhorse/build/smart_hospital_control/package.xml -> /home/jinshim/darkhorse/install/smart_hospital_control/share/smart_hospital_control
[2.489s] Invoked command in '/home/jinshim/darkhorse/build/smart_hospital_control' returned '0': PYTHONPATH=/home/jinshim/darkhorse/build/smart_hospital_control/prefix_override:/usr/lib/python3/dist-packages/colcon_core/task/python/colcon_distutils_commands:/home/jinshim/darkhorse/install/smart_hospital_control/lib/python3.10/site-packages:${PYTHONPATH} /usr/bin/python3 -W ignore:setup.py install is deprecated -W ignore:easy_install command is deprecated setup.py develop --editable --build-directory /home/jinshim/darkhorse/build/smart_hospital_control/build --no-deps symlink_data
