running develop
running egg_info
creating limo_tts.egg-info
writing limo_tts.egg-info/PKG-INFO
writing dependency_links to limo_tts.egg-info/dependency_links.txt
writing entry points to limo_tts.egg-info/entry_points.txt
writing requirements to limo_tts.egg-info/requires.txt
writing top-level names to limo_tts.egg-info/top_level.txt
writing manifest file 'limo_tts.egg-info/SOURCES.txt'
reading manifest file 'limo_tts.egg-info/SOURCES.txt'
writing manifest file 'limo_tts.egg-info/SOURCES.txt'
running build_ext
Creating /home/jinshim/darkhorse/install/limo_tts/lib/python3.10/site-packages/limo-tts.egg-link (link to .)
Installing limo_tts script to /home/jinshim/darkhorse/install/limo_tts/lib/limo_tts

Installed /home/jinshim/darkhorse/build/limo_tts
running symlink_data
creating /home/jinshim/darkhorse/install/limo_tts/share/ament_index
creating /home/jinshim/darkhorse/install/limo_tts/share/ament_index/resource_index
creating /home/jinshim/darkhorse/install/limo_tts/share/ament_index/resource_index/packages
symbolically linking /home/jinshim/darkhorse/build/limo_tts/resource/limo_tts -> /home/jinshim/darkhorse/install/limo_tts/share/ament_index/resource_index/packages
symbolically linking /home/jinshim/darkhorse/build/limo_tts/package.xml -> /home/jinshim/darkhorse/install/limo_tts/share/limo_tts
