[0.387s] Invoking command in '/home/jinshim/darkhorse/build/limo_tts': PYTHONPATH=/home/jinshim/darkhorse/build/limo_tts/prefix_override:/usr/lib/python3/dist-packages/colcon_core/task/python/colcon_distutils_commands:/home/jinshim/darkhorse/install/limo_tts/lib/python3.10/site-packages:${PYTHONPATH} /usr/bin/python3 -W ignore:setup.py install is deprecated -W ignore:easy_install command is deprecated setup.py develop --editable --build-directory /home/jinshim/darkhorse/build/limo_tts/build --no-deps symlink_data
[0.556s] running develop
[0.676s] running egg_info
[0.676s] creating limo_tts.egg-info
[0.677s] writing limo_tts.egg-info/PKG-INFO
[0.677s] writing dependency_links to limo_tts.egg-info/dependency_links.txt
[0.677s] writing entry points to limo_tts.egg-info/entry_points.txt
[0.677s] writing requirements to limo_tts.egg-info/requires.txt
[0.677s] writing top-level names to limo_tts.egg-info/top_level.txt
[0.677s] writing manifest file 'limo_tts.egg-info/SOURCES.txt'
[0.678s] reading manifest file 'limo_tts.egg-info/SOURCES.txt'
[0.678s] writing manifest file 'limo_tts.egg-info/SOURCES.txt'
[0.679s] running build_ext
[0.679s] Creating /home/jinshim/darkhorse/install/limo_tts/lib/python3.10/site-packages/limo-tts.egg-link (link to .)
[0.680s] Installing limo_tts script to /home/jinshim/darkhorse/install/limo_tts/lib/limo_tts
[0.680s] 
[0.680s] Installed /home/jinshim/darkhorse/build/limo_tts
[0.680s] running symlink_data
[0.680s] creating /home/jinshim/darkhorse/install/limo_tts/share/ament_index
[0.680s] creating /home/jinshim/darkhorse/install/limo_tts/share/ament_index/resource_index
[0.680s] creating /home/jinshim/darkhorse/install/limo_tts/share/ament_index/resource_index/packages
[0.680s] symbolically linking /home/jinshim/darkhorse/build/limo_tts/resource/limo_tts -> /home/jinshim/darkhorse/install/limo_tts/share/ament_index/resource_index/packages
[0.680s] symbolically linking /home/jinshim/darkhorse/build/limo_tts/package.xml -> /home/jinshim/darkhorse/install/limo_tts/share/limo_tts
[0.700s] Invoked command in '/home/jinshim/darkhorse/build/limo_tts' returned '0': PYTHONPATH=/home/jinshim/darkhorse/build/limo_tts/prefix_override:/usr/lib/python3/dist-packages/colcon_core/task/python/colcon_distutils_commands:/home/jinshim/darkhorse/install/limo_tts/lib/python3.10/site-packages:${PYTHONPATH} /usr/bin/python3 -W ignore:setup.py install is deprecated -W ignore:easy_install command is deprecated setup.py develop --editable --build-directory /home/jinshim/darkhorse/build/limo_tts/build --no-deps symlink_data
