running develop
Removing /home/flynn/darkhorse/install/my_bringup/lib/python3.10/site-packages/my-bringup.egg-link (link to .)
running egg_info
writing ../../build/my_bringup/my_bringup.egg-info/PKG-INFO
writing dependency_links to ../../build/my_bringup/my_bringup.egg-info/dependency_links.txt
writing entry points to ../../build/my_bringup/my_bringup.egg-info/entry_points.txt
writing requirements to ../../build/my_bringup/my_bringup.egg-info/requires.txt
writing top-level names to ../../build/my_bringup/my_bringup.egg-info/top_level.txt
reading manifest file '../../build/my_bringup/my_bringup.egg-info/SOURCES.txt'
writing manifest file '../../build/my_bringup/my_bringup.egg-info/SOURCES.txt'
running build
running build_py
creating /home/flynn/darkhorse/build/my_bringup/build
creating /home/flynn/darkhorse/build/my_bringup/build/lib
creating /home/flynn/darkhorse/build/my_bringup/build/lib/my_bringup
copying my_bringup/__init__.py -> /home/flynn/darkhorse/build/my_bringup/build/lib/my_bringup
running install
running install_lib
creating /home/flynn/darkhorse/install/my_bringup/lib/python3.10/site-packages/my_bringup
copying /home/flynn/darkhorse/build/my_bringup/build/lib/my_bringup/__init__.py -> /home/flynn/darkhorse/install/my_bringup/lib/python3.10/site-packages/my_bringup
byte-compiling /home/flynn/darkhorse/install/my_bringup/lib/python3.10/site-packages/my_bringup/__init__.py to __init__.cpython-310.pyc
running install_data
copying resource/my_bringup -> /home/flynn/darkhorse/install/my_bringup/share/ament_index/resource_index/packages
copying package.xml -> /home/flynn/darkhorse/install/my_bringup/share/my_bringup
copying launch/system.launch.py -> /home/flynn/darkhorse/install/my_bringup/share/my_bringup/launch
running install_egg_info
Copying ../../build/my_bringup/my_bringup.egg-info to /home/flynn/darkhorse/install/my_bringup/lib/python3.10/site-packages/my_bringup-0.0.0-py3.10.egg-info
running install_scripts
writing list of installed files to '/home/flynn/darkhorse/build/my_bringup/install.log'
