[1.175s] Invoking command in '/home/flynn/darkhorse/build/my_bringup': PYTHONPATH=/home/flynn/darkhorse/build/my_bringup/prefix_override:/usr/lib/python3/dist-packages/colcon_core/task/python/colcon_distutils_commands:/home/flynn/darkhorse/install/my_bringup/lib/python3.10/site-packages:${PYTHONPATH} /usr/bin/python3 -W ignore:setup.py install is deprecated -W ignore:easy_install command is deprecated setup.py develop --uninstall --editable --build-directory /home/flynn/darkhorse/build/my_bringup/build
[1.361s] running develop
[1.468s] Removing /home/flynn/darkhorse/install/my_bringup/lib/python3.10/site-packages/my-bringup.egg-link (link to .)
[1.488s] Invoked command in '/home/flynn/darkhorse/build/my_bringup' returned '0': PYTHONPATH=/home/flynn/darkhorse/build/my_bringup/prefix_override:/usr/lib/python3/dist-packages/colcon_core/task/python/colcon_distutils_commands:/home/flynn/darkhorse/install/my_bringup/lib/python3.10/site-packages:${PYTHONPATH} /usr/bin/python3 -W ignore:setup.py install is deprecated -W ignore:easy_install command is deprecated setup.py develop --uninstall --editable --build-directory /home/flynn/darkhorse/build/my_bringup/build
[1.489s] Invoking command in '/home/flynn/darkhorse/src/my_bringup': PYTHONPATH=/home/flynn/darkhorse/build/my_bringup/prefix_override:/usr/lib/python3/dist-packages/colcon_core/task/python/colcon_distutils_commands:/home/flynn/darkhorse/install/my_bringup/lib/python3.10/site-packages:${PYTHONPATH} /usr/bin/python3 -W ignore:setup.py install is deprecated -W ignore:easy_install command is deprecated setup.py egg_info --egg-base ../../build/my_bringup build --build-base /home/flynn/darkhorse/build/my_bringup/build install --record /home/flynn/darkhorse/build/my_bringup/install.log --single-version-externally-managed install_data --force
[1.650s] running egg_info
[1.650s] writing ../../build/my_bringup/my_bringup.egg-info/PKG-INFO
[1.650s] writing dependency_links to ../../build/my_bringup/my_bringup.egg-info/dependency_links.txt
[1.650s] writing entry points to ../../build/my_bringup/my_bringup.egg-info/entry_points.txt
[1.650s] writing requirements to ../../build/my_bringup/my_bringup.egg-info/requires.txt
[1.650s] writing top-level names to ../../build/my_bringup/my_bringup.egg-info/top_level.txt
[1.652s] reading manifest file '../../build/my_bringup/my_bringup.egg-info/SOURCES.txt'
[1.652s] writing manifest file '../../build/my_bringup/my_bringup.egg-info/SOURCES.txt'
[1.652s] running build
[1.653s] running build_py
[1.653s] creating /home/flynn/darkhorse/build/my_bringup/build
[1.653s] creating /home/flynn/darkhorse/build/my_bringup/build/lib
[1.653s] creating /home/flynn/darkhorse/build/my_bringup/build/lib/my_bringup
[1.653s] copying my_bringup/__init__.py -> /home/flynn/darkhorse/build/my_bringup/build/lib/my_bringup
[1.653s] running install
[1.653s] running install_lib
[1.653s] creating /home/flynn/darkhorse/install/my_bringup/lib/python3.10/site-packages/my_bringup
[1.653s] copying /home/flynn/darkhorse/build/my_bringup/build/lib/my_bringup/__init__.py -> /home/flynn/darkhorse/install/my_bringup/lib/python3.10/site-packages/my_bringup
[1.654s] byte-compiling /home/flynn/darkhorse/install/my_bringup/lib/python3.10/site-packages/my_bringup/__init__.py to __init__.cpython-310.pyc
[1.654s] running install_data
[1.654s] copying resource/my_bringup -> /home/flynn/darkhorse/install/my_bringup/share/ament_index/resource_index/packages
[1.654s] copying package.xml -> /home/flynn/darkhorse/install/my_bringup/share/my_bringup
[1.654s] copying launch/system.launch.py -> /home/flynn/darkhorse/install/my_bringup/share/my_bringup/launch
[1.654s] running install_egg_info
[1.655s] Copying ../../build/my_bringup/my_bringup.egg-info to /home/flynn/darkhorse/install/my_bringup/lib/python3.10/site-packages/my_bringup-0.0.0-py3.10.egg-info
[1.656s] running install_scripts
[1.670s] writing list of installed files to '/home/flynn/darkhorse/build/my_bringup/install.log'
[1.687s] Invoked command in '/home/flynn/darkhorse/src/my_bringup' returned '0': PYTHONPATH=/home/flynn/darkhorse/build/my_bringup/prefix_override:/usr/lib/python3/dist-packages/colcon_core/task/python/colcon_distutils_commands:/home/flynn/darkhorse/install/my_bringup/lib/python3.10/site-packages:${PYTHONPATH} /usr/bin/python3 -W ignore:setup.py install is deprecated -W ignore:easy_install command is deprecated setup.py egg_info --egg-base ../../build/my_bringup build --build-base /home/flynn/darkhorse/build/my_bringup/build install --record /home/flynn/darkhorse/build/my_bringup/install.log --single-version-externally-managed install_data --force
