running egg_info
creating ../../build/smart_dispatcher/smart_dispatcher.egg-info
writing ../../build/smart_dispatcher/smart_dispatcher.egg-info/PKG-INFO
writing dependency_links to ../../build/smart_dispatcher/smart_dispatcher.egg-info/dependency_links.txt
writing entry points to ../../build/smart_dispatcher/smart_dispatcher.egg-info/entry_points.txt
writing requirements to ../../build/smart_dispatcher/smart_dispatcher.egg-info/requires.txt
writing top-level names to ../../build/smart_dispatcher/smart_dispatcher.egg-info/top_level.txt
writing manifest file '../../build/smart_dispatcher/smart_dispatcher.egg-info/SOURCES.txt'
reading manifest file '../../build/smart_dispatcher/smart_dispatcher.egg-info/SOURCES.txt'
writing manifest file '../../build/smart_dispatcher/smart_dispatcher.egg-info/SOURCES.txt'
running build
running build_py
creating /home/flynn/darkhorse/build/smart_dispatcher/build
creating /home/flynn/darkhorse/build/smart_dispatcher/build/lib
creating /home/flynn/darkhorse/build/smart_dispatcher/build/lib/smart_dispatcher
copying smart_dispatcher/__init__.py -> /home/flynn/darkhorse/build/smart_dispatcher/build/lib/smart_dispatcher
copying smart_dispatcher/dispatcher_node.py -> /home/flynn/darkhorse/build/smart_dispatcher/build/lib/smart_dispatcher
running install
running install_lib
creating /home/flynn/darkhorse/install/smart_dispatcher/lib/python3.10/site-packages/smart_dispatcher
copying /home/flynn/darkhorse/build/smart_dispatcher/build/lib/smart_dispatcher/__init__.py -> /home/flynn/darkhorse/install/smart_dispatcher/lib/python3.10/site-packages/smart_dispatcher
copying /home/flynn/darkhorse/build/smart_dispatcher/build/lib/smart_dispatcher/dispatcher_node.py -> /home/flynn/darkhorse/install/smart_dispatcher/lib/python3.10/site-packages/smart_dispatcher
byte-compiling /home/flynn/darkhorse/install/smart_dispatcher/lib/python3.10/site-packages/smart_dispatcher/__init__.py to __init__.cpython-310.pyc
byte-compiling /home/flynn/darkhorse/install/smart_dispatcher/lib/python3.10/site-packages/smart_dispatcher/dispatcher_node.py to dispatcher_node.cpython-310.pyc
running install_data
creating /home/flynn/darkhorse/install/smart_dispatcher/share/ament_index
creating /home/flynn/darkhorse/install/smart_dispatcher/share/ament_index/resource_index
creating /home/flynn/darkhorse/install/smart_dispatcher/share/ament_index/resource_index/packages
copying resource/smart_dispatcher -> /home/flynn/darkhorse/install/smart_dispatcher/share/ament_index/resource_index/packages
copying package.xml -> /home/flynn/darkhorse/install/smart_dispatcher/share/smart_dispatcher
running install_egg_info
Copying ../../build/smart_dispatcher/smart_dispatcher.egg-info to /home/flynn/darkhorse/install/smart_dispatcher/lib/python3.10/site-packages/smart_dispatcher-0.0.0-py3.10.egg-info
running install_scripts
writing list of installed files to '/home/flynn/darkhorse/build/smart_dispatcher/install.log'
