[1.163s] Invoking command in '/home/flynn/darkhorse/src/smart_dispatcher': PYTHONPATH=/home/flynn/darkhorse/build/smart_dispatcher/prefix_override:/usr/lib/python3/dist-packages/colcon_core/task/python/colcon_distutils_commands:/home/flynn/darkhorse/install/smart_dispatcher/lib/python3.10/site-packages:${PYTHONPATH} /usr/bin/python3 -W ignore:setup.py install is deprecated -W ignore:easy_install command is deprecated setup.py egg_info --egg-base ../../build/smart_dispatcher build --build-base /home/flynn/darkhorse/build/smart_dispatcher/build install --record /home/flynn/darkhorse/build/smart_dispatcher/install.log --single-version-externally-managed install_data
[1.334s] running egg_info
[1.334s] creating ../../build/smart_dispatcher/smart_dispatcher.egg-info
[1.334s] writing ../../build/smart_dispatcher/smart_dispatcher.egg-info/PKG-INFO
[1.335s] writing dependency_links to ../../build/smart_dispatcher/smart_dispatcher.egg-info/dependency_links.txt
[1.335s] writing entry points to ../../build/smart_dispatcher/smart_dispatcher.egg-info/entry_points.txt
[1.335s] writing requirements to ../../build/smart_dispatcher/smart_dispatcher.egg-info/requires.txt
[1.335s] writing top-level names to ../../build/smart_dispatcher/smart_dispatcher.egg-info/top_level.txt
[1.335s] writing manifest file '../../build/smart_dispatcher/smart_dispatcher.egg-info/SOURCES.txt'
[1.336s] reading manifest file '../../build/smart_dispatcher/smart_dispatcher.egg-info/SOURCES.txt'
[1.336s] writing manifest file '../../build/smart_dispatcher/smart_dispatcher.egg-info/SOURCES.txt'
[1.336s] running build
[1.336s] running build_py
[1.336s] creating /home/flynn/darkhorse/build/smart_dispatcher/build
[1.336s] creating /home/flynn/darkhorse/build/smart_dispatcher/build/lib
[1.336s] creating /home/flynn/darkhorse/build/smart_dispatcher/build/lib/smart_dispatcher
[1.336s] copying smart_dispatcher/__init__.py -> /home/flynn/darkhorse/build/smart_dispatcher/build/lib/smart_dispatcher
[1.337s] copying smart_dispatcher/dispatcher_node.py -> /home/flynn/darkhorse/build/smart_dispatcher/build/lib/smart_dispatcher
[1.337s] running install
[1.337s] running install_lib
[1.338s] creating /home/flynn/darkhorse/install/smart_dispatcher/lib/python3.10/site-packages/smart_dispatcher
[1.338s] copying /home/flynn/darkhorse/build/smart_dispatcher/build/lib/smart_dispatcher/__init__.py -> /home/flynn/darkhorse/install/smart_dispatcher/lib/python3.10/site-packages/smart_dispatcher
[1.338s] copying /home/flynn/darkhorse/build/smart_dispatcher/build/lib/smart_dispatcher/dispatcher_node.py -> /home/flynn/darkhorse/install/smart_dispatcher/lib/python3.10/site-packages/smart_dispatcher
[1.338s] byte-compiling /home/flynn/darkhorse/install/smart_dispatcher/lib/python3.10/site-packages/smart_dispatcher/__init__.py to __init__.cpython-310.pyc
[1.338s] byte-compiling /home/flynn/darkhorse/install/smart_dispatcher/lib/python3.10/site-packages/smart_dispatcher/dispatcher_node.py to dispatcher_node.cpython-310.pyc
[1.339s] running install_data
[1.339s] creating /home/flynn/darkhorse/install/smart_dispatcher/share/ament_index
[1.339s] creating /home/flynn/darkhorse/install/smart_dispatcher/share/ament_index/resource_index
[1.339s] creating /home/flynn/darkhorse/install/smart_dispatcher/share/ament_index/resource_index/packages
[1.339s] copying resource/smart_dispatcher -> /home/flynn/darkhorse/install/smart_dispatcher/share/ament_index/resource_index/packages
[1.339s] copying package.xml -> /home/flynn/darkhorse/install/smart_dispatcher/share/smart_dispatcher
[1.339s] running install_egg_info
[1.341s] Copying ../../build/smart_dispatcher/smart_dispatcher.egg-info to /home/flynn/darkhorse/install/smart_dispatcher/lib/python3.10/site-packages/smart_dispatcher-0.0.0-py3.10.egg-info
[1.341s] running install_scripts
[1.358s] writing list of installed files to '/home/flynn/darkhorse/build/smart_dispatcher/install.log'
[1.374s] Invoked command in '/home/flynn/darkhorse/src/smart_dispatcher' returned '0': PYTHONPATH=/home/flynn/darkhorse/build/smart_dispatcher/prefix_override:/usr/lib/python3/dist-packages/colcon_core/task/python/colcon_distutils_commands:/home/flynn/darkhorse/install/smart_dispatcher/lib/python3.10/site-packages:${PYTHONPATH} /usr/bin/python3 -W ignore:setup.py install is deprecated -W ignore:easy_install command is deprecated setup.py egg_info --egg-base ../../build/smart_dispatcher build --build-base /home/flynn/darkhorse/build/smart_dispatcher/build install --record /home/flynn/darkhorse/build/smart_dispatcher/install.log --single-version-externally-managed install_data
