running develop
Removing /home/flynn/darkhorse/install/doctor_gui/lib/python3.10/site-packages/doctor-gui.egg-link (link to .)
running egg_info
writing ../../build/doctor_gui/doctor_gui.egg-info/PKG-INFO
writing dependency_links to ../../build/doctor_gui/doctor_gui.egg-info/dependency_links.txt
writing entry points to ../../build/doctor_gui/doctor_gui.egg-info/entry_points.txt
writing requirements to ../../build/doctor_gui/doctor_gui.egg-info/requires.txt
writing top-level names to ../../build/doctor_gui/doctor_gui.egg-info/top_level.txt
reading manifest file '../../build/doctor_gui/doctor_gui.egg-info/SOURCES.txt'
writing manifest file '../../build/doctor_gui/doctor_gui.egg-info/SOURCES.txt'
running build
running build_py
creating /home/flynn/darkhorse/build/doctor_gui/build
creating /home/flynn/darkhorse/build/doctor_gui/build/lib
creating /home/flynn/darkhorse/build/doctor_gui/build/lib/doctor_gui
copying doctor_gui/__init__.py -> /home/flynn/darkhorse/build/doctor_gui/build/lib/doctor_gui
copying doctor_gui/doctor_node.py -> /home/flynn/darkhorse/build/doctor_gui/build/lib/doctor_gui
running install
running install_lib
creating /home/flynn/darkhorse/install/doctor_gui/lib/python3.10/site-packages/doctor_gui
copying /home/flynn/darkhorse/build/doctor_gui/build/lib/doctor_gui/__init__.py -> /home/flynn/darkhorse/install/doctor_gui/lib/python3.10/site-packages/doctor_gui
copying /home/flynn/darkhorse/build/doctor_gui/build/lib/doctor_gui/doctor_node.py -> /home/flynn/darkhorse/install/doctor_gui/lib/python3.10/site-packages/doctor_gui
byte-compiling /home/flynn/darkhorse/install/doctor_gui/lib/python3.10/site-packages/doctor_gui/__init__.py to __init__.cpython-310.pyc
byte-compiling /home/flynn/darkhorse/install/doctor_gui/lib/python3.10/site-packages/doctor_gui/doctor_node.py to doctor_node.cpython-310.pyc
running install_data
copying resource/doctor_gui -> /home/flynn/darkhorse/install/doctor_gui/share/ament_index/resource_index/packages
copying package.xml -> /home/flynn/darkhorse/install/doctor_gui/share/doctor_gui
running install_egg_info
Copying ../../build/doctor_gui/doctor_gui.egg-info to /home/flynn/darkhorse/install/doctor_gui/lib/python3.10/site-packages/doctor_gui-0.0.0-py3.10.egg-info
running install_scripts
Installing doctor_ui script to /home/flynn/darkhorse/install/doctor_gui/lib/doctor_gui
writing list of installed files to '/home/flynn/darkhorse/build/doctor_gui/install.log'
