[1.180s] Invoking command in '/home/flynn/darkhorse/build/doctor_gui': PYTHONPATH=/home/flynn/darkhorse/build/doctor_gui/prefix_override:/usr/lib/python3/dist-packages/colcon_core/task/python/colcon_distutils_commands:/home/flynn/darkhorse/install/doctor_gui/lib/python3.10/site-packages:${PYTHONPATH} /usr/bin/python3 -W ignore:setup.py install is deprecated -W ignore:easy_install command is deprecated setup.py develop --uninstall --editable --build-directory /home/flynn/darkhorse/build/doctor_gui/build
[1.366s] running develop
[1.474s] Removing /home/flynn/darkhorse/install/doctor_gui/lib/python3.10/site-packages/doctor-gui.egg-link (link to .)
[1.493s] Invoked command in '/home/flynn/darkhorse/build/doctor_gui' returned '0': PYTHONPATH=/home/flynn/darkhorse/build/doctor_gui/prefix_override:/usr/lib/python3/dist-packages/colcon_core/task/python/colcon_distutils_commands:/home/flynn/darkhorse/install/doctor_gui/lib/python3.10/site-packages:${PYTHONPATH} /usr/bin/python3 -W ignore:setup.py install is deprecated -W ignore:easy_install command is deprecated setup.py develop --uninstall --editable --build-directory /home/flynn/darkhorse/build/doctor_gui/build
[1.495s] Invoking command in '/home/flynn/darkhorse/src/doctor_gui': PYTHONPATH=/home/flynn/darkhorse/build/doctor_gui/prefix_override:/usr/lib/python3/dist-packages/colcon_core/task/python/colcon_distutils_commands:/home/flynn/darkhorse/install/doctor_gui/lib/python3.10/site-packages:${PYTHONPATH} /usr/bin/python3 -W ignore:setup.py install is deprecated -W ignore:easy_install command is deprecated setup.py egg_info --egg-base ../../build/doctor_gui build --build-base /home/flynn/darkhorse/build/doctor_gui/build install --record /home/flynn/darkhorse/build/doctor_gui/install.log --single-version-externally-managed install_data --force
[1.657s] running egg_info
[1.657s] writing ../../build/doctor_gui/doctor_gui.egg-info/PKG-INFO
[1.658s] writing dependency_links to ../../build/doctor_gui/doctor_gui.egg-info/dependency_links.txt
[1.658s] writing entry points to ../../build/doctor_gui/doctor_gui.egg-info/entry_points.txt
[1.658s] writing requirements to ../../build/doctor_gui/doctor_gui.egg-info/requires.txt
[1.658s] writing top-level names to ../../build/doctor_gui/doctor_gui.egg-info/top_level.txt
[1.659s] reading manifest file '../../build/doctor_gui/doctor_gui.egg-info/SOURCES.txt'
[1.659s] writing manifest file '../../build/doctor_gui/doctor_gui.egg-info/SOURCES.txt'
[1.659s] running build
[1.659s] running build_py
[1.659s] creating /home/flynn/darkhorse/build/doctor_gui/build
[1.660s] creating /home/flynn/darkhorse/build/doctor_gui/build/lib
[1.660s] creating /home/flynn/darkhorse/build/doctor_gui/build/lib/doctor_gui
[1.660s] copying doctor_gui/__init__.py -> /home/flynn/darkhorse/build/doctor_gui/build/lib/doctor_gui
[1.660s] copying doctor_gui/doctor_node.py -> /home/flynn/darkhorse/build/doctor_gui/build/lib/doctor_gui
[1.660s] running install
[1.660s] running install_lib
[1.661s] creating /home/flynn/darkhorse/install/doctor_gui/lib/python3.10/site-packages/doctor_gui
[1.661s] copying /home/flynn/darkhorse/build/doctor_gui/build/lib/doctor_gui/__init__.py -> /home/flynn/darkhorse/install/doctor_gui/lib/python3.10/site-packages/doctor_gui
[1.661s] copying /home/flynn/darkhorse/build/doctor_gui/build/lib/doctor_gui/doctor_node.py -> /home/flynn/darkhorse/install/doctor_gui/lib/python3.10/site-packages/doctor_gui
[1.662s] byte-compiling /home/flynn/darkhorse/install/doctor_gui/lib/python3.10/site-packages/doctor_gui/__init__.py to __init__.cpython-310.pyc
[1.662s] byte-compiling /home/flynn/darkhorse/install/doctor_gui/lib/python3.10/site-packages/doctor_gui/doctor_node.py to doctor_node.cpython-310.pyc
[1.662s] running install_data
[1.662s] copying resource/doctor_gui -> /home/flynn/darkhorse/install/doctor_gui/share/ament_index/resource_index/packages
[1.662s] copying package.xml -> /home/flynn/darkhorse/install/doctor_gui/share/doctor_gui
[1.662s] running install_egg_info
[1.663s] Copying ../../build/doctor_gui/doctor_gui.egg-info to /home/flynn/darkhorse/install/doctor_gui/lib/python3.10/site-packages/doctor_gui-0.0.0-py3.10.egg-info
[1.664s] running install_scripts
[1.679s] Installing doctor_ui script to /home/flynn/darkhorse/install/doctor_gui/lib/doctor_gui
[1.679s] writing list of installed files to '/home/flynn/darkhorse/build/doctor_gui/install.log'
[1.700s] Invoked command in '/home/flynn/darkhorse/src/doctor_gui' returned '0': PYTHONPATH=/home/flynn/darkhorse/build/doctor_gui/prefix_override:/usr/lib/python3/dist-packages/colcon_core/task/python/colcon_distutils_commands:/home/flynn/darkhorse/install/doctor_gui/lib/python3.10/site-packages:${PYTHONPATH} /usr/bin/python3 -W ignore:setup.py install is deprecated -W ignore:easy_install command is deprecated setup.py egg_info --egg-base ../../build/doctor_gui build --build-base /home/flynn/darkhorse/build/doctor_gui/build install --record /home/flynn/darkhorse/build/doctor_gui/install.log --single-version-externally-managed install_data --force
