[2.023s] Invoking command in '/home/jinshim/darkhorse/build/form_start_trigger': PYTHONPATH=/home/jinshim/darkhorse/build/form_start_trigger/prefix_override:/usr/lib/python3/dist-packages/colcon_core/task/python/colcon_distutils_commands:/home/jinshim/darkhorse/install/form_start_trigger/lib/python3.10/site-packages:${PYTHONPATH} /usr/bin/python3 -W ignore:setup.py install is deprecated -W ignore:easy_install command is deprecated setup.py develop --editable --build-directory /home/jinshim/darkhorse/build/form_start_trigger/build --no-deps symlink_data
[2.404s] running develop
[2.629s] running egg_info
[2.630s] creating form_start_trigger.egg-info
[2.630s] writing form_start_trigger.egg-info/PKG-INFO
[2.630s] writing dependency_links to form_start_trigger.egg-info/dependency_links.txt
[2.630s] writing entry points to form_start_trigger.egg-info/entry_points.txt
[2.630s] writing requirements to form_start_trigger.egg-info/requires.txt
[2.630s] writing top-level names to form_start_trigger.egg-info/top_level.txt
[2.630s] writing manifest file 'form_start_trigger.egg-info/SOURCES.txt'
[2.632s] reading manifest file 'form_start_trigger.egg-info/SOURCES.txt'
[2.632s] writing manifest file 'form_start_trigger.egg-info/SOURCES.txt'
[2.633s] running build_ext
[2.634s] Creating /home/jinshim/darkhorse/install/form_start_trigger/lib/python3.10/site-packages/form-start-trigger.egg-link (link to .)
[2.634s] Installing start_limo_node script to /home/jinshim/darkhorse/install/form_start_trigger/lib/form_start_trigger
[2.634s] Installing system_start_receiver_node script to /home/jinshim/darkhorse/install/form_start_trigger/lib/form_start_trigger
[2.635s] Installing webhook_node script to /home/jinshim/darkhorse/install/form_start_trigger/lib/form_start_trigger
[2.635s] 
[2.635s] Installed /home/jinshim/darkhorse/build/form_start_trigger
[2.635s] running symlink_data
[2.635s] creating /home/jinshim/darkhorse/install/form_start_trigger/share/ament_index
[2.635s] creating /home/jinshim/darkhorse/install/form_start_trigger/share/ament_index/resource_index
[2.635s] creating /home/jinshim/darkhorse/install/form_start_trigger/share/ament_index/resource_index/packages
[2.635s] symbolically linking /home/jinshim/darkhorse/build/form_start_trigger/resource/form_start_trigger -> /home/jinshim/darkhorse/install/form_start_trigger/share/ament_index/resource_index/packages
[2.635s] symbolically linking /home/jinshim/darkhorse/build/form_start_trigger/package.xml -> /home/jinshim/darkhorse/install/form_start_trigger/share/form_start_trigger
[2.663s] Invoked command in '/home/jinshim/darkhorse/build/form_start_trigger' returned '0': PYTHONPATH=/home/jinshim/darkhorse/build/form_start_trigger/prefix_override:/usr/lib/python3/dist-packages/colcon_core/task/python/colcon_distutils_commands:/home/jinshim/darkhorse/install/form_start_trigger/lib/python3.10/site-packages:${PYTHONPATH} /usr/bin/python3 -W ignore:setup.py install is deprecated -W ignore:easy_install command is deprecated setup.py develop --editable --build-directory /home/jinshim/darkhorse/build/form_start_trigger/build --no-deps symlink_data
