[0.426s] Invoking command in '/home/flynn/darkhorse/src/smart_dispatcher': PYTHONPATH=/home/flynn/darkhorse/build/smart_dispatcher/prefix_override:/usr/lib/python3/dist-packages/colcon_core/task/python/colcon_distutils_commands:/home/flynn/darkhorse/install/smart_dispatcher/lib/python3.10/site-packages:${PYTHONPATH} /usr/bin/python3 -W ignore:setup.py install is deprecated -W ignore:easy_install command is deprecated setup.py egg_info --egg-base ../../build/smart_dispatcher build --build-base /home/flynn/darkhorse/build/smart_dispatcher/build install --record /home/flynn/darkhorse/build/smart_dispatcher/install.log --single-version-externally-managed install_data
[0.590s] running egg_info
[0.590s] writing ../../build/smart_dispatcher/smart_dispatcher.egg-info/PKG-INFO
[0.590s] writing dependency_links to ../../build/smart_dispatcher/smart_dispatcher.egg-info/dependency_links.txt
[0.590s] writing entry points to ../../build/smart_dispatcher/smart_dispatcher.egg-info/entry_points.txt
[0.590s] writing requirements to ../../build/smart_dispatcher/smart_dispatcher.egg-info/requires.txt
[0.591s] writing top-level names to ../../build/smart_dispatcher/smart_dispatcher.egg-info/top_level.txt
[0.591s] reading manifest file '../../build/smart_dispatcher/smart_dispatcher.egg-info/SOURCES.txt'
[0.592s] writing manifest file '../../build/smart_dispatcher/smart_dispatcher.egg-info/SOURCES.txt'
[0.592s] running build
[0.592s] running build_py
[0.592s] running install
[0.592s] running install_lib
[0.593s] running install_data
[0.593s] running install_egg_info
[0.594s] removing '/home/flynn/darkhorse/install/smart_dispatcher/lib/python3.10/site-packages/smart_dispatcher-0.0.0-py3.10.egg-info' (and everything under it)
[0.594s] Copying ../../build/smart_dispatcher/smart_dispatcher.egg-info to /home/flynn/darkhorse/install/smart_dispatcher/lib/python3.10/site-packages/smart_dispatcher-0.0.0-py3.10.egg-info
[0.595s] running install_scripts
[0.609s] writing list of installed files to '/home/flynn/darkhorse/build/smart_dispatcher/install.log'
[0.623s] Invoked command in '/home/flynn/darkhorse/src/smart_dispatcher' returned '0': PYTHONPATH=/home/flynn/darkhorse/build/smart_dispatcher/prefix_override:/usr/lib/python3/dist-packages/colcon_core/task/python/colcon_distutils_commands:/home/flynn/darkhorse/install/smart_dispatcher/lib/python3.10/site-packages:${PYTHONPATH} /usr/bin/python3 -W ignore:setup.py install is deprecated -W ignore:easy_install command is deprecated setup.py egg_info --egg-base ../../build/smart_dispatcher build --build-base /home/flynn/darkhorse/build/smart_dispatcher/build install --record /home/flynn/darkhorse/build/smart_dispatcher/install.log --single-version-externally-managed install_data
