running develop
running egg_info
creating hospital_setup.egg-info
writing hospital_setup.egg-info/PKG-INFO
writing dependency_links to hospital_setup.egg-info/dependency_links.txt
writing entry points to hospital_setup.egg-info/entry_points.txt
writing requirements to hospital_setup.egg-info/requires.txt
writing top-level names to hospital_setup.egg-info/top_level.txt
writing manifest file 'hospital_setup.egg-info/SOURCES.txt'
reading manifest file 'hospital_setup.egg-info/SOURCES.txt'
writing manifest file 'hospital_setup.egg-info/SOURCES.txt'
running build_ext
Creating /home/jinshim/darkhorse/install/hospital_setup/lib/python3.10/site-packages/hospital-setup.egg-link (link to .)
Installing configure script to /home/jinshim/darkhorse/install/hospital_setup/lib/hospital_setup

Installed /home/jinshim/darkhorse/build/hospital_setup
running symlink_data
creating /home/jinshim/darkhorse/install/hospital_setup/share/ament_index
creating /home/jinshim/darkhorse/install/hospital_setup/share/ament_index/resource_index
creating /home/jinshim/darkhorse/install/hospital_setup/share/ament_index/resource_index/packages
symbolically linking /home/jinshim/darkhorse/build/hospital_setup/resource/hospital_setup -> /home/jinshim/darkhorse/install/hospital_setup/share/ament_index/resource_index/packages
symbolically linking /home/jinshim/darkhorse/build/hospital_setup/package.xml -> /home/jinshim/darkhorse/install/hospital_setup/share/hospital_setup
