[1.995s] Invoking command in '/home/jinshim/darkhorse/build/hospital_setup': PYTHONPATH=/home/jinshim/darkhorse/build/hospital_setup/prefix_override:/usr/lib/python3/dist-packages/colcon_core/task/python/colcon_distutils_commands:/home/jinshim/darkhorse/install/hospital_setup/lib/python3.10/site-packages:${PYTHONPATH} /usr/bin/python3 -W ignore:setup.py install is deprecated -W ignore:easy_install command is deprecated setup.py develop --editable --build-directory /home/jinshim/darkhorse/build/hospital_setup/build --no-deps symlink_data
[2.385s] running develop
[2.647s] running egg_info
[2.647s] creating hospital_setup.egg-info
[2.647s] writing hospital_setup.egg-info/PKG-INFO
[2.647s] writing dependency_links to hospital_setup.egg-info/dependency_links.txt
[2.648s] writing entry points to hospital_setup.egg-info/entry_points.txt
[2.648s] writing requirements to hospital_setup.egg-info/requires.txt
[2.648s] writing top-level names to hospital_setup.egg-info/top_level.txt
[2.648s] writing manifest file 'hospital_setup.egg-info/SOURCES.txt'
[2.649s] reading manifest file 'hospital_setup.egg-info/SOURCES.txt'
[2.650s] writing manifest file 'hospital_setup.egg-info/SOURCES.txt'
[2.651s] running build_ext
[2.651s] Creating /home/jinshim/darkhorse/install/hospital_setup/lib/python3.10/site-packages/hospital-setup.egg-link (link to .)
[2.652s] Installing configure script to /home/jinshim/darkhorse/install/hospital_setup/lib/hospital_setup
[2.652s] 
[2.652s] Installed /home/jinshim/darkhorse/build/hospital_setup
[2.652s] running symlink_data
[2.652s] creating /home/jinshim/darkhorse/install/hospital_setup/share/ament_index
[2.653s] creating /home/jinshim/darkhorse/install/hospital_setup/share/ament_index/resource_index
[2.653s] creating /home/jinshim/darkhorse/install/hospital_setup/share/ament_index/resource_index/packages
[2.653s] symbolically linking /home/jinshim/darkhorse/build/hospital_setup/resource/hospital_setup -> /home/jinshim/darkhorse/install/hospital_setup/share/ament_index/resource_index/packages
[2.653s] symbolically linking /home/jinshim/darkhorse/build/hospital_setup/package.xml -> /home/jinshim/darkhorse/install/hospital_setup/share/hospital_setup
[2.683s] Invoked command in '/home/jinshim/darkhorse/build/hospital_setup' returned '0': PYTHONPATH=/home/jinshim/darkhorse/build/hospital_setup/prefix_override:/usr/lib/python3/dist-packages/colcon_core/task/python/colcon_distutils_commands:/home/jinshim/darkhorse/install/hospital_setup/lib/python3.10/site-packages:${PYTHONPATH} /usr/bin/python3 -W ignore:setup.py install is deprecated -W ignore:easy_install command is deprecated setup.py develop --editable --build-directory /home/jinshim/darkhorse/build/hospital_setup/build --no-deps symlink_data
