running egg_info
creating ../../build/hospital_setup/hospital_setup.egg-info
writing ../../build/hospital_setup/hospital_setup.egg-info/PKG-INFO
writing dependency_links to ../../build/hospital_setup/hospital_setup.egg-info/dependency_links.txt
writing entry points to ../../build/hospital_setup/hospital_setup.egg-info/entry_points.txt
writing requirements to ../../build/hospital_setup/hospital_setup.egg-info/requires.txt
writing top-level names to ../../build/hospital_setup/hospital_setup.egg-info/top_level.txt
writing manifest file '../../build/hospital_setup/hospital_setup.egg-info/SOURCES.txt'
reading manifest file '../../build/hospital_setup/hospital_setup.egg-info/SOURCES.txt'
writing manifest file '../../build/hospital_setup/hospital_setup.egg-info/SOURCES.txt'
running build
running build_py
creating /home/flynn/darkhorse/build/hospital_setup/build
creating /home/flynn/darkhorse/build/hospital_setup/build/lib
creating /home/flynn/darkhorse/build/hospital_setup/build/lib/hospital_setup
copying hospital_setup/__init__.py -> /home/flynn/darkhorse/build/hospital_setup/build/lib/hospital_setup
copying hospital_setup/setup_node.py -> /home/flynn/darkhorse/build/hospital_setup/build/lib/hospital_setup
running install
running install_lib
creating /home/flynn/darkhorse/install/hospital_setup/lib/python3.10/site-packages/hospital_setup
copying /home/flynn/darkhorse/build/hospital_setup/build/lib/hospital_setup/__init__.py -> /home/flynn/darkhorse/install/hospital_setup/lib/python3.10/site-packages/hospital_setup
copying /home/flynn/darkhorse/build/hospital_setup/build/lib/hospital_setup/setup_node.py -> /home/flynn/darkhorse/install/hospital_setup/lib/python3.10/site-packages/hospital_setup
byte-compiling /home/flynn/darkhorse/install/hospital_setup/lib/python3.10/site-packages/hospital_setup/__init__.py to __init__.cpython-310.pyc
byte-compiling /home/flynn/darkhorse/install/hospital_setup/lib/python3.10/site-packages/hospital_setup/setup_node.py to setup_node.cpython-310.pyc
running install_data
creating /home/flynn/darkhorse/install/hospital_setup/share/ament_index
creating /home/flynn/darkhorse/install/hospital_setup/share/ament_index/resource_index
creating /home/flynn/darkhorse/install/hospital_setup/share/ament_index/resource_index/packages
copying resource/hospital_setup -> /home/flynn/darkhorse/install/hospital_setup/share/ament_index/resource_index/packages
copying package.xml -> /home/flynn/darkhorse/install/hospital_setup/share/hospital_setup
running install_egg_info
Copying ../../build/hospital_setup/hospital_setup.egg-info to /home/flynn/darkhorse/install/hospital_setup/lib/python3.10/site-packages/hospital_setup-0.0.0-py3.10.egg-info
running install_scripts
Installing configure script to /home/flynn/darkhorse/install/hospital_setup/lib/hospital_setup
writing list of installed files to '/home/flynn/darkhorse/build/hospital_setup/install.log'
