[1.177s] Invoking command in '/home/flynn/darkhorse/src/hospital_setup': PYTHONPATH=/home/flynn/darkhorse/build/hospital_setup/prefix_override:/usr/lib/python3/dist-packages/colcon_core/task/python/colcon_distutils_commands:/home/flynn/darkhorse/install/hospital_setup/lib/python3.10/site-packages:${PYTHONPATH} /usr/bin/python3 -W ignore:setup.py install is deprecated -W ignore:easy_install command is deprecated setup.py egg_info --egg-base ../../build/hospital_setup build --build-base /home/flynn/darkhorse/build/hospital_setup/build install --record /home/flynn/darkhorse/build/hospital_setup/install.log --single-version-externally-managed install_data
[1.348s] running egg_info
[1.348s] creating ../../build/hospital_setup/hospital_setup.egg-info
[1.349s] writing ../../build/hospital_setup/hospital_setup.egg-info/PKG-INFO
[1.349s] writing dependency_links to ../../build/hospital_setup/hospital_setup.egg-info/dependency_links.txt
[1.349s] writing entry points to ../../build/hospital_setup/hospital_setup.egg-info/entry_points.txt
[1.349s] writing requirements to ../../build/hospital_setup/hospital_setup.egg-info/requires.txt
[1.349s] writing top-level names to ../../build/hospital_setup/hospital_setup.egg-info/top_level.txt
[1.349s] writing manifest file '../../build/hospital_setup/hospital_setup.egg-info/SOURCES.txt'
[1.350s] reading manifest file '../../build/hospital_setup/hospital_setup.egg-info/SOURCES.txt'
[1.351s] writing manifest file '../../build/hospital_setup/hospital_setup.egg-info/SOURCES.txt'
[1.351s] running build
[1.351s] running build_py
[1.351s] creating /home/flynn/darkhorse/build/hospital_setup/build
[1.351s] creating /home/flynn/darkhorse/build/hospital_setup/build/lib
[1.351s] creating /home/flynn/darkhorse/build/hospital_setup/build/lib/hospital_setup
[1.351s] copying hospital_setup/__init__.py -> /home/flynn/darkhorse/build/hospital_setup/build/lib/hospital_setup
[1.351s] copying hospital_setup/setup_node.py -> /home/flynn/darkhorse/build/hospital_setup/build/lib/hospital_setup
[1.352s] running install
[1.352s] running install_lib
[1.352s] creating /home/flynn/darkhorse/install/hospital_setup/lib/python3.10/site-packages/hospital_setup
[1.352s] copying /home/flynn/darkhorse/build/hospital_setup/build/lib/hospital_setup/__init__.py -> /home/flynn/darkhorse/install/hospital_setup/lib/python3.10/site-packages/hospital_setup
[1.352s] copying /home/flynn/darkhorse/build/hospital_setup/build/lib/hospital_setup/setup_node.py -> /home/flynn/darkhorse/install/hospital_setup/lib/python3.10/site-packages/hospital_setup
[1.353s] byte-compiling /home/flynn/darkhorse/install/hospital_setup/lib/python3.10/site-packages/hospital_setup/__init__.py to __init__.cpython-310.pyc
[1.353s] byte-compiling /home/flynn/darkhorse/install/hospital_setup/lib/python3.10/site-packages/hospital_setup/setup_node.py to setup_node.cpython-310.pyc
[1.353s] running install_data
[1.353s] creating /home/flynn/darkhorse/install/hospital_setup/share/ament_index
[1.353s] creating /home/flynn/darkhorse/install/hospital_setup/share/ament_index/resource_index
[1.353s] creating /home/flynn/darkhorse/install/hospital_setup/share/ament_index/resource_index/packages
[1.353s] copying resource/hospital_setup -> /home/flynn/darkhorse/install/hospital_setup/share/ament_index/resource_index/packages
[1.353s] copying package.xml -> /home/flynn/darkhorse/install/hospital_setup/share/hospital_setup
[1.353s] running install_egg_info
[1.355s] Copying ../../build/hospital_setup/hospital_setup.egg-info to /home/flynn/darkhorse/install/hospital_setup/lib/python3.10/site-packages/hospital_setup-0.0.0-py3.10.egg-info
[1.355s] running install_scripts
[1.372s] Installing configure script to /home/flynn/darkhorse/install/hospital_setup/lib/hospital_setup
[1.372s] writing list of installed files to '/home/flynn/darkhorse/build/hospital_setup/install.log'
[1.391s] Invoked command in '/home/flynn/darkhorse/src/hospital_setup' returned '0': PYTHONPATH=/home/flynn/darkhorse/build/hospital_setup/prefix_override:/usr/lib/python3/dist-packages/colcon_core/task/python/colcon_distutils_commands:/home/flynn/darkhorse/install/hospital_setup/lib/python3.10/site-packages:${PYTHONPATH} /usr/bin/python3 -W ignore:setup.py install is deprecated -W ignore:easy_install command is deprecated setup.py egg_info --egg-base ../../build/hospital_setup build --build-base /home/flynn/darkhorse/build/hospital_setup/build install --record /home/flynn/darkhorse/build/hospital_setup/install.log --single-version-externally-managed install_data
