running develop
running egg_info
creating smart_dispatcher.egg-info
writing smart_dispatcher.egg-info/PKG-INFO
writing dependency_links to smart_dispatcher.egg-info/dependency_links.txt
writing entry points to smart_dispatcher.egg-info/entry_points.txt
writing requirements to smart_dispatcher.egg-info/requires.txt
writing top-level names to smart_dispatcher.egg-info/top_level.txt
writing manifest file 'smart_dispatcher.egg-info/SOURCES.txt'
reading manifest file 'smart_dispatcher.egg-info/SOURCES.txt'
writing manifest file 'smart_dispatcher.egg-info/SOURCES.txt'
running build_ext
Creating /home/jinshim/darkhorse/install/smart_dispatcher/lib/python3.10/site-packages/smart-dispatcher.egg-link (link to .)
Installing dispatcher script to /home/jinshim/darkhorse/install/smart_dispatcher/lib/smart_dispatcher
Installing siren_node script to /home/jinshim/darkhorse/install/smart_dispatcher/lib/smart_dispatcher

Installed /home/jinshim/darkhorse/build/smart_dispatcher
running symlink_data
symbolically linking /home/jinshim/darkhorse/build/smart_dispatcher/package.xml -> /home/jinshim/darkhorse/install/smart_dispatcher/share/smart_dispatcher
creating /home/jinshim/darkhorse/install/smart_dispatcher/share/smart_dispatcher/launch
symbolically linking /home/jinshim/darkhorse/build/smart_dispatcher/launch/system_start.launch.py -> /home/jinshim/darkhorse/install/smart_dispatcher/share/smart_dispatcher/launch
creating /home/jinshim/darkhorse/install/smart_dispatcher/share/smart_dispatcher/resource
symbolically linking /home/jinshim/darkhorse/build/smart_dispatcher/resource/smart_dispatcher -> /home/jinshim/darkhorse/install/smart_dispatcher/share/smart_dispatcher/resource
symbolically linking /home/jinshim/darkhorse/build/smart_dispatcher/resource/siren.wav -> /home/jinshim/darkhorse/install/smart_dispatcher/share/smart_dispatcher/resource
