[1.932s] Invoking command in '/home/jinshim/darkhorse/build/smart_dispatcher': PYTHONPATH=/home/jinshim/darkhorse/build/smart_dispatcher/prefix_override:/usr/lib/python3/dist-packages/colcon_core/task/python/colcon_distutils_commands:/home/jinshim/darkhorse/install/smart_dispatcher/lib/python3.10/site-packages:${PYTHONPATH} /usr/bin/python3 -W ignore:setup.py install is deprecated -W ignore:easy_install command is deprecated setup.py develop --editable --build-directory /home/jinshim/darkhorse/build/smart_dispatcher/build --no-deps symlink_data
[2.211s] running develop
[2.398s] running egg_info
[2.398s] creating smart_dispatcher.egg-info
[2.399s] writing smart_dispatcher.egg-info/PKG-INFO
[2.399s] writing dependency_links to smart_dispatcher.egg-info/dependency_links.txt
[2.399s] writing entry points to smart_dispatcher.egg-info/entry_points.txt
[2.400s] writing requirements to smart_dispatcher.egg-info/requires.txt
[2.400s] writing top-level names to smart_dispatcher.egg-info/top_level.txt
[2.400s] writing manifest file 'smart_dispatcher.egg-info/SOURCES.txt'
[2.401s] reading manifest file 'smart_dispatcher.egg-info/SOURCES.txt'
[2.402s] writing manifest file 'smart_dispatcher.egg-info/SOURCES.txt'
[2.403s] running build_ext
[2.404s] Creating /home/jinshim/darkhorse/install/smart_dispatcher/lib/python3.10/site-packages/smart-dispatcher.egg-link (link to .)
[2.404s] Installing dispatcher script to /home/jinshim/darkhorse/install/smart_dispatcher/lib/smart_dispatcher
[2.405s] Installing siren_node script to /home/jinshim/darkhorse/install/smart_dispatcher/lib/smart_dispatcher
[2.405s] 
[2.405s] Installed /home/jinshim/darkhorse/build/smart_dispatcher
[2.405s] running symlink_data
[2.405s] symbolically linking /home/jinshim/darkhorse/build/smart_dispatcher/package.xml -> /home/jinshim/darkhorse/install/smart_dispatcher/share/smart_dispatcher
[2.405s] creating /home/jinshim/darkhorse/install/smart_dispatcher/share/smart_dispatcher/launch
[2.405s] symbolically linking /home/jinshim/darkhorse/build/smart_dispatcher/launch/system_start.launch.py -> /home/jinshim/darkhorse/install/smart_dispatcher/share/smart_dispatcher/launch
[2.405s] creating /home/jinshim/darkhorse/install/smart_dispatcher/share/smart_dispatcher/resource
[2.406s] symbolically linking /home/jinshim/darkhorse/build/smart_dispatcher/resource/smart_dispatcher -> /home/jinshim/darkhorse/install/smart_dispatcher/share/smart_dispatcher/resource
[2.406s] symbolically linking /home/jinshim/darkhorse/build/smart_dispatcher/resource/siren.wav -> /home/jinshim/darkhorse/install/smart_dispatcher/share/smart_dispatcher/resource
[2.436s] Invoked command in '/home/jinshim/darkhorse/build/smart_dispatcher' returned '0': PYTHONPATH=/home/jinshim/darkhorse/build/smart_dispatcher/prefix_override:/usr/lib/python3/dist-packages/colcon_core/task/python/colcon_distutils_commands:/home/jinshim/darkhorse/install/smart_dispatcher/lib/python3.10/site-packages:${PYTHONPATH} /usr/bin/python3 -W ignore:setup.py install is deprecated -W ignore:easy_install command is deprecated setup.py develop --editable --build-directory /home/jinshim/darkhorse/build/smart_dispatcher/build --no-deps symlink_data
