running develop
running egg_info
creating doctor_gui.egg-info
writing doctor_gui.egg-info/PKG-INFO
writing dependency_links to doctor_gui.egg-info/dependency_links.txt
writing entry points to doctor_gui.egg-info/entry_points.txt
writing requirements to doctor_gui.egg-info/requires.txt
writing top-level names to doctor_gui.egg-info/top_level.txt
writing manifest file 'doctor_gui.egg-info/SOURCES.txt'
reading manifest file 'doctor_gui.egg-info/SOURCES.txt'
writing manifest file 'doctor_gui.egg-info/SOURCES.txt'
running build_ext
Creating /home/flynn/darkhorse/install/doctor_gui/lib/python3.10/site-packages/doctor-gui.egg-link (link to .)
Installing doctor_ui script to /home/flynn/darkhorse/install/doctor_gui/lib/doctor_gui

Installed /home/flynn/darkhorse/build/doctor_gui
running symlink_data
creating /home/flynn/darkhorse/install/doctor_gui/share/ament_index
creating /home/flynn/darkhorse/install/doctor_gui/share/ament_index/resource_index
creating /home/flynn/darkhorse/install/doctor_gui/share/ament_index/resource_index/packages
symbolically linking /home/flynn/darkhorse/build/doctor_gui/resource/doctor_gui -> /home/flynn/darkhorse/install/doctor_gui/share/ament_index/resource_index/packages
symbolically linking /home/flynn/darkhorse/build/doctor_gui/package.xml -> /home/flynn/darkhorse/install/doctor_gui/share/doctor_gui
