[0.778s] Invoking command in '/home/flynn/darkhorse/build/doctor_gui': PYTHONPATH=/home/flynn/darkhorse/build/doctor_gui/prefix_override:/usr/lib/python3/dist-packages/colcon_core/task/python/colcon_distutils_commands:/home/flynn/darkhorse/install/doctor_gui/lib/python3.10/site-packages:${PYTHONPATH} /usr/bin/python3 -W ignore:setup.py install is deprecated -W ignore:easy_install command is deprecated setup.py develop --editable --build-directory /home/flynn/darkhorse/build/doctor_gui/build --no-deps symlink_data
[0.950s] running develop
[1.061s] running egg_info
[1.061s] creating doctor_gui.egg-info
[1.062s] writing doctor_gui.egg-info/PKG-INFO
[1.062s] writing dependency_links to doctor_gui.egg-info/dependency_links.txt
[1.062s] writing entry points to doctor_gui.egg-info/entry_points.txt
[1.062s] writing requirements to doctor_gui.egg-info/requires.txt
[1.062s] writing top-level names to doctor_gui.egg-info/top_level.txt
[1.062s] writing manifest file 'doctor_gui.egg-info/SOURCES.txt'
[1.062s] reading manifest file 'doctor_gui.egg-info/SOURCES.txt'
[1.063s] writing manifest file 'doctor_gui.egg-info/SOURCES.txt'
[1.064s] running build_ext
[1.064s] Creating /home/flynn/darkhorse/install/doctor_gui/lib/python3.10/site-packages/doctor-gui.egg-link (link to .)
[1.065s] Installing doctor_ui script to /home/flynn/darkhorse/install/doctor_gui/lib/doctor_gui
[1.065s] 
[1.065s] Installed /home/flynn/darkhorse/build/doctor_gui
[1.065s] running symlink_data
[1.065s] creating /home/flynn/darkhorse/install/doctor_gui/share/ament_index
[1.065s] creating /home/flynn/darkhorse/install/doctor_gui/share/ament_index/resource_index
[1.066s] creating /home/flynn/darkhorse/install/doctor_gui/share/ament_index/resource_index/packages
[1.066s] symbolically linking /home/flynn/darkhorse/build/doctor_gui/resource/doctor_gui -> /home/flynn/darkhorse/install/doctor_gui/share/ament_index/resource_index/packages
[1.066s] symbolically linking /home/flynn/darkhorse/build/doctor_gui/package.xml -> /home/flynn/darkhorse/install/doctor_gui/share/doctor_gui
[1.086s] Invoked command in '/home/flynn/darkhorse/build/doctor_gui' returned '0': PYTHONPATH=/home/flynn/darkhorse/build/doctor_gui/prefix_override:/usr/lib/python3/dist-packages/colcon_core/task/python/colcon_distutils_commands:/home/flynn/darkhorse/install/doctor_gui/lib/python3.10/site-packages:${PYTHONPATH} /usr/bin/python3 -W ignore:setup.py install is deprecated -W ignore:easy_install command is deprecated setup.py develop --editable --build-directory /home/flynn/darkhorse/build/doctor_gui/build --no-deps symlink_data
