running develop
running egg_info
creating doctor_ui_pkg.egg-info
writing doctor_ui_pkg.egg-info/PKG-INFO
writing dependency_links to doctor_ui_pkg.egg-info/dependency_links.txt
writing entry points to doctor_ui_pkg.egg-info/entry_points.txt
writing requirements to doctor_ui_pkg.egg-info/requires.txt
writing top-level names to doctor_ui_pkg.egg-info/top_level.txt
writing manifest file 'doctor_ui_pkg.egg-info/SOURCES.txt'
reading manifest file 'doctor_ui_pkg.egg-info/SOURCES.txt'
writing manifest file 'doctor_ui_pkg.egg-info/SOURCES.txt'
running build_ext
Creating /home/jinshim/darkhorse/install/doctor_ui_pkg/lib/python3.10/site-packages/doctor-ui-pkg.egg-link (link to .)
Installing doctor_ui_trigger script to /home/jinshim/darkhorse/install/doctor_ui_pkg/lib/doctor_ui_pkg

Installed /home/jinshim/darkhorse/build/doctor_ui_pkg
running symlink_data
creating /home/jinshim/darkhorse/install/doctor_ui_pkg/share/ament_index
creating /home/jinshim/darkhorse/install/doctor_ui_pkg/share/ament_index/resource_index
creating /home/jinshim/darkhorse/install/doctor_ui_pkg/share/ament_index/resource_index/packages
symbolically linking /home/jinshim/darkhorse/build/doctor_ui_pkg/resource/doctor_ui_pkg -> /home/jinshim/darkhorse/install/doctor_ui_pkg/share/ament_index/resource_index/packages
symbolically linking /home/jinshim/darkhorse/build/doctor_ui_pkg/package.xml -> /home/jinshim/darkhorse/install/doctor_ui_pkg/share/doctor_ui_pkg
