[2.022s] Invoking command in '/home/jinshim/darkhorse/build/doctor_ui_pkg': PYTHONPATH=/home/jinshim/darkhorse/build/doctor_ui_pkg/prefix_override:/usr/lib/python3/dist-packages/colcon_core/task/python/colcon_distutils_commands:/home/jinshim/darkhorse/install/doctor_ui_pkg/lib/python3.10/site-packages:${PYTHONPATH} /usr/bin/python3 -W ignore:setup.py install is deprecated -W ignore:easy_install command is deprecated setup.py develop --editable --build-directory /home/jinshim/darkhorse/build/doctor_ui_pkg/build --no-deps symlink_data
[2.407s] running develop
[2.659s] running egg_info
[2.660s] creating doctor_ui_pkg.egg-info
[2.660s] writing doctor_ui_pkg.egg-info/PKG-INFO
[2.660s] writing dependency_links to doctor_ui_pkg.egg-info/dependency_links.txt
[2.660s] writing entry points to doctor_ui_pkg.egg-info/entry_points.txt
[2.660s] writing requirements to doctor_ui_pkg.egg-info/requires.txt
[2.660s] writing top-level names to doctor_ui_pkg.egg-info/top_level.txt
[2.661s] writing manifest file 'doctor_ui_pkg.egg-info/SOURCES.txt'
[2.664s] reading manifest file 'doctor_ui_pkg.egg-info/SOURCES.txt'
[2.664s] writing manifest file 'doctor_ui_pkg.egg-info/SOURCES.txt'
[2.666s] running build_ext
[2.667s] Creating /home/jinshim/darkhorse/install/doctor_ui_pkg/lib/python3.10/site-packages/doctor-ui-pkg.egg-link (link to .)
[2.668s] Installing doctor_ui_trigger script to /home/jinshim/darkhorse/install/doctor_ui_pkg/lib/doctor_ui_pkg
[2.668s] 
[2.668s] Installed /home/jinshim/darkhorse/build/doctor_ui_pkg
[2.668s] running symlink_data
[2.668s] creating /home/jinshim/darkhorse/install/doctor_ui_pkg/share/ament_index
[2.668s] creating /home/jinshim/darkhorse/install/doctor_ui_pkg/share/ament_index/resource_index
[2.668s] creating /home/jinshim/darkhorse/install/doctor_ui_pkg/share/ament_index/resource_index/packages
[2.668s] symbolically linking /home/jinshim/darkhorse/build/doctor_ui_pkg/resource/doctor_ui_pkg -> /home/jinshim/darkhorse/install/doctor_ui_pkg/share/ament_index/resource_index/packages
[2.668s] symbolically linking /home/jinshim/darkhorse/build/doctor_ui_pkg/package.xml -> /home/jinshim/darkhorse/install/doctor_ui_pkg/share/doctor_ui_pkg
[2.728s] Invoked command in '/home/jinshim/darkhorse/build/doctor_ui_pkg' returned '0': PYTHONPATH=/home/jinshim/darkhorse/build/doctor_ui_pkg/prefix_override:/usr/lib/python3/dist-packages/colcon_core/task/python/colcon_distutils_commands:/home/jinshim/darkhorse/install/doctor_ui_pkg/lib/python3.10/site-packages:${PYTHONPATH} /usr/bin/python3 -W ignore:setup.py install is deprecated -W ignore:easy_install command is deprecated setup.py develop --editable --build-directory /home/jinshim/darkhorse/build/doctor_ui_pkg/build --no-deps symlink_data
