[0.068s] DEBUG:colcon:Command line arguments: ['/usr/bin/colcon', 'build', '--symlink-install', '--packages-select', 'form_start_trigger']
[0.068s] DEBUG:colcon:Parsed command line arguments: Namespace(log_base=None, log_level=None, verb_name='build', build_base='build', install_base='install', merge_install=False, symlink_install=True, test_result_base=None, continue_on_error=False, executor='parallel', parallel_workers=18, event_handlers=None, ignore_user_meta=False, metas=['./colcon.meta'], base_paths=['.'], packages_ignore=None, packages_ignore_regex=None, paths=None, packages_up_to=None, packages_up_to_regex=None, packages_above=None, packages_above_and_dependencies=None, packages_above_depth=None, packages_select_by_dep=None, packages_skip_by_dep=None, packages_skip_up_to=None, packages_select_build_failed=False, packages_skip_build_finished=False, packages_select_test_failures=False, packages_skip_test_passed=False, packages_select=['form_start_trigger'], packages_skip=None, packages_select_regex=None, packages_skip_regex=None, packages_start=None, packages_end=None, allow_overriding=[], cmake_args=None, cmake_target=None, cmake_target_skip_unavailable=False, cmake_clean_cache=False, cmake_clean_first=False, cmake_force_configure=False, ament_cmake_args=None, catkin_cmake_args=None, catkin_skip_building_tests=False, mixin_files=None, mixin=None, verb_parser=<colcon_mixin.mixin.mixin_argument.MixinArgumentDecorator object at 0x762374c7ae00>, verb_extension=<colcon_core.verb.build.BuildVerb object at 0x762374c7a8c0>, main=<bound method BuildVerb.main of <colcon_core.verb.build.BuildVerb object at 0x762374c7a8c0>>, mixin_verb=('build',))
[0.175s] Level 1:colcon.colcon_core.package_discovery:discover_packages(colcon_meta) check parameters
[0.175s] Level 1:colcon.colcon_core.package_discovery:discover_packages(recursive) check parameters
[0.175s] Level 1:colcon.colcon_core.package_discovery:discover_packages(ignore) check parameters
[0.175s] Level 1:colcon.colcon_core.package_discovery:discover_packages(path) check parameters
[0.175s] Level 1:colcon.colcon_core.package_discovery:discover_packages(colcon_meta) discover
[0.175s] Level 1:colcon.colcon_core.package_discovery:discover_packages(recursive) discover
[0.175s] INFO:colcon.colcon_core.package_discovery:Crawling recursively for packages in '/home/jinshim/darkhorse'
[0.175s] Level 1:colcon.colcon_core.package_identification:_identify(.) by extensions ['ignore', 'ignore_ament_install']
[0.176s] Level 1:colcon.colcon_core.package_identification:_identify(.) by extension 'ignore'
[0.176s] Level 1:colcon.colcon_core.package_identification:_identify(.) by extension 'ignore_ament_install'
[0.176s] Level 1:colcon.colcon_core.package_identification:_identify(.) by extensions ['colcon_pkg']
[0.176s] Level 1:colcon.colcon_core.package_identification:_identify(.) by extension 'colcon_pkg'
[0.176s] Level 1:colcon.colcon_core.package_identification:_identify(.) by extensions ['colcon_meta']
[0.176s] Level 1:colcon.colcon_core.package_identification:_identify(.) by extension 'colcon_meta'
[0.176s] Level 1:colcon.colcon_core.package_identification:_identify(.) by extensions ['ros']
[0.176s] Level 1:colcon.colcon_core.package_identification:_identify(.) by extension 'ros'
[0.191s] Level 1:colcon.colcon_core.package_identification:_identify(.) by extensions ['cmake', 'python']
[0.191s] Level 1:colcon.colcon_core.package_identification:_identify(.) by extension 'cmake'
[0.191s] Level 1:colcon.colcon_core.package_identification:_identify(.) by extension 'python'
[0.191s] Level 1:colcon.colcon_core.package_identification:_identify(.) by extensions ['python_setup_py']
[0.191s] Level 1:colcon.colcon_core.package_identification:_identify(.) by extension 'python_setup_py'
[0.191s] Level 1:colcon.colcon_core.package_identification:_identify(build) by extensions ['ignore', 'ignore_ament_install']
[0.191s] Level 1:colcon.colcon_core.package_identification:_identify(build) by extension 'ignore'
[0.191s] Level 1:colcon.colcon_core.package_identification:_identify(build) ignored
[0.191s] Level 1:colcon.colcon_core.package_identification:_identify(install) by extensions ['ignore', 'ignore_ament_install']
[0.191s] Level 1:colcon.colcon_core.package_identification:_identify(install) by extension 'ignore'
[0.191s] Level 1:colcon.colcon_core.package_identification:_identify(install) ignored
[0.191s] Level 1:colcon.colcon_core.package_identification:_identify(log) by extensions ['ignore', 'ignore_ament_install']
[0.192s] Level 1:colcon.colcon_core.package_identification:_identify(log) by extension 'ignore'
[0.192s] Level 1:colcon.colcon_core.package_identification:_identify(log) ignored
[0.192s] Level 1:colcon.colcon_core.package_identification:_identify(src) by extensions ['ignore', 'ignore_ament_install']
[0.192s] Level 1:colcon.colcon_core.package_identification:_identify(src) by extension 'ignore'
[0.192s] Level 1:colcon.colcon_core.package_identification:_identify(src) by extension 'ignore_ament_install'
[0.192s] Level 1:colcon.colcon_core.package_identification:_identify(src) by extensions ['colcon_pkg']
[0.192s] Level 1:colcon.colcon_core.package_identification:_identify(src) by extension 'colcon_pkg'
[0.192s] Level 1:colcon.colcon_core.package_identification:_identify(src) by extensions ['colcon_meta']
[0.192s] Level 1:colcon.colcon_core.package_identification:_identify(src) by extension 'colcon_meta'
[0.192s] Level 1:colcon.colcon_core.package_identification:_identify(src) by extensions ['ros']
[0.192s] Level 1:colcon.colcon_core.package_identification:_identify(src) by extension 'ros'
[0.192s] Level 1:colcon.colcon_core.package_identification:_identify(src) by extensions ['cmake', 'python']
[0.192s] Level 1:colcon.colcon_core.package_identification:_identify(src) by extension 'cmake'
[0.192s] Level 1:colcon.colcon_core.package_identification:_identify(src) by extension 'python'
[0.192s] Level 1:colcon.colcon_core.package_identification:_identify(src) by extensions ['python_setup_py']
[0.192s] Level 1:colcon.colcon_core.package_identification:_identify(src) by extension 'python_setup_py'
[0.192s] Level 1:colcon.colcon_core.package_identification:_identify(src/doctor_ui_pkg) by extensions ['ignore', 'ignore_ament_install']
[0.192s] Level 1:colcon.colcon_core.package_identification:_identify(src/doctor_ui_pkg) by extension 'ignore'
[0.192s] Level 1:colcon.colcon_core.package_identification:_identify(src/doctor_ui_pkg) by extension 'ignore_ament_install'
[0.192s] Level 1:colcon.colcon_core.package_identification:_identify(src/doctor_ui_pkg) by extensions ['colcon_pkg']
[0.192s] Level 1:colcon.colcon_core.package_identification:_identify(src/doctor_ui_pkg) by extension 'colcon_pkg'
[0.192s] Level 1:colcon.colcon_core.package_identification:_identify(src/doctor_ui_pkg) by extensions ['colcon_meta']
[0.192s] Level 1:colcon.colcon_core.package_identification:_identify(src/doctor_ui_pkg) by extension 'colcon_meta'
[0.192s] Level 1:colcon.colcon_core.package_identification:_identify(src/doctor_ui_pkg) by extensions ['ros']
[0.192s] Level 1:colcon.colcon_core.package_identification:_identify(src/doctor_ui_pkg) by extension 'ros'
[0.194s] DEBUG:colcon.colcon_core.package_identification:Package 'src/doctor_ui_pkg' with type 'ros.ament_python' and name 'doctor_ui_pkg'
[0.194s] Level 1:colcon.colcon_core.package_identification:_identify(src/form_start_trigger) by extensions ['ignore', 'ignore_ament_install']
[0.194s] Level 1:colcon.colcon_core.package_identification:_identify(src/form_start_trigger) by extension 'ignore'
[0.194s] Level 1:colcon.colcon_core.package_identification:_identify(src/form_start_trigger) by extension 'ignore_ament_install'
[0.194s] Level 1:colcon.colcon_core.package_identification:_identify(src/form_start_trigger) by extensions ['colcon_pkg']
[0.194s] Level 1:colcon.colcon_core.package_identification:_identify(src/form_start_trigger) by extension 'colcon_pkg'
[0.194s] Level 1:colcon.colcon_core.package_identification:_identify(src/form_start_trigger) by extensions ['colcon_meta']
[0.194s] Level 1:colcon.colcon_core.package_identification:_identify(src/form_start_trigger) by extension 'colcon_meta'
[0.194s] Level 1:colcon.colcon_core.package_identification:_identify(src/form_start_trigger) by extensions ['ros']
[0.194s] Level 1:colcon.colcon_core.package_identification:_identify(src/form_start_trigger) by extension 'ros'
[0.194s] DEBUG:colcon.colcon_core.package_identification:Package 'src/form_start_trigger' with type 'ros.ament_python' and name 'form_start_trigger'
[0.194s] Level 1:colcon.colcon_core.package_identification:_identify(src/hospital_setup) by extensions ['ignore', 'ignore_ament_install']
[0.194s] Level 1:colcon.colcon_core.package_identification:_identify(src/hospital_setup) by extension 'ignore'
[0.194s] Level 1:colcon.colcon_core.package_identification:_identify(src/hospital_setup) by extension 'ignore_ament_install'
[0.195s] Level 1:colcon.colcon_core.package_identification:_identify(src/hospital_setup) by extensions ['colcon_pkg']
[0.195s] Level 1:colcon.colcon_core.package_identification:_identify(src/hospital_setup) by extension 'colcon_pkg'
[0.195s] Level 1:colcon.colcon_core.package_identification:_identify(src/hospital_setup) by extensions ['colcon_meta']
[0.195s] Level 1:colcon.colcon_core.package_identification:_identify(src/hospital_setup) by extension 'colcon_meta'
[0.195s] Level 1:colcon.colcon_core.package_identification:_identify(src/hospital_setup) by extensions ['ros']
[0.195s] Level 1:colcon.colcon_core.package_identification:_identify(src/hospital_setup) by extension 'ros'
[0.195s] DEBUG:colcon.colcon_core.package_identification:Package 'src/hospital_setup' with type 'ros.ament_python' and name 'hospital_setup'
[0.195s] Level 1:colcon.colcon_core.package_identification:_identify(src/hospital_web_ui) by extensions ['ignore', 'ignore_ament_install']
[0.195s] Level 1:colcon.colcon_core.package_identification:_identify(src/hospital_web_ui) by extension 'ignore'
[0.195s] Level 1:colcon.colcon_core.package_identification:_identify(src/hospital_web_ui) by extension 'ignore_ament_install'
[0.195s] Level 1:colcon.colcon_core.package_identification:_identify(src/hospital_web_ui) by extensions ['colcon_pkg']
[0.195s] Level 1:colcon.colcon_core.package_identification:_identify(src/hospital_web_ui) by extension 'colcon_pkg'
[0.195s] Level 1:colcon.colcon_core.package_identification:_identify(src/hospital_web_ui) by extensions ['colcon_meta']
[0.195s] Level 1:colcon.colcon_core.package_identification:_identify(src/hospital_web_ui) by extension 'colcon_meta'
[0.195s] Level 1:colcon.colcon_core.package_identification:_identify(src/hospital_web_ui) by extensions ['ros']
[0.195s] Level 1:colcon.colcon_core.package_identification:_identify(src/hospital_web_ui) by extension 'ros'
[0.195s] Level 1:colcon.colcon_core.package_identification:_identify(src/hospital_web_ui) by extensions ['cmake', 'python']
[0.195s] Level 1:colcon.colcon_core.package_identification:_identify(src/hospital_web_ui) by extension 'cmake'
[0.195s] Level 1:colcon.colcon_core.package_identification:_identify(src/hospital_web_ui) by extension 'python'
[0.195s] Level 1:colcon.colcon_core.package_identification:_identify(src/hospital_web_ui) by extensions ['python_setup_py']
[0.195s] Level 1:colcon.colcon_core.package_identification:_identify(src/hospital_web_ui) by extension 'python_setup_py'
[0.195s] Level 1:colcon.colcon_core.package_identification:_identify(src/limo_interfaces) by extensions ['ignore', 'ignore_ament_install']
[0.195s] Level 1:colcon.colcon_core.package_identification:_identify(src/limo_interfaces) by extension 'ignore'
[0.195s] Level 1:colcon.colcon_core.package_identification:_identify(src/limo_interfaces) by extension 'ignore_ament_install'
[0.195s] Level 1:colcon.colcon_core.package_identification:_identify(src/limo_interfaces) by extensions ['colcon_pkg']
[0.195s] Level 1:colcon.colcon_core.package_identification:_identify(src/limo_interfaces) by extension 'colcon_pkg'
[0.195s] Level 1:colcon.colcon_core.package_identification:_identify(src/limo_interfaces) by extensions ['colcon_meta']
[0.195s] Level 1:colcon.colcon_core.package_identification:_identify(src/limo_interfaces) by extension 'colcon_meta'
[0.195s] Level 1:colcon.colcon_core.package_identification:_identify(src/limo_interfaces) by extensions ['ros']
[0.195s] Level 1:colcon.colcon_core.package_identification:_identify(src/limo_interfaces) by extension 'ros'
[0.196s] DEBUG:colcon.colcon_core.package_identification:Package 'src/limo_interfaces' with type 'ros.ament_cmake' and name 'limo_interfaces'
[0.196s] Level 1:colcon.colcon_core.package_identification:_identify(src/limo_speed_ctrl) by extensions ['ignore', 'ignore_ament_install']
[0.196s] Level 1:colcon.colcon_core.package_identification:_identify(src/limo_speed_ctrl) by extension 'ignore'
[0.196s] Level 1:colcon.colcon_core.package_identification:_identify(src/limo_speed_ctrl) by extension 'ignore_ament_install'
[0.196s] Level 1:colcon.colcon_core.package_identification:_identify(src/limo_speed_ctrl) by extensions ['colcon_pkg']
[0.196s] Level 1:colcon.colcon_core.package_identification:_identify(src/limo_speed_ctrl) by extension 'colcon_pkg'
[0.196s] Level 1:colcon.colcon_core.package_identification:_identify(src/limo_speed_ctrl) by extensions ['colcon_meta']
[0.196s] Level 1:colcon.colcon_core.package_identification:_identify(src/limo_speed_ctrl) by extension 'colcon_meta'
[0.196s] Level 1:colcon.colcon_core.package_identification:_identify(src/limo_speed_ctrl) by extensions ['ros']
[0.196s] Level 1:colcon.colcon_core.package_identification:_identify(src/limo_speed_ctrl) by extension 'ros'
[0.196s] DEBUG:colcon.colcon_core.package_identification:Package 'src/limo_speed_ctrl' with type 'ros.ament_python' and name 'limo_speed_ctrl'
[0.197s] Level 1:colcon.colcon_core.package_identification:_identify(src/limo_tts) by extensions ['ignore', 'ignore_ament_install']
[0.197s] Level 1:colcon.colcon_core.package_identification:_identify(src/limo_tts) by extension 'ignore'
[0.197s] Level 1:colcon.colcon_core.package_identification:_identify(src/limo_tts) by extension 'ignore_ament_install'
[0.197s] Level 1:colcon.colcon_core.package_identification:_identify(src/limo_tts) by extensions ['colcon_pkg']
[0.197s] Level 1:colcon.colcon_core.package_identification:_identify(src/limo_tts) by extension 'colcon_pkg'
[0.197s] Level 1:colcon.colcon_core.package_identification:_identify(src/limo_tts) by extensions ['colcon_meta']
[0.197s] Level 1:colcon.colcon_core.package_identification:_identify(src/limo_tts) by extension 'colcon_meta'
[0.197s] Level 1:colcon.colcon_core.package_identification:_identify(src/limo_tts) by extensions ['ros']
[0.197s] Level 1:colcon.colcon_core.package_identification:_identify(src/limo_tts) by extension 'ros'
[0.197s] DEBUG:colcon.colcon_core.package_identification:Package 'src/limo_tts' with type 'ros.ament_python' and name 'limo_tts'
[0.197s] Level 1:colcon.colcon_core.package_identification:_identify(src/my_bringup) by extensions ['ignore', 'ignore_ament_install']
[0.197s] Level 1:colcon.colcon_core.package_identification:_identify(src/my_bringup) by extension 'ignore'
[0.197s] Level 1:colcon.colcon_core.package_identification:_identify(src/my_bringup) by extension 'ignore_ament_install'
[0.197s] Level 1:colcon.colcon_core.package_identification:_identify(src/my_bringup) by extensions ['colcon_pkg']
[0.197s] Level 1:colcon.colcon_core.package_identification:_identify(src/my_bringup) by extension 'colcon_pkg'
[0.197s] Level 1:colcon.colcon_core.package_identification:_identify(src/my_bringup) by extensions ['colcon_meta']
[0.197s] Level 1:colcon.colcon_core.package_identification:_identify(src/my_bringup) by extension 'colcon_meta'
[0.197s] Level 1:colcon.colcon_core.package_identification:_identify(src/my_bringup) by extensions ['ros']
[0.197s] Level 1:colcon.colcon_core.package_identification:_identify(src/my_bringup) by extension 'ros'
[0.198s] DEBUG:colcon.colcon_core.package_identification:Package 'src/my_bringup' with type 'ros.ament_python' and name 'my_bringup'
[0.198s] Level 1:colcon.colcon_core.package_identification:_identify(src/py_bt_ros) by extensions ['ignore', 'ignore_ament_install']
[0.198s] Level 1:colcon.colcon_core.package_identification:_identify(src/py_bt_ros) by extension 'ignore'
[0.198s] Level 1:colcon.colcon_core.package_identification:_identify(src/py_bt_ros) by extension 'ignore_ament_install'
[0.198s] Level 1:colcon.colcon_core.package_identification:_identify(src/py_bt_ros) by extensions ['colcon_pkg']
[0.198s] Level 1:colcon.colcon_core.package_identification:_identify(src/py_bt_ros) by extension 'colcon_pkg'
[0.198s] Level 1:colcon.colcon_core.package_identification:_identify(src/py_bt_ros) by extensions ['colcon_meta']
[0.198s] Level 1:colcon.colcon_core.package_identification:_identify(src/py_bt_ros) by extension 'colcon_meta'
[0.198s] Level 1:colcon.colcon_core.package_identification:_identify(src/py_bt_ros) by extensions ['ros']
[0.198s] Level 1:colcon.colcon_core.package_identification:_identify(src/py_bt_ros) by extension 'ros'
[0.198s] Level 1:colcon.colcon_core.package_identification:_identify(src/py_bt_ros) by extensions ['cmake', 'python']
[0.198s] Level 1:colcon.colcon_core.package_identification:_identify(src/py_bt_ros) by extension 'cmake'
[0.198s] Level 1:colcon.colcon_core.package_identification:_identify(src/py_bt_ros) by extension 'python'
[0.198s] Level 1:colcon.colcon_core.package_identification:_identify(src/py_bt_ros) by extensions ['python_setup_py']
[0.198s] Level 1:colcon.colcon_core.package_identification:_identify(src/py_bt_ros) by extension 'python_setup_py'
[0.198s] Level 1:colcon.colcon_core.package_identification:_identify(src/py_bt_ros/Log) by extensions ['ignore', 'ignore_ament_install']
[0.198s] Level 1:colcon.colcon_core.package_identification:_identify(src/py_bt_ros/Log) by extension 'ignore'
[0.198s] Level 1:colcon.colcon_core.package_identification:_identify(src/py_bt_ros/Log) by extension 'ignore_ament_install'
[0.198s] Level 1:colcon.colcon_core.package_identification:_identify(src/py_bt_ros/Log) by extensions ['colcon_pkg']
[0.198s] Level 1:colcon.colcon_core.package_identification:_identify(src/py_bt_ros/Log) by extension 'colcon_pkg'
[0.198s] Level 1:colcon.colcon_core.package_identification:_identify(src/py_bt_ros/Log) by extensions ['colcon_meta']
[0.198s] Level 1:colcon.colcon_core.package_identification:_identify(src/py_bt_ros/Log) by extension 'colcon_meta'
[0.198s] Level 1:colcon.colcon_core.package_identification:_identify(src/py_bt_ros/Log) by extensions ['ros']
[0.198s] Level 1:colcon.colcon_core.package_identification:_identify(src/py_bt_ros/Log) by extension 'ros'
[0.198s] Level 1:colcon.colcon_core.package_identification:_identify(src/py_bt_ros/Log) by extensions ['cmake', 'python']
[0.198s] Level 1:colcon.colcon_core.package_identification:_identify(src/py_bt_ros/Log) by extension 'cmake'
[0.198s] Level 1:colcon.colcon_core.package_identification:_identify(src/py_bt_ros/Log) by extension 'python'
[0.198s] Level 1:colcon.colcon_core.package_identification:_identify(src/py_bt_ros/Log) by extensions ['python_setup_py']
[0.198s] Level 1:colcon.colcon_core.package_identification:_identify(src/py_bt_ros/Log) by extension 'python_setup_py'
[0.198s] Level 1:colcon.colcon_core.package_identification:_identify(src/py_bt_ros/docs) by extensions ['ignore', 'ignore_ament_install']
[0.198s] Level 1:colcon.colcon_core.package_identification:_identify(src/py_bt_ros/docs) by extension 'ignore'
[0.198s] Level 1:colcon.colcon_core.package_identification:_identify(src/py_bt_ros/docs) by extension 'ignore_ament_install'
[0.198s] Level 1:colcon.colcon_core.package_identification:_identify(src/py_bt_ros/docs) by extensions ['colcon_pkg']
[0.198s] Level 1:colcon.colcon_core.package_identification:_identify(src/py_bt_ros/docs) by extension 'colcon_pkg'
[0.198s] Level 1:colcon.colcon_core.package_identification:_identify(src/py_bt_ros/docs) by extensions ['colcon_meta']
[0.198s] Level 1:colcon.colcon_core.package_identification:_identify(src/py_bt_ros/docs) by extension 'colcon_meta'
[0.198s] Level 1:colcon.colcon_core.package_identification:_identify(src/py_bt_ros/docs) by extensions ['ros']
[0.199s] Level 1:colcon.colcon_core.package_identification:_identify(src/py_bt_ros/docs) by extension 'ros'
[0.199s] Level 1:colcon.colcon_core.package_identification:_identify(src/py_bt_ros/docs) by extensions ['cmake', 'python']
[0.199s] Level 1:colcon.colcon_core.package_identification:_identify(src/py_bt_ros/docs) by extension 'cmake'
[0.199s] Level 1:colcon.colcon_core.package_identification:_identify(src/py_bt_ros/docs) by extension 'python'
[0.199s] Level 1:colcon.colcon_core.package_identification:_identify(src/py_bt_ros/docs) by extensions ['python_setup_py']
[0.199s] Level 1:colcon.colcon_core.package_identification:_identify(src/py_bt_ros/docs) by extension 'python_setup_py'
[0.199s] Level 1:colcon.colcon_core.package_identification:_identify(src/py_bt_ros/modules) by extensions ['ignore', 'ignore_ament_install']
[0.199s] Level 1:colcon.colcon_core.package_identification:_identify(src/py_bt_ros/modules) by extension 'ignore'
[0.199s] Level 1:colcon.colcon_core.package_identification:_identify(src/py_bt_ros/modules) by extension 'ignore_ament_install'
[0.199s] Level 1:colcon.colcon_core.package_identification:_identify(src/py_bt_ros/modules) by extensions ['colcon_pkg']
[0.199s] Level 1:colcon.colcon_core.package_identification:_identify(src/py_bt_ros/modules) by extension 'colcon_pkg'
[0.199s] Level 1:colcon.colcon_core.package_identification:_identify(src/py_bt_ros/modules) by extensions ['colcon_meta']
[0.199s] Level 1:colcon.colcon_core.package_identification:_identify(src/py_bt_ros/modules) by extension 'colcon_meta'
[0.199s] Level 1:colcon.colcon_core.package_identification:_identify(src/py_bt_ros/modules) by extensions ['ros']
[0.199s] Level 1:colcon.colcon_core.package_identification:_identify(src/py_bt_ros/modules) by extension 'ros'
[0.199s] Level 1:colcon.colcon_core.package_identification:_identify(src/py_bt_ros/modules) by extensions ['cmake', 'python']
[0.199s] Level 1:colcon.colcon_core.package_identification:_identify(src/py_bt_ros/modules) by extension 'cmake'
[0.199s] Level 1:colcon.colcon_core.package_identification:_identify(src/py_bt_ros/modules) by extension 'python'
[0.199s] Level 1:colcon.colcon_core.package_identification:_identify(src/py_bt_ros/modules) by extensions ['python_setup_py']
[0.199s] Level 1:colcon.colcon_core.package_identification:_identify(src/py_bt_ros/modules) by extension 'python_setup_py'
[0.199s] Level 1:colcon.colcon_core.package_identification:_identify(src/py_bt_ros/modules/__pycache__) by extensions ['ignore', 'ignore_ament_install']
[0.199s] Level 1:colcon.colcon_core.package_identification:_identify(src/py_bt_ros/modules/__pycache__) by extension 'ignore'
[0.199s] Level 1:colcon.colcon_core.package_identification:_identify(src/py_bt_ros/modules/__pycache__) by extension 'ignore_ament_install'
[0.199s] Level 1:colcon.colcon_core.package_identification:_identify(src/py_bt_ros/modules/__pycache__) by extensions ['colcon_pkg']
[0.199s] Level 1:colcon.colcon_core.package_identification:_identify(src/py_bt_ros/modules/__pycache__) by extension 'colcon_pkg'
[0.199s] Level 1:colcon.colcon_core.package_identification:_identify(src/py_bt_ros/modules/__pycache__) by extensions ['colcon_meta']
[0.199s] Level 1:colcon.colcon_core.package_identification:_identify(src/py_bt_ros/modules/__pycache__) by extension 'colcon_meta'
[0.199s] Level 1:colcon.colcon_core.package_identification:_identify(src/py_bt_ros/modules/__pycache__) by extensions ['ros']
[0.199s] Level 1:colcon.colcon_core.package_identification:_identify(src/py_bt_ros/modules/__pycache__) by extension 'ros'
[0.199s] Level 1:colcon.colcon_core.package_identification:_identify(src/py_bt_ros/modules/__pycache__) by extensions ['cmake', 'python']
[0.199s] Level 1:colcon.colcon_core.package_identification:_identify(src/py_bt_ros/modules/__pycache__) by extension 'cmake'
[0.199s] Level 1:colcon.colcon_core.package_identification:_identify(src/py_bt_ros/modules/__pycache__) by extension 'python'
[0.199s] Level 1:colcon.colcon_core.package_identification:_identify(src/py_bt_ros/modules/__pycache__) by extensions ['python_setup_py']
[0.199s] Level 1:colcon.colcon_core.package_identification:_identify(src/py_bt_ros/modules/__pycache__) by extension 'python_setup_py'
[0.199s] Level 1:colcon.colcon_core.package_identification:_identify(src/py_bt_ros/scenarios) by extensions ['ignore', 'ignore_ament_install']
[0.199s] Level 1:colcon.colcon_core.package_identification:_identify(src/py_bt_ros/scenarios) by extension 'ignore'
[0.199s] Level 1:colcon.colcon_core.package_identification:_identify(src/py_bt_ros/scenarios) by extension 'ignore_ament_install'
[0.199s] Level 1:colcon.colcon_core.package_identification:_identify(src/py_bt_ros/scenarios) by extensions ['colcon_pkg']
[0.199s] Level 1:colcon.colcon_core.package_identification:_identify(src/py_bt_ros/scenarios) by extension 'colcon_pkg'
[0.199s] Level 1:colcon.colcon_core.package_identification:_identify(src/py_bt_ros/scenarios) by extensions ['colcon_meta']
[0.199s] Level 1:colcon.colcon_core.package_identification:_identify(src/py_bt_ros/scenarios) by extension 'colcon_meta'
[0.199s] Level 1:colcon.colcon_core.package_identification:_identify(src/py_bt_ros/scenarios) by extensions ['ros']
[0.199s] Level 1:colcon.colcon_core.package_identification:_identify(src/py_bt_ros/scenarios) by extension 'ros'
[0.200s] Level 1:colcon.colcon_core.package_identification:_identify(src/py_bt_ros/scenarios) by extensions ['cmake', 'python']
[0.200s] Level 1:colcon.colcon_core.package_identification:_identify(src/py_bt_ros/scenarios) by extension 'cmake'
[0.200s] Level 1:colcon.colcon_core.package_identification:_identify(src/py_bt_ros/scenarios) by extension 'python'
[0.200s] Level 1:colcon.colcon_core.package_identification:_identify(src/py_bt_ros/scenarios) by extensions ['python_setup_py']
[0.200s] Level 1:colcon.colcon_core.package_identification:_identify(src/py_bt_ros/scenarios) by extension 'python_setup_py'
[0.200s] Level 1:colcon.colcon_core.package_identification:_identify(src/py_bt_ros/scenarios/darkhorse) by extensions ['ignore', 'ignore_ament_install']
[0.200s] Level 1:colcon.colcon_core.package_identification:_identify(src/py_bt_ros/scenarios/darkhorse) by extension 'ignore'
[0.200s] Level 1:colcon.colcon_core.package_identification:_identify(src/py_bt_ros/scenarios/darkhorse) by extension 'ignore_ament_install'
[0.200s] Level 1:colcon.colcon_core.package_identification:_identify(src/py_bt_ros/scenarios/darkhorse) by extensions ['colcon_pkg']
[0.200s] Level 1:colcon.colcon_core.package_identification:_identify(src/py_bt_ros/scenarios/darkhorse) by extension 'colcon_pkg'
[0.200s] Level 1:colcon.colcon_core.package_identification:_identify(src/py_bt_ros/scenarios/darkhorse) by extensions ['colcon_meta']
[0.200s] Level 1:colcon.colcon_core.package_identification:_identify(src/py_bt_ros/scenarios/darkhorse) by extension 'colcon_meta'
[0.200s] Level 1:colcon.colcon_core.package_identification:_identify(src/py_bt_ros/scenarios/darkhorse) by extensions ['ros']
[0.200s] Level 1:colcon.colcon_core.package_identification:_identify(src/py_bt_ros/scenarios/darkhorse) by extension 'ros'
[0.200s] Level 1:colcon.colcon_core.package_identification:_identify(src/py_bt_ros/scenarios/darkhorse) by extensions ['cmake', 'python']
[0.200s] Level 1:colcon.colcon_core.package_identification:_identify(src/py_bt_ros/scenarios/darkhorse) by extension 'cmake'
[0.200s] Level 1:colcon.colcon_core.package_identification:_identify(src/py_bt_ros/scenarios/darkhorse) by extension 'python'
[0.200s] Level 1:colcon.colcon_core.package_identification:_identify(src/py_bt_ros/scenarios/darkhorse) by extensions ['python_setup_py']
[0.200s] Level 1:colcon.colcon_core.package_identification:_identify(src/py_bt_ros/scenarios/darkhorse) by extension 'python_setup_py'
[0.200s] Level 1:colcon.colcon_core.package_identification:_identify(src/py_bt_ros/scenarios/darkhorse/__pycache__) by extensions ['ignore', 'ignore_ament_install']
[0.200s] Level 1:colcon.colcon_core.package_identification:_identify(src/py_bt_ros/scenarios/darkhorse/__pycache__) by extension 'ignore'
[0.200s] Level 1:colcon.colcon_core.package_identification:_identify(src/py_bt_ros/scenarios/darkhorse/__pycache__) by extension 'ignore_ament_install'
[0.200s] Level 1:colcon.colcon_core.package_identification:_identify(src/py_bt_ros/scenarios/darkhorse/__pycache__) by extensions ['colcon_pkg']
[0.200s] Level 1:colcon.colcon_core.package_identification:_identify(src/py_bt_ros/scenarios/darkhorse/__pycache__) by extension 'colcon_pkg'
[0.200s] Level 1:colcon.colcon_core.package_identification:_identify(src/py_bt_ros/scenarios/darkhorse/__pycache__) by extensions ['colcon_meta']
[0.200s] Level 1:colcon.colcon_core.package_identification:_identify(src/py_bt_ros/scenarios/darkhorse/__pycache__) by extension 'colcon_meta'
[0.200s] Level 1:colcon.colcon_core.package_identification:_identify(src/py_bt_ros/scenarios/darkhorse/__pycache__) by extensions ['ros']
[0.200s] Level 1:colcon.colcon_core.package_identification:_identify(src/py_bt_ros/scenarios/darkhorse/__pycache__) by extension 'ros'
[0.200s] Level 1:colcon.colcon_core.package_identification:_identify(src/py_bt_ros/scenarios/darkhorse/__pycache__) by extensions ['cmake', 'python']
[0.200s] Level 1:colcon.colcon_core.package_identification:_identify(src/py_bt_ros/scenarios/darkhorse/__pycache__) by extension 'cmake'
[0.200s] Level 1:colcon.colcon_core.package_identification:_identify(src/py_bt_ros/scenarios/darkhorse/__pycache__) by extension 'python'
[0.200s] Level 1:colcon.colcon_core.package_identification:_identify(src/py_bt_ros/scenarios/darkhorse/__pycache__) by extensions ['python_setup_py']
[0.200s] Level 1:colcon.colcon_core.package_identification:_identify(src/py_bt_ros/scenarios/darkhorse/__pycache__) by extension 'python_setup_py'
[0.200s] Level 1:colcon.colcon_core.package_identification:_identify(src/qr_scanner) by extensions ['ignore', 'ignore_ament_install']
[0.200s] Level 1:colcon.colcon_core.package_identification:_identify(src/qr_scanner) by extension 'ignore'
[0.200s] Level 1:colcon.colcon_core.package_identification:_identify(src/qr_scanner) by extension 'ignore_ament_install'
[0.200s] Level 1:colcon.colcon_core.package_identification:_identify(src/qr_scanner) by extensions ['colcon_pkg']
[0.200s] Level 1:colcon.colcon_core.package_identification:_identify(src/qr_scanner) by extension 'colcon_pkg'
[0.200s] Level 1:colcon.colcon_core.package_identification:_identify(src/qr_scanner) by extensions ['colcon_meta']
[0.200s] Level 1:colcon.colcon_core.package_identification:_identify(src/qr_scanner) by extension 'colcon_meta'
[0.200s] Level 1:colcon.colcon_core.package_identification:_identify(src/qr_scanner) by extensions ['ros']
[0.200s] Level 1:colcon.colcon_core.package_identification:_identify(src/qr_scanner) by extension 'ros'
[0.201s] DEBUG:colcon.colcon_core.package_identification:Package 'src/qr_scanner' with type 'ros.ament_python' and name 'qr_scanner'
[0.201s] Level 1:colcon.colcon_core.package_identification:_identify(src/smart_dispatcher) by extensions ['ignore', 'ignore_ament_install']
[0.201s] Level 1:colcon.colcon_core.package_identification:_identify(src/smart_dispatcher) by extension 'ignore'
[0.201s] Level 1:colcon.colcon_core.package_identification:_identify(src/smart_dispatcher) by extension 'ignore_ament_install'
[0.201s] Level 1:colcon.colcon_core.package_identification:_identify(src/smart_dispatcher) by extensions ['colcon_pkg']
[0.201s] Level 1:colcon.colcon_core.package_identification:_identify(src/smart_dispatcher) by extension 'colcon_pkg'
[0.201s] Level 1:colcon.colcon_core.package_identification:_identify(src/smart_dispatcher) by extensions ['colcon_meta']
[0.201s] Level 1:colcon.colcon_core.package_identification:_identify(src/smart_dispatcher) by extension 'colcon_meta'
[0.201s] Level 1:colcon.colcon_core.package_identification:_identify(src/smart_dispatcher) by extensions ['ros']
[0.201s] Level 1:colcon.colcon_core.package_identification:_identify(src/smart_dispatcher) by extension 'ros'
[0.201s] DEBUG:colcon.colcon_core.package_identification:Package 'src/smart_dispatcher' with type 'ros.ament_python' and name 'smart_dispatcher'
[0.201s] Level 1:colcon.colcon_core.package_identification:_identify(src/smart_hospital_control) by extensions ['ignore', 'ignore_ament_install']
[0.202s] Level 1:colcon.colcon_core.package_identification:_identify(src/smart_hospital_control) by extension 'ignore'
[0.202s] Level 1:colcon.colcon_core.package_identification:_identify(src/smart_hospital_control) by extension 'ignore_ament_install'
[0.202s] Level 1:colcon.colcon_core.package_identification:_identify(src/smart_hospital_control) by extensions ['colcon_pkg']
[0.202s] Level 1:colcon.colcon_core.package_identification:_identify(src/smart_hospital_control) by extension 'colcon_pkg'
[0.202s] Level 1:colcon.colcon_core.package_identification:_identify(src/smart_hospital_control) by extensions ['colcon_meta']
[0.202s] Level 1:colcon.colcon_core.package_identification:_identify(src/smart_hospital_control) by extension 'colcon_meta'
[0.202s] Level 1:colcon.colcon_core.package_identification:_identify(src/smart_hospital_control) by extensions ['ros']
[0.202s] Level 1:colcon.colcon_core.package_identification:_identify(src/smart_hospital_control) by extension 'ros'
[0.202s] DEBUG:colcon.colcon_core.package_identification:Package 'src/smart_hospital_control' with type 'ros.ament_python' and name 'smart_hospital_control'
[0.202s] Level 1:colcon.colcon_core.package_identification:_identify(src/smart_hospital_system) by extensions ['ignore', 'ignore_ament_install']
[0.202s] Level 1:colcon.colcon_core.package_identification:_identify(src/smart_hospital_system) by extension 'ignore'
[0.202s] Level 1:colcon.colcon_core.package_identification:_identify(src/smart_hospital_system) by extension 'ignore_ament_install'
[0.202s] Level 1:colcon.colcon_core.package_identification:_identify(src/smart_hospital_system) by extensions ['colcon_pkg']
[0.202s] Level 1:colcon.colcon_core.package_identification:_identify(src/smart_hospital_system) by extension 'colcon_pkg'
[0.202s] Level 1:colcon.colcon_core.package_identification:_identify(src/smart_hospital_system) by extensions ['colcon_meta']
[0.202s] Level 1:colcon.colcon_core.package_identification:_identify(src/smart_hospital_system) by extension 'colcon_meta'
[0.202s] Level 1:colcon.colcon_core.package_identification:_identify(src/smart_hospital_system) by extensions ['ros']
[0.202s] Level 1:colcon.colcon_core.package_identification:_identify(src/smart_hospital_system) by extension 'ros'
[0.203s] DEBUG:colcon.colcon_core.package_identification:Package 'src/smart_hospital_system' with type 'ros.ament_python' and name 'smart_hospital_system'
[0.203s] Level 1:colcon.colcon_core.package_discovery:discover_packages(recursive) using defaults
[0.203s] Level 1:colcon.colcon_core.package_discovery:discover_packages(ignore) discover
[0.203s] Level 1:colcon.colcon_core.package_discovery:discover_packages(ignore) using defaults
[0.203s] Level 1:colcon.colcon_core.package_discovery:discover_packages(path) discover
[0.203s] Level 1:colcon.colcon_core.package_discovery:discover_packages(path) using defaults
[0.216s] INFO:colcon.colcon_core.package_selection:Skipping not selected package 'doctor_ui_pkg' in 'src/doctor_ui_pkg'
[0.217s] INFO:colcon.colcon_core.package_selection:Skipping not selected package 'hospital_setup' in 'src/hospital_setup'
[0.217s] INFO:colcon.colcon_core.package_selection:Skipping not selected package 'limo_interfaces' in 'src/limo_interfaces'
[0.217s] INFO:colcon.colcon_core.package_selection:Skipping not selected package 'limo_speed_ctrl' in 'src/limo_speed_ctrl'
[0.217s] INFO:colcon.colcon_core.package_selection:Skipping not selected package 'my_bringup' in 'src/my_bringup'
[0.217s] INFO:colcon.colcon_core.package_selection:Skipping not selected package 'qr_scanner' in 'src/qr_scanner'
[0.217s] INFO:colcon.colcon_core.package_selection:Skipping not selected package 'smart_dispatcher' in 'src/smart_dispatcher'
[0.217s] INFO:colcon.colcon_core.package_selection:Skipping not selected package 'smart_hospital_control' in 'src/smart_hospital_control'
[0.217s] INFO:colcon.colcon_core.package_selection:Skipping not selected package 'smart_hospital_system' in 'src/smart_hospital_system'
[0.217s] INFO:colcon.colcon_core.package_selection:Skipping not selected package 'limo_tts' in 'src/limo_tts'
[0.217s] Level 1:colcon.colcon_core.package_discovery:discover_packages(prefix_path) check parameters
[0.217s] Level 1:colcon.colcon_core.package_discovery:discover_packages(prefix_path) discover
[0.218s] DEBUG:colcon.colcon_installed_package_information.package_discovery:Found 11 installed packages in /home/jinshim/darkhorse/install
[0.219s] DEBUG:colcon.colcon_installed_package_information.package_discovery:Found 414 installed packages in /opt/ros/humble
[0.220s] Level 1:colcon.colcon_core.package_discovery:discover_packages(prefix_path) using defaults
[0.250s] Level 5:colcon.colcon_core.verb:set package 'form_start_trigger' build argument 'cmake_args' from command line to 'None'
[0.250s] Level 5:colcon.colcon_core.verb:set package 'form_start_trigger' build argument 'cmake_target' from command line to 'None'
[0.250s] Level 5:colcon.colcon_core.verb:set package 'form_start_trigger' build argument 'cmake_target_skip_unavailable' from command line to 'False'
[0.250s] Level 5:colcon.colcon_core.verb:set package 'form_start_trigger' build argument 'cmake_clean_cache' from command line to 'False'
[0.250s] Level 5:colcon.colcon_core.verb:set package 'form_start_trigger' build argument 'cmake_clean_first' from command line to 'False'
[0.250s] Level 5:colcon.colcon_core.verb:set package 'form_start_trigger' build argument 'cmake_force_configure' from command line to 'False'
[0.250s] Level 5:colcon.colcon_core.verb:set package 'form_start_trigger' build argument 'ament_cmake_args' from command line to 'None'
[0.250s] Level 5:colcon.colcon_core.verb:set package 'form_start_trigger' build argument 'catkin_cmake_args' from command line to 'None'
[0.250s] Level 5:colcon.colcon_core.verb:set package 'form_start_trigger' build argument 'catkin_skip_building_tests' from command line to 'False'
[0.250s] DEBUG:colcon.colcon_core.verb:Building package 'form_start_trigger' with the following arguments: {'ament_cmake_args': None, 'build_base': '/home/jinshim/darkhorse/build/form_start_trigger', 'catkin_cmake_args': None, 'catkin_skip_building_tests': False, 'cmake_args': None, 'cmake_clean_cache': False, 'cmake_clean_first': False, 'cmake_force_configure': False, 'cmake_target': None, 'cmake_target_skip_unavailable': False, 'install_base': '/home/jinshim/darkhorse/install/form_start_trigger', 'merge_install': False, 'path': '/home/jinshim/darkhorse/src/form_start_trigger', 'symlink_install': True, 'test_result_base': None}
[0.250s] INFO:colcon.colcon_core.executor:Executing jobs using 'parallel' executor
[0.251s] DEBUG:colcon.colcon_parallel_executor.executor.parallel:run_until_complete
[0.251s] INFO:colcon.colcon_ros.task.ament_python.build:Building ROS package in '/home/jinshim/darkhorse/src/form_start_trigger' with build type 'ament_python'
[0.251s] Level 1:colcon.colcon_core.shell:create_environment_hook('form_start_trigger', 'ament_prefix_path')
[0.253s] INFO:colcon.colcon_core.plugin_system:Skipping extension 'colcon_core.shell.bat': Not used on non-Windows systems
[0.253s] INFO:colcon.colcon_core.shell:Creating environment hook '/home/jinshim/darkhorse/install/form_start_trigger/share/form_start_trigger/hook/ament_prefix_path.ps1'
[0.253s] INFO:colcon.colcon_core.shell:Creating environment descriptor '/home/jinshim/darkhorse/install/form_start_trigger/share/form_start_trigger/hook/ament_prefix_path.dsv'
[0.254s] INFO:colcon.colcon_core.shell:Creating environment hook '/home/jinshim/darkhorse/install/form_start_trigger/share/form_start_trigger/hook/ament_prefix_path.sh'
[0.254s] INFO:colcon.colcon_core.shell:Skip shell extension 'powershell' for command environment: Not usable outside of PowerShell
[0.254s] DEBUG:colcon.colcon_core.shell:Skip shell extension 'dsv' for command environment
[0.426s] INFO:colcon.colcon_core.task.python.build:Building Python package in '/home/jinshim/darkhorse/src/form_start_trigger'
[0.426s] INFO:colcon.colcon_core.shell:Skip shell extension 'powershell' for command environment: Not usable outside of PowerShell
[0.426s] DEBUG:colcon.colcon_core.shell:Skip shell extension 'dsv' for command environment
[0.661s] DEBUG:colcon.colcon_core.event_handler.log_command:Invoking command in '/home/jinshim/darkhorse/build/form_start_trigger': PYTHONPATH=/home/jinshim/darkhorse/build/form_start_trigger/prefix_override:/usr/lib/python3/dist-packages/colcon_core/task/python/colcon_distutils_commands:/home/jinshim/darkhorse/install/form_start_trigger/lib/python3.10/site-packages:${PYTHONPATH} /usr/bin/python3 -W ignore:setup.py install is deprecated -W ignore:easy_install command is deprecated setup.py develop --editable --build-directory /home/jinshim/darkhorse/build/form_start_trigger/build --no-deps symlink_data
[0.964s] Level 1:colcon.colcon_core.shell:create_environment_hook('form_start_trigger', 'pythonpath_develop')
[0.965s] DEBUG:colcon.colcon_core.event_handler.log_command:Invoked command in '/home/jinshim/darkhorse/build/form_start_trigger' returned '0': PYTHONPATH=/home/jinshim/darkhorse/build/form_start_trigger/prefix_override:/usr/lib/python3/dist-packages/colcon_core/task/python/colcon_distutils_commands:/home/jinshim/darkhorse/install/form_start_trigger/lib/python3.10/site-packages:${PYTHONPATH} /usr/bin/python3 -W ignore:setup.py install is deprecated -W ignore:easy_install command is deprecated setup.py develop --editable --build-directory /home/jinshim/darkhorse/build/form_start_trigger/build --no-deps symlink_data
[0.966s] INFO:colcon.colcon_core.shell:Creating environment hook '/home/jinshim/darkhorse/build/form_start_trigger/share/form_start_trigger/hook/pythonpath_develop.ps1'
[0.966s] INFO:colcon.colcon_core.shell:Creating environment descriptor '/home/jinshim/darkhorse/build/form_start_trigger/share/form_start_trigger/hook/pythonpath_develop.dsv'
[0.967s] INFO:colcon.colcon_core.shell:Creating environment hook '/home/jinshim/darkhorse/build/form_start_trigger/share/form_start_trigger/hook/pythonpath_develop.sh'
[0.969s] Level 1:colcon.colcon_core.environment:checking '/home/jinshim/darkhorse/install/form_start_trigger' for CMake module files
[0.969s] Level 1:colcon.colcon_core.environment:checking '/home/jinshim/darkhorse/install/form_start_trigger' for CMake config files
[0.970s] Level 1:colcon.colcon_core.environment:checking '/home/jinshim/darkhorse/install/form_start_trigger/lib'
[0.970s] Level 1:colcon.colcon_core.environment:checking '/home/jinshim/darkhorse/install/form_start_trigger/bin'
[0.970s] Level 1:colcon.colcon_core.environment:checking '/home/jinshim/darkhorse/install/form_start_trigger/lib/pkgconfig/form_start_trigger.pc'
[0.970s] Level 1:colcon.colcon_core.environment:checking '/home/jinshim/darkhorse/install/form_start_trigger/lib/python3.10/site-packages'
[0.970s] Level 1:colcon.colcon_core.shell:create_environment_hook('form_start_trigger', 'pythonpath')
[0.970s] INFO:colcon.colcon_core.shell:Creating environment hook '/home/jinshim/darkhorse/install/form_start_trigger/share/form_start_trigger/hook/pythonpath.ps1'
[0.970s] INFO:colcon.colcon_core.shell:Creating environment descriptor '/home/jinshim/darkhorse/install/form_start_trigger/share/form_start_trigger/hook/pythonpath.dsv'
[0.970s] INFO:colcon.colcon_core.shell:Creating environment hook '/home/jinshim/darkhorse/install/form_start_trigger/share/form_start_trigger/hook/pythonpath.sh'
[0.971s] Level 1:colcon.colcon_core.environment:checking '/home/jinshim/darkhorse/install/form_start_trigger/bin'
[0.971s] Level 1:colcon.colcon_core.environment:create_environment_scripts_only(form_start_trigger)
[0.971s] INFO:colcon.colcon_core.shell:Creating package script '/home/jinshim/darkhorse/install/form_start_trigger/share/form_start_trigger/package.ps1'
[0.972s] INFO:colcon.colcon_core.shell:Creating package descriptor '/home/jinshim/darkhorse/install/form_start_trigger/share/form_start_trigger/package.dsv'
[0.972s] INFO:colcon.colcon_core.shell:Creating package script '/home/jinshim/darkhorse/install/form_start_trigger/share/form_start_trigger/package.sh'
[0.972s] INFO:colcon.colcon_core.shell:Creating package script '/home/jinshim/darkhorse/install/form_start_trigger/share/form_start_trigger/package.bash'
[0.973s] INFO:colcon.colcon_core.shell:Creating package script '/home/jinshim/darkhorse/install/form_start_trigger/share/form_start_trigger/package.zsh'
[0.973s] Level 1:colcon.colcon_core.environment:create_file_with_runtime_dependencies(/home/jinshim/darkhorse/install/form_start_trigger/share/colcon-core/packages/form_start_trigger)
[0.974s] DEBUG:colcon.colcon_parallel_executor.executor.parallel:closing loop
[0.974s] DEBUG:colcon.colcon_parallel_executor.executor.parallel:loop closed
[0.974s] DEBUG:colcon.colcon_parallel_executor.executor.parallel:run_until_complete finished with '0'
[0.974s] DEBUG:colcon.colcon_core.event_reactor:joining thread
[0.978s] INFO:colcon.colcon_core.plugin_system:Skipping extension 'colcon_notification.desktop_notification.terminal_notifier': Not used on non-Darwin systems
[0.978s] INFO:colcon.colcon_core.plugin_system:Skipping extension 'colcon_notification.desktop_notification.win32': Not used on non-Windows systems
[0.978s] INFO:colcon.colcon_notification.desktop_notification:Sending desktop notification using 'notify2'
[0.987s] DEBUG:colcon.colcon_core.event_reactor:joined thread
[0.987s] INFO:colcon.colcon_core.shell:Creating prefix script '/home/jinshim/darkhorse/install/local_setup.ps1'
[0.988s] INFO:colcon.colcon_core.shell:Creating prefix util module '/home/jinshim/darkhorse/install/_local_setup_util_ps1.py'
[0.988s] INFO:colcon.colcon_core.shell:Creating prefix chain script '/home/jinshim/darkhorse/install/setup.ps1'
[0.989s] INFO:colcon.colcon_core.shell:Creating prefix script '/home/jinshim/darkhorse/install/local_setup.sh'
[0.989s] INFO:colcon.colcon_core.shell:Creating prefix util module '/home/jinshim/darkhorse/install/_local_setup_util_sh.py'
[0.990s] INFO:colcon.colcon_core.shell:Creating prefix chain script '/home/jinshim/darkhorse/install/setup.sh'
[0.990s] INFO:colcon.colcon_core.shell:Creating prefix script '/home/jinshim/darkhorse/install/local_setup.bash'
[0.991s] INFO:colcon.colcon_core.shell:Creating prefix chain script '/home/jinshim/darkhorse/install/setup.bash'
[0.991s] INFO:colcon.colcon_core.shell:Creating prefix script '/home/jinshim/darkhorse/install/local_setup.zsh'
[0.992s] INFO:colcon.colcon_core.shell:Creating prefix chain script '/home/jinshim/darkhorse/install/setup.zsh'
