[1.984s] Invoking command in '/home/jinshim/darkhorse/build/qr_scanner': PYTHONPATH=/home/jinshim/darkhorse/build/qr_scanner/prefix_override:/usr/lib/python3/dist-packages/colcon_core/task/python/colcon_distutils_commands:/home/jinshim/darkhorse/install/qr_scanner/lib/python3.10/site-packages:${PYTHONPATH} /usr/bin/python3 -W ignore:setup.py install is deprecated -W ignore:easy_install command is deprecated setup.py develop --editable --build-directory /home/jinshim/darkhorse/build/qr_scanner/build --no-deps symlink_data
[2.290s] running develop
[2.499s] running egg_info
[2.499s] creating qr_scanner.egg-info
[2.500s] writing qr_scanner.egg-info/PKG-INFO
[2.500s] writing dependency_links to qr_scanner.egg-info/dependency_links.txt
[2.500s] writing entry points to qr_scanner.egg-info/entry_points.txt
[2.500s] writing requirements to qr_scanner.egg-info/requires.txt
[2.500s] writing top-level names to qr_scanner.egg-info/top_level.txt
[2.500s] writing manifest file 'qr_scanner.egg-info/SOURCES.txt'
[2.503s] reading manifest file 'qr_scanner.egg-info/SOURCES.txt'
[2.503s] writing manifest file 'qr_scanner.egg-info/SOURCES.txt'
[2.505s] running build_ext
[2.505s] Creating /home/jinshim/darkhorse/install/qr_scanner/lib/python3.10/site-packages/qr-scanner.egg-link (link to .)
[2.506s] Installing qr_registration script to /home/jinshim/darkhorse/install/qr_scanner/lib/qr_scanner
[2.506s] 
[2.506s] Installed /home/jinshim/darkhorse/build/qr_scanner
[2.506s] running symlink_data
[2.507s] creating /home/jinshim/darkhorse/install/qr_scanner/share/ament_index
[2.507s] creating /home/jinshim/darkhorse/install/qr_scanner/share/ament_index/resource_index
[2.507s] creating /home/jinshim/darkhorse/install/qr_scanner/share/ament_index/resource_index/packages
[2.507s] symbolically linking /home/jinshim/darkhorse/build/qr_scanner/resource/qr_scanner -> /home/jinshim/darkhorse/install/qr_scanner/share/ament_index/resource_index/packages
[2.507s] symbolically linking /home/jinshim/darkhorse/build/qr_scanner/package.xml -> /home/jinshim/darkhorse/install/qr_scanner/share/qr_scanner
[2.537s] Invoked command in '/home/jinshim/darkhorse/build/qr_scanner' returned '0': PYTHONPATH=/home/jinshim/darkhorse/build/qr_scanner/prefix_override:/usr/lib/python3/dist-packages/colcon_core/task/python/colcon_distutils_commands:/home/jinshim/darkhorse/install/qr_scanner/lib/python3.10/site-packages:${PYTHONPATH} /usr/bin/python3 -W ignore:setup.py install is deprecated -W ignore:easy_install command is deprecated setup.py develop --editable --build-directory /home/jinshim/darkhorse/build/qr_scanner/build --no-deps symlink_data
