running develop
running egg_info
creating smart_hospital_system.egg-info
writing smart_hospital_system.egg-info/PKG-INFO
writing dependency_links to smart_hospital_system.egg-info/dependency_links.txt
writing entry points to smart_hospital_system.egg-info/entry_points.txt
writing requirements to smart_hospital_system.egg-info/requires.txt
writing top-level names to smart_hospital_system.egg-info/top_level.txt
writing manifest file 'smart_hospital_system.egg-info/SOURCES.txt'
reading manifest file 'smart_hospital_system.egg-info/SOURCES.txt'
writing manifest file 'smart_hospital_system.egg-info/SOURCES.txt'
running build_ext
Creating /home/jinshim/darkhorse/install/smart_hospital_system/lib/python3.10/site-packages/smart-hospital-system.egg-link (link to .)
Installing dashboard_ui script to /home/jinshim/darkhorse/install/smart_hospital_system/lib/smart_hospital_system
Installing doctor_ui script to /home/jinshim/darkhorse/install/smart_hospital_system/lib/smart_hospital_system
Installing patient_ui script to /home/jinshim/darkhorse/install/smart_hospital_system/lib/smart_hospital_system
Installing qr_api_node script to /home/jinshim/darkhorse/install/smart_hospital_system/lib/smart_hospital_system

Installed /home/jinshim/darkhorse/build/smart_hospital_system
running symlink_data
creating /home/jinshim/darkhorse/install/smart_hospital_system/share/ament_index
creating /home/jinshim/darkhorse/install/smart_hospital_system/share/ament_index/resource_index
creating /home/jinshim/darkhorse/install/smart_hospital_system/share/ament_index/resource_index/packages
symbolically linking /home/jinshim/darkhorse/build/smart_hospital_system/resource/smart_hospital_system -> /home/jinshim/darkhorse/install/smart_hospital_system/share/ament_index/resource_index/packages
symbolically linking /home/jinshim/darkhorse/build/smart_hospital_system/package.xml -> /home/jinshim/darkhorse/install/smart_hospital_system/share/smart_hospital_system
creating /home/jinshim/darkhorse/install/smart_hospital_system/share/smart_hospital_system/launch
symbolically linking /home/jinshim/darkhorse/build/smart_hospital_system/launch/hospital_system.launch.py -> /home/jinshim/darkhorse/install/smart_hospital_system/share/smart_hospital_system/launch
