[2.036s] Invoking command in '/home/jinshim/darkhorse/build/smart_hospital_system': PYTHONPATH=/home/jinshim/darkhorse/build/smart_hospital_system/prefix_override:/usr/lib/python3/dist-packages/colcon_core/task/python/colcon_distutils_commands:/home/jinshim/darkhorse/install/smart_hospital_system/lib/python3.10/site-packages:${PYTHONPATH} /usr/bin/python3 -W ignore:setup.py install is deprecated -W ignore:easy_install command is deprecated setup.py develop --editable --build-directory /home/jinshim/darkhorse/build/smart_hospital_system/build --no-deps symlink_data
[2.428s] running develop
[2.659s] running egg_info
[2.659s] creating smart_hospital_system.egg-info
[2.659s] writing smart_hospital_system.egg-info/PKG-INFO
[2.660s] writing dependency_links to smart_hospital_system.egg-info/dependency_links.txt
[2.660s] writing entry points to smart_hospital_system.egg-info/entry_points.txt
[2.660s] writing requirements to smart_hospital_system.egg-info/requires.txt
[2.660s] writing top-level names to smart_hospital_system.egg-info/top_level.txt
[2.660s] writing manifest file 'smart_hospital_system.egg-info/SOURCES.txt'
[2.661s] reading manifest file 'smart_hospital_system.egg-info/SOURCES.txt'
[2.661s] writing manifest file 'smart_hospital_system.egg-info/SOURCES.txt'
[2.663s] running build_ext
[2.663s] Creating /home/jinshim/darkhorse/install/smart_hospital_system/lib/python3.10/site-packages/smart-hospital-system.egg-link (link to .)
[2.663s] Installing dashboard_ui script to /home/jinshim/darkhorse/install/smart_hospital_system/lib/smart_hospital_system
[2.663s] Installing doctor_ui script to /home/jinshim/darkhorse/install/smart_hospital_system/lib/smart_hospital_system
[2.664s] Installing patient_ui script to /home/jinshim/darkhorse/install/smart_hospital_system/lib/smart_hospital_system
[2.664s] Installing qr_api_node script to /home/jinshim/darkhorse/install/smart_hospital_system/lib/smart_hospital_system
[2.664s] 
[2.664s] Installed /home/jinshim/darkhorse/build/smart_hospital_system
[2.664s] running symlink_data
[2.664s] creating /home/jinshim/darkhorse/install/smart_hospital_system/share/ament_index
[2.664s] creating /home/jinshim/darkhorse/install/smart_hospital_system/share/ament_index/resource_index
[2.664s] creating /home/jinshim/darkhorse/install/smart_hospital_system/share/ament_index/resource_index/packages
[2.664s] symbolically linking /home/jinshim/darkhorse/build/smart_hospital_system/resource/smart_hospital_system -> /home/jinshim/darkhorse/install/smart_hospital_system/share/ament_index/resource_index/packages
[2.664s] symbolically linking /home/jinshim/darkhorse/build/smart_hospital_system/package.xml -> /home/jinshim/darkhorse/install/smart_hospital_system/share/smart_hospital_system
[2.664s] creating /home/jinshim/darkhorse/install/smart_hospital_system/share/smart_hospital_system/launch
[2.664s] symbolically linking /home/jinshim/darkhorse/build/smart_hospital_system/launch/hospital_system.launch.py -> /home/jinshim/darkhorse/install/smart_hospital_system/share/smart_hospital_system/launch
[2.688s] Invoked command in '/home/jinshim/darkhorse/build/smart_hospital_system' returned '0': PYTHONPATH=/home/jinshim/darkhorse/build/smart_hospital_system/prefix_override:/usr/lib/python3/dist-packages/colcon_core/task/python/colcon_distutils_commands:/home/jinshim/darkhorse/install/smart_hospital_system/lib/python3.10/site-packages:${PYTHONPATH} /usr/bin/python3 -W ignore:setup.py install is deprecated -W ignore:easy_install command is deprecated setup.py develop --editable --build-directory /home/jinshim/darkhorse/build/smart_hospital_system/build --no-deps symlink_data
