running develop
running egg_info
creating my_bringup.egg-info
writing my_bringup.egg-info/PKG-INFO
writing dependency_links to my_bringup.egg-info/dependency_links.txt
writing entry points to my_bringup.egg-info/entry_points.txt
writing requirements to my_bringup.egg-info/requires.txt
writing top-level names to my_bringup.egg-info/top_level.txt
writing manifest file 'my_bringup.egg-info/SOURCES.txt'
reading manifest file 'my_bringup.egg-info/SOURCES.txt'
writing manifest file 'my_bringup.egg-info/SOURCES.txt'
running build_ext
Creating /home/flynn/darkhorse/install/my_bringup/lib/python3.10/site-packages/my-bringup.egg-link (link to .)

Installed /home/flynn/darkhorse/build/my_bringup
running symlink_data
creating /home/flynn/darkhorse/install/my_bringup/share/ament_index
creating /home/flynn/darkhorse/install/my_bringup/share/ament_index/resource_index
creating /home/flynn/darkhorse/install/my_bringup/share/ament_index/resource_index/packages
symbolically linking /home/flynn/darkhorse/build/my_bringup/resource/my_bringup -> /home/flynn/darkhorse/install/my_bringup/share/ament_index/resource_index/packages
symbolically linking /home/flynn/darkhorse/build/my_bringup/package.xml -> /home/flynn/darkhorse/install/my_bringup/share/my_bringup
creating /home/flynn/darkhorse/install/my_bringup/share/my_bringup/launch
symbolically linking /home/flynn/darkhorse/build/my_bringup/launch/system.launch.py -> /home/flynn/darkhorse/install/my_bringup/share/my_bringup/launch
