[0.769s] Invoking command in '/home/flynn/darkhorse/build/my_bringup': PYTHONPATH=/home/flynn/darkhorse/build/my_bringup/prefix_override:/usr/lib/python3/dist-packages/colcon_core/task/python/colcon_distutils_commands:/home/flynn/darkhorse/install/my_bringup/lib/python3.10/site-packages:${PYTHONPATH} /usr/bin/python3 -W ignore:setup.py install is deprecated -W ignore:easy_install command is deprecated setup.py develop --editable --build-directory /home/flynn/darkhorse/build/my_bringup/build --no-deps symlink_data
[0.945s] running develop
[1.056s] running egg_info
[1.056s] creating my_bringup.egg-info
[1.056s] writing my_bringup.egg-info/PKG-INFO
[1.056s] writing dependency_links to my_bringup.egg-info/dependency_links.txt
[1.056s] writing entry points to my_bringup.egg-info/entry_points.txt
[1.056s] writing requirements to my_bringup.egg-info/requires.txt
[1.056s] writing top-level names to my_bringup.egg-info/top_level.txt
[1.057s] writing manifest file 'my_bringup.egg-info/SOURCES.txt'
[1.057s] reading manifest file 'my_bringup.egg-info/SOURCES.txt'
[1.057s] writing manifest file 'my_bringup.egg-info/SOURCES.txt'
[1.059s] running build_ext
[1.059s] Creating /home/flynn/darkhorse/install/my_bringup/lib/python3.10/site-packages/my-bringup.egg-link (link to .)
[1.059s] 
[1.059s] Installed /home/flynn/darkhorse/build/my_bringup
[1.059s] running symlink_data
[1.059s] creating /home/flynn/darkhorse/install/my_bringup/share/ament_index
[1.060s] creating /home/flynn/darkhorse/install/my_bringup/share/ament_index/resource_index
[1.060s] creating /home/flynn/darkhorse/install/my_bringup/share/ament_index/resource_index/packages
[1.060s] symbolically linking /home/flynn/darkhorse/build/my_bringup/resource/my_bringup -> /home/flynn/darkhorse/install/my_bringup/share/ament_index/resource_index/packages
[1.060s] symbolically linking /home/flynn/darkhorse/build/my_bringup/package.xml -> /home/flynn/darkhorse/install/my_bringup/share/my_bringup
[1.060s] creating /home/flynn/darkhorse/install/my_bringup/share/my_bringup/launch
[1.060s] symbolically linking /home/flynn/darkhorse/build/my_bringup/launch/system.launch.py -> /home/flynn/darkhorse/install/my_bringup/share/my_bringup/launch
[1.093s] Invoked command in '/home/flynn/darkhorse/build/my_bringup' returned '0': PYTHONPATH=/home/flynn/darkhorse/build/my_bringup/prefix_override:/usr/lib/python3/dist-packages/colcon_core/task/python/colcon_distutils_commands:/home/flynn/darkhorse/install/my_bringup/lib/python3.10/site-packages:${PYTHONPATH} /usr/bin/python3 -W ignore:setup.py install is deprecated -W ignore:easy_install command is deprecated setup.py develop --editable --build-directory /home/flynn/darkhorse/build/my_bringup/build --no-deps symlink_data
