running develop
Removing /home/flynn/darkhorse/install/patient_gui/lib/python3.10/site-packages/patient-gui.egg-link (link to .)
running egg_info
writing ../../build/patient_gui/patient_gui.egg-info/PKG-INFO
writing dependency_links to ../../build/patient_gui/patient_gui.egg-info/dependency_links.txt
writing entry points to ../../build/patient_gui/patient_gui.egg-info/entry_points.txt
writing requirements to ../../build/patient_gui/patient_gui.egg-info/requires.txt
writing top-level names to ../../build/patient_gui/patient_gui.egg-info/top_level.txt
reading manifest file '../../build/patient_gui/patient_gui.egg-info/SOURCES.txt'
writing manifest file '../../build/patient_gui/patient_gui.egg-info/SOURCES.txt'
running build
running build_py
creating /home/flynn/darkhorse/build/patient_gui/build
creating /home/flynn/darkhorse/build/patient_gui/build/lib
creating /home/flynn/darkhorse/build/patient_gui/build/lib/patient_gui
copying patient_gui/patient_gui_node.py -> /home/flynn/darkhorse/build/patient_gui/build/lib/patient_gui
copying patient_gui/__init__.py -> /home/flynn/darkhorse/build/patient_gui/build/lib/patient_gui
running install
running install_lib
creating /home/flynn/darkhorse/install/patient_gui/lib/python3.10/site-packages/patient_gui
copying /home/flynn/darkhorse/build/patient_gui/build/lib/patient_gui/patient_gui_node.py -> /home/flynn/darkhorse/install/patient_gui/lib/python3.10/site-packages/patient_gui
copying /home/flynn/darkhorse/build/patient_gui/build/lib/patient_gui/__init__.py -> /home/flynn/darkhorse/install/patient_gui/lib/python3.10/site-packages/patient_gui
byte-compiling /home/flynn/darkhorse/install/patient_gui/lib/python3.10/site-packages/patient_gui/patient_gui_node.py to patient_gui_node.cpython-310.pyc
byte-compiling /home/flynn/darkhorse/install/patient_gui/lib/python3.10/site-packages/patient_gui/__init__.py to __init__.cpython-310.pyc
running install_data
copying resource/patient_gui -> /home/flynn/darkhorse/install/patient_gui/share/ament_index/resource_index/packages
copying package.xml -> /home/flynn/darkhorse/install/patient_gui/share/patient_gui
running install_egg_info
Copying ../../build/patient_gui/patient_gui.egg-info to /home/flynn/darkhorse/install/patient_gui/lib/python3.10/site-packages/patient_gui-0.0.0-py3.10.egg-info
running install_scripts
Installing patient_ui script to /home/flynn/darkhorse/install/patient_gui/lib/patient_gui
writing list of installed files to '/home/flynn/darkhorse/build/patient_gui/install.log'
