[1.169s] Invoking command in '/home/flynn/darkhorse/build/patient_gui': PYTHONPATH=/home/flynn/darkhorse/build/patient_gui/prefix_override:/usr/lib/python3/dist-packages/colcon_core/task/python/colcon_distutils_commands:/home/flynn/darkhorse/install/patient_gui/lib/python3.10/site-packages:${PYTHONPATH} /usr/bin/python3 -W ignore:setup.py install is deprecated -W ignore:easy_install command is deprecated setup.py develop --uninstall --editable --build-directory /home/flynn/darkhorse/build/patient_gui/build
[1.360s] running develop
[1.468s] Removing /home/flynn/darkhorse/install/patient_gui/lib/python3.10/site-packages/patient-gui.egg-link (link to .)
[1.489s] Invoked command in '/home/flynn/darkhorse/build/patient_gui' returned '0': PYTHONPATH=/home/flynn/darkhorse/build/patient_gui/prefix_override:/usr/lib/python3/dist-packages/colcon_core/task/python/colcon_distutils_commands:/home/flynn/darkhorse/install/patient_gui/lib/python3.10/site-packages:${PYTHONPATH} /usr/bin/python3 -W ignore:setup.py install is deprecated -W ignore:easy_install command is deprecated setup.py develop --uninstall --editable --build-directory /home/flynn/darkhorse/build/patient_gui/build
[1.490s] Invoking command in '/home/flynn/darkhorse/src/patient_gui': PYTHONPATH=/home/flynn/darkhorse/build/patient_gui/prefix_override:/usr/lib/python3/dist-packages/colcon_core/task/python/colcon_distutils_commands:/home/flynn/darkhorse/install/patient_gui/lib/python3.10/site-packages:${PYTHONPATH} /usr/bin/python3 -W ignore:setup.py install is deprecated -W ignore:easy_install command is deprecated setup.py egg_info --egg-base ../../build/patient_gui build --build-base /home/flynn/darkhorse/build/patient_gui/build install --record /home/flynn/darkhorse/build/patient_gui/install.log --single-version-externally-managed install_data --force
[1.648s] running egg_info
[1.648s] writing ../../build/patient_gui/patient_gui.egg-info/PKG-INFO
[1.649s] writing dependency_links to ../../build/patient_gui/patient_gui.egg-info/dependency_links.txt
[1.649s] writing entry points to ../../build/patient_gui/patient_gui.egg-info/entry_points.txt
[1.649s] writing requirements to ../../build/patient_gui/patient_gui.egg-info/requires.txt
[1.649s] writing top-level names to ../../build/patient_gui/patient_gui.egg-info/top_level.txt
[1.650s] reading manifest file '../../build/patient_gui/patient_gui.egg-info/SOURCES.txt'
[1.651s] writing manifest file '../../build/patient_gui/patient_gui.egg-info/SOURCES.txt'
[1.651s] running build
[1.651s] running build_py
[1.651s] creating /home/flynn/darkhorse/build/patient_gui/build
[1.651s] creating /home/flynn/darkhorse/build/patient_gui/build/lib
[1.651s] creating /home/flynn/darkhorse/build/patient_gui/build/lib/patient_gui
[1.651s] copying patient_gui/patient_gui_node.py -> /home/flynn/darkhorse/build/patient_gui/build/lib/patient_gui
[1.651s] copying patient_gui/__init__.py -> /home/flynn/darkhorse/build/patient_gui/build/lib/patient_gui
[1.651s] running install
[1.651s] running install_lib
[1.652s] creating /home/flynn/darkhorse/install/patient_gui/lib/python3.10/site-packages/patient_gui
[1.652s] copying /home/flynn/darkhorse/build/patient_gui/build/lib/patient_gui/patient_gui_node.py -> /home/flynn/darkhorse/install/patient_gui/lib/python3.10/site-packages/patient_gui
[1.652s] copying /home/flynn/darkhorse/build/patient_gui/build/lib/patient_gui/__init__.py -> /home/flynn/darkhorse/install/patient_gui/lib/python3.10/site-packages/patient_gui
[1.652s] byte-compiling /home/flynn/darkhorse/install/patient_gui/lib/python3.10/site-packages/patient_gui/patient_gui_node.py to patient_gui_node.cpython-310.pyc
[1.653s] byte-compiling /home/flynn/darkhorse/install/patient_gui/lib/python3.10/site-packages/patient_gui/__init__.py to __init__.cpython-310.pyc
[1.653s] running install_data
[1.653s] copying resource/patient_gui -> /home/flynn/darkhorse/install/patient_gui/share/ament_index/resource_index/packages
[1.653s] copying package.xml -> /home/flynn/darkhorse/install/patient_gui/share/patient_gui
[1.653s] running install_egg_info
[1.654s] Copying ../../build/patient_gui/patient_gui.egg-info to /home/flynn/darkhorse/install/patient_gui/lib/python3.10/site-packages/patient_gui-0.0.0-py3.10.egg-info
[1.655s] running install_scripts
[1.670s] Installing patient_ui script to /home/flynn/darkhorse/install/patient_gui/lib/patient_gui
[1.670s] writing list of installed files to '/home/flynn/darkhorse/build/patient_gui/install.log'
[1.692s] Invoked command in '/home/flynn/darkhorse/src/patient_gui' returned '0': PYTHONPATH=/home/flynn/darkhorse/build/patient_gui/prefix_override:/usr/lib/python3/dist-packages/colcon_core/task/python/colcon_distutils_commands:/home/flynn/darkhorse/install/patient_gui/lib/python3.10/site-packages:${PYTHONPATH} /usr/bin/python3 -W ignore:setup.py install is deprecated -W ignore:easy_install command is deprecated setup.py egg_info --egg-base ../../build/patient_gui build --build-base /home/flynn/darkhorse/build/patient_gui/build install --record /home/flynn/darkhorse/build/patient_gui/install.log --single-version-externally-managed install_data --force
