running develop
running egg_info
creating patient_gui.egg-info
writing patient_gui.egg-info/PKG-INFO
writing dependency_links to patient_gui.egg-info/dependency_links.txt
writing entry points to patient_gui.egg-info/entry_points.txt
writing requirements to patient_gui.egg-info/requires.txt
writing top-level names to patient_gui.egg-info/top_level.txt
writing manifest file 'patient_gui.egg-info/SOURCES.txt'
reading manifest file 'patient_gui.egg-info/SOURCES.txt'
writing manifest file 'patient_gui.egg-info/SOURCES.txt'
running build_ext
Creating /home/flynn/darkhorse/install/patient_gui/lib/python3.10/site-packages/patient-gui.egg-link (link to .)
Installing patient_ui script to /home/flynn/darkhorse/install/patient_gui/lib/patient_gui

Installed /home/flynn/darkhorse/build/patient_gui
running symlink_data
creating /home/flynn/darkhorse/install/patient_gui/share/ament_index
creating /home/flynn/darkhorse/install/patient_gui/share/ament_index/resource_index
creating /home/flynn/darkhorse/install/patient_gui/share/ament_index/resource_index/packages
symbolically linking /home/flynn/darkhorse/build/patient_gui/resource/patient_gui -> /home/flynn/darkhorse/install/patient_gui/share/ament_index/resource_index/packages
symbolically linking /home/flynn/darkhorse/build/patient_gui/package.xml -> /home/flynn/darkhorse/install/patient_gui/share/patient_gui
