[0.481s] Invoking command in '/home/flynn/darkhorse/build/patient_gui': PYTHONPATH=/home/flynn/darkhorse/build/patient_gui/prefix_override:/usr/lib/python3/dist-packages/colcon_core/task/python/colcon_distutils_commands:/home/flynn/darkhorse/install/patient_gui/lib/python3.10/site-packages:${PYTHONPATH} /usr/bin/python3 -W ignore:setup.py install is deprecated -W ignore:easy_install command is deprecated setup.py develop --editable --build-directory /home/flynn/darkhorse/build/patient_gui/build --no-deps symlink_data
[0.653s] running develop
[0.748s] running egg_info
[0.748s] creating patient_gui.egg-info
[0.748s] writing patient_gui.egg-info/PKG-INFO
[0.749s] writing dependency_links to patient_gui.egg-info/dependency_links.txt
[0.749s] writing entry points to patient_gui.egg-info/entry_points.txt
[0.749s] writing requirements to patient_gui.egg-info/requires.txt
[0.749s] writing top-level names to patient_gui.egg-info/top_level.txt
[0.749s] writing manifest file 'patient_gui.egg-info/SOURCES.txt'
[0.750s] reading manifest file 'patient_gui.egg-info/SOURCES.txt'
[0.750s] writing manifest file 'patient_gui.egg-info/SOURCES.txt'
[0.751s] running build_ext
[0.751s] Creating /home/flynn/darkhorse/install/patient_gui/lib/python3.10/site-packages/patient-gui.egg-link (link to .)
[0.751s] Installing patient_ui script to /home/flynn/darkhorse/install/patient_gui/lib/patient_gui
[0.751s] 
[0.751s] Installed /home/flynn/darkhorse/build/patient_gui
[0.751s] running symlink_data
[0.752s] creating /home/flynn/darkhorse/install/patient_gui/share/ament_index
[0.752s] creating /home/flynn/darkhorse/install/patient_gui/share/ament_index/resource_index
[0.752s] creating /home/flynn/darkhorse/install/patient_gui/share/ament_index/resource_index/packages
[0.752s] symbolically linking /home/flynn/darkhorse/build/patient_gui/resource/patient_gui -> /home/flynn/darkhorse/install/patient_gui/share/ament_index/resource_index/packages
[0.752s] symbolically linking /home/flynn/darkhorse/build/patient_gui/package.xml -> /home/flynn/darkhorse/install/patient_gui/share/patient_gui
[0.768s] Invoked command in '/home/flynn/darkhorse/build/patient_gui' returned '0': PYTHONPATH=/home/flynn/darkhorse/build/patient_gui/prefix_override:/usr/lib/python3/dist-packages/colcon_core/task/python/colcon_distutils_commands:/home/flynn/darkhorse/install/patient_gui/lib/python3.10/site-packages:${PYTHONPATH} /usr/bin/python3 -W ignore:setup.py install is deprecated -W ignore:easy_install command is deprecated setup.py develop --editable --build-directory /home/flynn/darkhorse/build/patient_gui/build --no-deps symlink_data
