[0.072s] DEBUG:colcon:Command line arguments: ['/usr/bin/colcon', 'build', '--symlink-install']
[0.072s] DEBUG:colcon:Parsed command line arguments: Namespace(log_base=None, log_level=None, verb_name='build', build_base='build', install_base='install', merge_install=False, symlink_install=True, test_result_base=None, continue_on_error=False, executor='parallel', parallel_workers=24, event_handlers=None, ignore_user_meta=False, metas=['./colcon.meta'], base_paths=['.'], packages_ignore=None, packages_ignore_regex=None, paths=None, packages_up_to=None, packages_up_to_regex=None, packages_above=None, packages_above_and_dependencies=None, packages_above_depth=None, packages_select_by_dep=None, packages_skip_by_dep=None, packages_skip_up_to=None, packages_select_build_failed=False, packages_skip_build_finished=False, packages_select_test_failures=False, packages_skip_test_passed=False, packages_select=None, packages_skip=None, packages_select_regex=None, packages_skip_regex=None, packages_start=None, packages_end=None, allow_overriding=[], cmake_args=None, cmake_target=None, cmake_target_skip_unavailable=False, cmake_clean_cache=False, cmake_clean_first=False, cmake_force_configure=False, ament_cmake_args=None, catkin_cmake_args=None, catkin_skip_building_tests=False, mixin_files=None, mixin=None, verb_parser=<colcon_mixin.mixin.mixin_argument.MixinArgumentDecorator object at 0x7bd06da81480>, verb_extension=<colcon_core.verb.build.BuildVerb object at 0x7bd06db92470>, main=<bound method BuildVerb.main of <colcon_core.verb.build.BuildVerb object at 0x7bd06db92470>>, mixin_verb=('build',))
[0.186s] Level 1:colcon.colcon_core.package_discovery:discover_packages(colcon_meta) check parameters
[0.186s] Level 1:colcon.colcon_core.package_discovery:discover_packages(recursive) check parameters
[0.186s] Level 1:colcon.colcon_core.package_discovery:discover_packages(ignore) check parameters
[0.186s] Level 1:colcon.colcon_core.package_discovery:discover_packages(path) check parameters
[0.186s] Level 1:colcon.colcon_core.package_discovery:discover_packages(colcon_meta) discover
[0.186s] Level 1:colcon.colcon_core.package_discovery:discover_packages(recursive) discover
[0.186s] INFO:colcon.colcon_core.package_discovery:Crawling recursively for packages in '/home/flynn/darkhorse'
[0.186s] Level 1:colcon.colcon_core.package_identification:_identify(.) by extensions ['ignore', 'ignore_ament_install']
[0.186s] Level 1:colcon.colcon_core.package_identification:_identify(.) by extension 'ignore'
[0.186s] Level 1:colcon.colcon_core.package_identification:_identify(.) by extension 'ignore_ament_install'
[0.186s] Level 1:colcon.colcon_core.package_identification:_identify(.) by extensions ['colcon_pkg']
[0.186s] Level 1:colcon.colcon_core.package_identification:_identify(.) by extension 'colcon_pkg'
[0.186s] Level 1:colcon.colcon_core.package_identification:_identify(.) by extensions ['colcon_meta']
[0.186s] Level 1:colcon.colcon_core.package_identification:_identify(.) by extension 'colcon_meta'
[0.186s] Level 1:colcon.colcon_core.package_identification:_identify(.) by extensions ['ros']
[0.186s] Level 1:colcon.colcon_core.package_identification:_identify(.) by extension 'ros'
[0.193s] Level 1:colcon.colcon_core.package_identification:_identify(.) by extensions ['cmake', 'python']
[0.193s] Level 1:colcon.colcon_core.package_identification:_identify(.) by extension 'cmake'
[0.193s] Level 1:colcon.colcon_core.package_identification:_identify(.) by extension 'python'
[0.194s] Level 1:colcon.colcon_core.package_identification:_identify(.) by extensions ['python_setup_py']
[0.194s] Level 1:colcon.colcon_core.package_identification:_identify(.) by extension 'python_setup_py'
[0.194s] Level 1:colcon.colcon_core.package_identification:_identify(build) by extensions ['ignore', 'ignore_ament_install']
[0.194s] Level 1:colcon.colcon_core.package_identification:_identify(build) by extension 'ignore'
[0.194s] Level 1:colcon.colcon_core.package_identification:_identify(build) ignored
[0.194s] Level 1:colcon.colcon_core.package_identification:_identify(install) by extensions ['ignore', 'ignore_ament_install']
[0.194s] Level 1:colcon.colcon_core.package_identification:_identify(install) by extension 'ignore'
[0.194s] Level 1:colcon.colcon_core.package_identification:_identify(install) ignored
[0.194s] Level 1:colcon.colcon_core.package_identification:_identify(log) by extensions ['ignore', 'ignore_ament_install']
[0.194s] Level 1:colcon.colcon_core.package_identification:_identify(log) by extension 'ignore'
[0.194s] Level 1:colcon.colcon_core.package_identification:_identify(log) ignored
[0.194s] Level 1:colcon.colcon_core.package_identification:_identify(src) by extensions ['ignore', 'ignore_ament_install']
[0.194s] Level 1:colcon.colcon_core.package_identification:_identify(src) by extension 'ignore'
[0.194s] Level 1:colcon.colcon_core.package_identification:_identify(src) by extension 'ignore_ament_install'
[0.194s] Level 1:colcon.colcon_core.package_identification:_identify(src) by extensions ['colcon_pkg']
[0.194s] Level 1:colcon.colcon_core.package_identification:_identify(src) by extension 'colcon_pkg'
[0.194s] Level 1:colcon.colcon_core.package_identification:_identify(src) by extensions ['colcon_meta']
[0.194s] Level 1:colcon.colcon_core.package_identification:_identify(src) by extension 'colcon_meta'
[0.194s] Level 1:colcon.colcon_core.package_identification:_identify(src) by extensions ['ros']
[0.194s] Level 1:colcon.colcon_core.package_identification:_identify(src) by extension 'ros'
[0.194s] Level 1:colcon.colcon_core.package_identification:_identify(src) by extensions ['cmake', 'python']
[0.194s] Level 1:colcon.colcon_core.package_identification:_identify(src) by extension 'cmake'
[0.194s] Level 1:colcon.colcon_core.package_identification:_identify(src) by extension 'python'
[0.194s] Level 1:colcon.colcon_core.package_identification:_identify(src) by extensions ['python_setup_py']
[0.194s] Level 1:colcon.colcon_core.package_identification:_identify(src) by extension 'python_setup_py'
[0.194s] Level 1:colcon.colcon_core.package_identification:_identify(src/doctor_gui) by extensions ['ignore', 'ignore_ament_install']
[0.194s] Level 1:colcon.colcon_core.package_identification:_identify(src/doctor_gui) by extension 'ignore'
[0.194s] Level 1:colcon.colcon_core.package_identification:_identify(src/doctor_gui) by extension 'ignore_ament_install'
[0.194s] Level 1:colcon.colcon_core.package_identification:_identify(src/doctor_gui) by extensions ['colcon_pkg']
[0.194s] Level 1:colcon.colcon_core.package_identification:_identify(src/doctor_gui) by extension 'colcon_pkg'
[0.194s] Level 1:colcon.colcon_core.package_identification:_identify(src/doctor_gui) by extensions ['colcon_meta']
[0.195s] Level 1:colcon.colcon_core.package_identification:_identify(src/doctor_gui) by extension 'colcon_meta'
[0.195s] Level 1:colcon.colcon_core.package_identification:_identify(src/doctor_gui) by extensions ['ros']
[0.195s] Level 1:colcon.colcon_core.package_identification:_identify(src/doctor_gui) by extension 'ros'
[0.196s] DEBUG:colcon.colcon_core.package_identification:Package 'src/doctor_gui' with type 'ros.ament_python' and name 'doctor_gui'
[0.196s] Level 1:colcon.colcon_core.package_identification:_identify(src/my_bringup) by extensions ['ignore', 'ignore_ament_install']
[0.197s] Level 1:colcon.colcon_core.package_identification:_identify(src/my_bringup) by extension 'ignore'
[0.197s] Level 1:colcon.colcon_core.package_identification:_identify(src/my_bringup) by extension 'ignore_ament_install'
[0.197s] Level 1:colcon.colcon_core.package_identification:_identify(src/my_bringup) by extensions ['colcon_pkg']
[0.197s] Level 1:colcon.colcon_core.package_identification:_identify(src/my_bringup) by extension 'colcon_pkg'
[0.197s] Level 1:colcon.colcon_core.package_identification:_identify(src/my_bringup) by extensions ['colcon_meta']
[0.197s] Level 1:colcon.colcon_core.package_identification:_identify(src/my_bringup) by extension 'colcon_meta'
[0.197s] Level 1:colcon.colcon_core.package_identification:_identify(src/my_bringup) by extensions ['ros']
[0.197s] Level 1:colcon.colcon_core.package_identification:_identify(src/my_bringup) by extension 'ros'
[0.197s] DEBUG:colcon.colcon_core.package_identification:Package 'src/my_bringup' with type 'ros.ament_python' and name 'my_bringup'
[0.197s] Level 1:colcon.colcon_core.package_identification:_identify(src/patient_gui) by extensions ['ignore', 'ignore_ament_install']
[0.197s] Level 1:colcon.colcon_core.package_identification:_identify(src/patient_gui) by extension 'ignore'
[0.197s] Level 1:colcon.colcon_core.package_identification:_identify(src/patient_gui) by extension 'ignore_ament_install'
[0.198s] Level 1:colcon.colcon_core.package_identification:_identify(src/patient_gui) by extensions ['colcon_pkg']
[0.198s] Level 1:colcon.colcon_core.package_identification:_identify(src/patient_gui) by extension 'colcon_pkg'
[0.198s] Level 1:colcon.colcon_core.package_identification:_identify(src/patient_gui) by extensions ['colcon_meta']
[0.198s] Level 1:colcon.colcon_core.package_identification:_identify(src/patient_gui) by extension 'colcon_meta'
[0.198s] Level 1:colcon.colcon_core.package_identification:_identify(src/patient_gui) by extensions ['ros']
[0.198s] Level 1:colcon.colcon_core.package_identification:_identify(src/patient_gui) by extension 'ros'
[0.198s] DEBUG:colcon.colcon_core.package_identification:Package 'src/patient_gui' with type 'ros.ament_python' and name 'patient_gui'
[0.198s] Level 1:colcon.colcon_core.package_identification:_identify(src/py_bt_ros) by extensions ['ignore', 'ignore_ament_install']
[0.198s] Level 1:colcon.colcon_core.package_identification:_identify(src/py_bt_ros) by extension 'ignore'
[0.198s] Level 1:colcon.colcon_core.package_identification:_identify(src/py_bt_ros) by extension 'ignore_ament_install'
[0.198s] Level 1:colcon.colcon_core.package_identification:_identify(src/py_bt_ros) by extensions ['colcon_pkg']
[0.198s] Level 1:colcon.colcon_core.package_identification:_identify(src/py_bt_ros) by extension 'colcon_pkg'
[0.198s] Level 1:colcon.colcon_core.package_identification:_identify(src/py_bt_ros) by extensions ['colcon_meta']
[0.198s] Level 1:colcon.colcon_core.package_identification:_identify(src/py_bt_ros) by extension 'colcon_meta'
[0.198s] Level 1:colcon.colcon_core.package_identification:_identify(src/py_bt_ros) by extensions ['ros']
[0.198s] Level 1:colcon.colcon_core.package_identification:_identify(src/py_bt_ros) by extension 'ros'
[0.198s] Level 1:colcon.colcon_core.package_identification:_identify(src/py_bt_ros) by extensions ['cmake', 'python']
[0.198s] Level 1:colcon.colcon_core.package_identification:_identify(src/py_bt_ros) by extension 'cmake'
[0.198s] Level 1:colcon.colcon_core.package_identification:_identify(src/py_bt_ros) by extension 'python'
[0.198s] Level 1:colcon.colcon_core.package_identification:_identify(src/py_bt_ros) by extensions ['python_setup_py']
[0.198s] Level 1:colcon.colcon_core.package_identification:_identify(src/py_bt_ros) by extension 'python_setup_py'
[0.198s] Level 1:colcon.colcon_core.package_identification:_identify(src/py_bt_ros/docs) by extensions ['ignore', 'ignore_ament_install']
[0.198s] Level 1:colcon.colcon_core.package_identification:_identify(src/py_bt_ros/docs) by extension 'ignore'
[0.198s] Level 1:colcon.colcon_core.package_identification:_identify(src/py_bt_ros/docs) by extension 'ignore_ament_install'
[0.199s] Level 1:colcon.colcon_core.package_identification:_identify(src/py_bt_ros/docs) by extensions ['colcon_pkg']
[0.199s] Level 1:colcon.colcon_core.package_identification:_identify(src/py_bt_ros/docs) by extension 'colcon_pkg'
[0.199s] Level 1:colcon.colcon_core.package_identification:_identify(src/py_bt_ros/docs) by extensions ['colcon_meta']
[0.199s] Level 1:colcon.colcon_core.package_identification:_identify(src/py_bt_ros/docs) by extension 'colcon_meta'
[0.199s] Level 1:colcon.colcon_core.package_identification:_identify(src/py_bt_ros/docs) by extensions ['ros']
[0.199s] Level 1:colcon.colcon_core.package_identification:_identify(src/py_bt_ros/docs) by extension 'ros'
[0.199s] Level 1:colcon.colcon_core.package_identification:_identify(src/py_bt_ros/docs) by extensions ['cmake', 'python']
[0.199s] Level 1:colcon.colcon_core.package_identification:_identify(src/py_bt_ros/docs) by extension 'cmake'
[0.199s] Level 1:colcon.colcon_core.package_identification:_identify(src/py_bt_ros/docs) by extension 'python'
[0.199s] Level 1:colcon.colcon_core.package_identification:_identify(src/py_bt_ros/docs) by extensions ['python_setup_py']
[0.199s] Level 1:colcon.colcon_core.package_identification:_identify(src/py_bt_ros/docs) by extension 'python_setup_py'
[0.199s] Level 1:colcon.colcon_core.package_identification:_identify(src/py_bt_ros/modules) by extensions ['ignore', 'ignore_ament_install']
[0.199s] Level 1:colcon.colcon_core.package_identification:_identify(src/py_bt_ros/modules) by extension 'ignore'
[0.199s] Level 1:colcon.colcon_core.package_identification:_identify(src/py_bt_ros/modules) by extension 'ignore_ament_install'
[0.199s] Level 1:colcon.colcon_core.package_identification:_identify(src/py_bt_ros/modules) by extensions ['colcon_pkg']
[0.199s] Level 1:colcon.colcon_core.package_identification:_identify(src/py_bt_ros/modules) by extension 'colcon_pkg'
[0.199s] Level 1:colcon.colcon_core.package_identification:_identify(src/py_bt_ros/modules) by extensions ['colcon_meta']
[0.199s] Level 1:colcon.colcon_core.package_identification:_identify(src/py_bt_ros/modules) by extension 'colcon_meta'
[0.199s] Level 1:colcon.colcon_core.package_identification:_identify(src/py_bt_ros/modules) by extensions ['ros']
[0.199s] Level 1:colcon.colcon_core.package_identification:_identify(src/py_bt_ros/modules) by extension 'ros'
[0.199s] Level 1:colcon.colcon_core.package_identification:_identify(src/py_bt_ros/modules) by extensions ['cmake', 'python']
[0.199s] Level 1:colcon.colcon_core.package_identification:_identify(src/py_bt_ros/modules) by extension 'cmake'
[0.199s] Level 1:colcon.colcon_core.package_identification:_identify(src/py_bt_ros/modules) by extension 'python'
[0.199s] Level 1:colcon.colcon_core.package_identification:_identify(src/py_bt_ros/modules) by extensions ['python_setup_py']
[0.199s] Level 1:colcon.colcon_core.package_identification:_identify(src/py_bt_ros/modules) by extension 'python_setup_py'
[0.199s] Level 1:colcon.colcon_core.package_identification:_identify(src/py_bt_ros/scenarios) by extensions ['ignore', 'ignore_ament_install']
[0.199s] Level 1:colcon.colcon_core.package_identification:_identify(src/py_bt_ros/scenarios) by extension 'ignore'
[0.199s] Level 1:colcon.colcon_core.package_identification:_identify(src/py_bt_ros/scenarios) by extension 'ignore_ament_install'
[0.199s] Level 1:colcon.colcon_core.package_identification:_identify(src/py_bt_ros/scenarios) by extensions ['colcon_pkg']
[0.199s] Level 1:colcon.colcon_core.package_identification:_identify(src/py_bt_ros/scenarios) by extension 'colcon_pkg'
[0.199s] Level 1:colcon.colcon_core.package_identification:_identify(src/py_bt_ros/scenarios) by extensions ['colcon_meta']
[0.199s] Level 1:colcon.colcon_core.package_identification:_identify(src/py_bt_ros/scenarios) by extension 'colcon_meta'
[0.199s] Level 1:colcon.colcon_core.package_identification:_identify(src/py_bt_ros/scenarios) by extensions ['ros']
[0.199s] Level 1:colcon.colcon_core.package_identification:_identify(src/py_bt_ros/scenarios) by extension 'ros'
[0.199s] Level 1:colcon.colcon_core.package_identification:_identify(src/py_bt_ros/scenarios) by extensions ['cmake', 'python']
[0.199s] Level 1:colcon.colcon_core.package_identification:_identify(src/py_bt_ros/scenarios) by extension 'cmake'
[0.199s] Level 1:colcon.colcon_core.package_identification:_identify(src/py_bt_ros/scenarios) by extension 'python'
[0.199s] Level 1:colcon.colcon_core.package_identification:_identify(src/py_bt_ros/scenarios) by extensions ['python_setup_py']
[0.199s] Level 1:colcon.colcon_core.package_identification:_identify(src/py_bt_ros/scenarios) by extension 'python_setup_py'
[0.199s] Level 1:colcon.colcon_core.package_identification:_identify(src/py_bt_ros/scenarios/darkhorse) by extensions ['ignore', 'ignore_ament_install']
[0.199s] Level 1:colcon.colcon_core.package_identification:_identify(src/py_bt_ros/scenarios/darkhorse) by extension 'ignore'
[0.200s] Level 1:colcon.colcon_core.package_identification:_identify(src/py_bt_ros/scenarios/darkhorse) by extension 'ignore_ament_install'
[0.200s] Level 1:colcon.colcon_core.package_identification:_identify(src/py_bt_ros/scenarios/darkhorse) by extensions ['colcon_pkg']
[0.200s] Level 1:colcon.colcon_core.package_identification:_identify(src/py_bt_ros/scenarios/darkhorse) by extension 'colcon_pkg'
[0.200s] Level 1:colcon.colcon_core.package_identification:_identify(src/py_bt_ros/scenarios/darkhorse) by extensions ['colcon_meta']
[0.200s] Level 1:colcon.colcon_core.package_identification:_identify(src/py_bt_ros/scenarios/darkhorse) by extension 'colcon_meta'
[0.200s] Level 1:colcon.colcon_core.package_identification:_identify(src/py_bt_ros/scenarios/darkhorse) by extensions ['ros']
[0.200s] Level 1:colcon.colcon_core.package_identification:_identify(src/py_bt_ros/scenarios/darkhorse) by extension 'ros'
[0.200s] Level 1:colcon.colcon_core.package_identification:_identify(src/py_bt_ros/scenarios/darkhorse) by extensions ['cmake', 'python']
[0.200s] Level 1:colcon.colcon_core.package_identification:_identify(src/py_bt_ros/scenarios/darkhorse) by extension 'cmake'
[0.200s] Level 1:colcon.colcon_core.package_identification:_identify(src/py_bt_ros/scenarios/darkhorse) by extension 'python'
[0.200s] Level 1:colcon.colcon_core.package_identification:_identify(src/py_bt_ros/scenarios/darkhorse) by extensions ['python_setup_py']
[0.200s] Level 1:colcon.colcon_core.package_identification:_identify(src/py_bt_ros/scenarios/darkhorse) by extension 'python_setup_py'
[0.200s] Level 1:colcon.colcon_core.package_discovery:discover_packages(recursive) using defaults
[0.200s] Level 1:colcon.colcon_core.package_discovery:discover_packages(ignore) discover
[0.200s] Level 1:colcon.colcon_core.package_discovery:discover_packages(ignore) using defaults
[0.200s] Level 1:colcon.colcon_core.package_discovery:discover_packages(path) discover
[0.200s] Level 1:colcon.colcon_core.package_discovery:discover_packages(path) using defaults
[0.219s] Level 1:colcon.colcon_core.package_discovery:discover_packages(prefix_path) check parameters
[0.219s] Level 1:colcon.colcon_core.package_discovery:discover_packages(prefix_path) discover
[0.220s] DEBUG:colcon.colcon_installed_package_information.package_discovery:Found 9 installed packages in /home/flynn/darkhorse/install
[0.221s] DEBUG:colcon.colcon_installed_package_information.package_discovery:Found 405 installed packages in /opt/ros/humble
[0.222s] Level 1:colcon.colcon_core.package_discovery:discover_packages(prefix_path) using defaults
[0.251s] Level 5:colcon.colcon_core.verb:set package 'doctor_gui' build argument 'cmake_args' from command line to 'None'
[0.251s] Level 5:colcon.colcon_core.verb:set package 'doctor_gui' build argument 'cmake_target' from command line to 'None'
[0.251s] Level 5:colcon.colcon_core.verb:set package 'doctor_gui' build argument 'cmake_target_skip_unavailable' from command line to 'False'
[0.251s] Level 5:colcon.colcon_core.verb:set package 'doctor_gui' build argument 'cmake_clean_cache' from command line to 'False'
[0.251s] Level 5:colcon.colcon_core.verb:set package 'doctor_gui' build argument 'cmake_clean_first' from command line to 'False'
[0.251s] Level 5:colcon.colcon_core.verb:set package 'doctor_gui' build argument 'cmake_force_configure' from command line to 'False'
[0.251s] Level 5:colcon.colcon_core.verb:set package 'doctor_gui' build argument 'ament_cmake_args' from command line to 'None'
[0.251s] Level 5:colcon.colcon_core.verb:set package 'doctor_gui' build argument 'catkin_cmake_args' from command line to 'None'
[0.251s] Level 5:colcon.colcon_core.verb:set package 'doctor_gui' build argument 'catkin_skip_building_tests' from command line to 'False'
[0.251s] DEBUG:colcon.colcon_core.verb:Building package 'doctor_gui' with the following arguments: {'ament_cmake_args': None, 'build_base': '/home/flynn/darkhorse/build/doctor_gui', 'catkin_cmake_args': None, 'catkin_skip_building_tests': False, 'cmake_args': None, 'cmake_clean_cache': False, 'cmake_clean_first': False, 'cmake_force_configure': False, 'cmake_target': None, 'cmake_target_skip_unavailable': False, 'install_base': '/home/flynn/darkhorse/install/doctor_gui', 'merge_install': False, 'path': '/home/flynn/darkhorse/src/doctor_gui', 'symlink_install': True, 'test_result_base': None}
[0.252s] Level 5:colcon.colcon_core.verb:set package 'my_bringup' build argument 'cmake_args' from command line to 'None'
[0.252s] Level 5:colcon.colcon_core.verb:set package 'my_bringup' build argument 'cmake_target' from command line to 'None'
[0.252s] Level 5:colcon.colcon_core.verb:set package 'my_bringup' build argument 'cmake_target_skip_unavailable' from command line to 'False'
[0.252s] Level 5:colcon.colcon_core.verb:set package 'my_bringup' build argument 'cmake_clean_cache' from command line to 'False'
[0.252s] Level 5:colcon.colcon_core.verb:set package 'my_bringup' build argument 'cmake_clean_first' from command line to 'False'
[0.252s] Level 5:colcon.colcon_core.verb:set package 'my_bringup' build argument 'cmake_force_configure' from command line to 'False'
[0.252s] Level 5:colcon.colcon_core.verb:set package 'my_bringup' build argument 'ament_cmake_args' from command line to 'None'
[0.252s] Level 5:colcon.colcon_core.verb:set package 'my_bringup' build argument 'catkin_cmake_args' from command line to 'None'
[0.252s] Level 5:colcon.colcon_core.verb:set package 'my_bringup' build argument 'catkin_skip_building_tests' from command line to 'False'
[0.252s] DEBUG:colcon.colcon_core.verb:Building package 'my_bringup' with the following arguments: {'ament_cmake_args': None, 'build_base': '/home/flynn/darkhorse/build/my_bringup', 'catkin_cmake_args': None, 'catkin_skip_building_tests': False, 'cmake_args': None, 'cmake_clean_cache': False, 'cmake_clean_first': False, 'cmake_force_configure': False, 'cmake_target': None, 'cmake_target_skip_unavailable': False, 'install_base': '/home/flynn/darkhorse/install/my_bringup', 'merge_install': False, 'path': '/home/flynn/darkhorse/src/my_bringup', 'symlink_install': True, 'test_result_base': None}
[0.252s] Level 5:colcon.colcon_core.verb:set package 'patient_gui' build argument 'cmake_args' from command line to 'None'
[0.252s] Level 5:colcon.colcon_core.verb:set package 'patient_gui' build argument 'cmake_target' from command line to 'None'
[0.252s] Level 5:colcon.colcon_core.verb:set package 'patient_gui' build argument 'cmake_target_skip_unavailable' from command line to 'False'
[0.252s] Level 5:colcon.colcon_core.verb:set package 'patient_gui' build argument 'cmake_clean_cache' from command line to 'False'
[0.252s] Level 5:colcon.colcon_core.verb:set package 'patient_gui' build argument 'cmake_clean_first' from command line to 'False'
[0.252s] Level 5:colcon.colcon_core.verb:set package 'patient_gui' build argument 'cmake_force_configure' from command line to 'False'
[0.252s] Level 5:colcon.colcon_core.verb:set package 'patient_gui' build argument 'ament_cmake_args' from command line to 'None'
[0.252s] Level 5:colcon.colcon_core.verb:set package 'patient_gui' build argument 'catkin_cmake_args' from command line to 'None'
[0.252s] Level 5:colcon.colcon_core.verb:set package 'patient_gui' build argument 'catkin_skip_building_tests' from command line to 'False'
[0.252s] DEBUG:colcon.colcon_core.verb:Building package 'patient_gui' with the following arguments: {'ament_cmake_args': None, 'build_base': '/home/flynn/darkhorse/build/patient_gui', 'catkin_cmake_args': None, 'catkin_skip_building_tests': False, 'cmake_args': None, 'cmake_clean_cache': False, 'cmake_clean_first': False, 'cmake_force_configure': False, 'cmake_target': None, 'cmake_target_skip_unavailable': False, 'install_base': '/home/flynn/darkhorse/install/patient_gui', 'merge_install': False, 'path': '/home/flynn/darkhorse/src/patient_gui', 'symlink_install': True, 'test_result_base': None}
[0.252s] INFO:colcon.colcon_core.executor:Executing jobs using 'parallel' executor
[0.253s] DEBUG:colcon.colcon_parallel_executor.executor.parallel:run_until_complete
[0.253s] INFO:colcon.colcon_ros.task.ament_python.build:Building ROS package in '/home/flynn/darkhorse/src/doctor_gui' with build type 'ament_python'
[0.253s] Level 1:colcon.colcon_core.shell:create_environment_hook('doctor_gui', 'ament_prefix_path')
[0.255s] INFO:colcon.colcon_core.plugin_system:Skipping extension 'colcon_core.shell.bat': Not used on non-Windows systems
[0.255s] INFO:colcon.colcon_core.shell:Creating environment hook '/home/flynn/darkhorse/install/doctor_gui/share/doctor_gui/hook/ament_prefix_path.ps1'
[0.255s] INFO:colcon.colcon_core.shell:Creating environment descriptor '/home/flynn/darkhorse/install/doctor_gui/share/doctor_gui/hook/ament_prefix_path.dsv'
[0.255s] INFO:colcon.colcon_core.shell:Creating environment hook '/home/flynn/darkhorse/install/doctor_gui/share/doctor_gui/hook/ament_prefix_path.sh'
[0.256s] INFO:colcon.colcon_core.shell:Skip shell extension 'powershell' for command environment: Not usable outside of PowerShell
[0.256s] DEBUG:colcon.colcon_core.shell:Skip shell extension 'dsv' for command environment
[0.258s] INFO:colcon.colcon_ros.task.ament_python.build:Building ROS package in '/home/flynn/darkhorse/src/my_bringup' with build type 'ament_python'
[0.258s] Level 1:colcon.colcon_core.shell:create_environment_hook('my_bringup', 'ament_prefix_path')
[0.258s] INFO:colcon.colcon_core.shell:Creating environment hook '/home/flynn/darkhorse/install/my_bringup/share/my_bringup/hook/ament_prefix_path.ps1'
[0.259s] INFO:colcon.colcon_core.shell:Creating environment descriptor '/home/flynn/darkhorse/install/my_bringup/share/my_bringup/hook/ament_prefix_path.dsv'
[0.259s] INFO:colcon.colcon_core.shell:Creating environment hook '/home/flynn/darkhorse/install/my_bringup/share/my_bringup/hook/ament_prefix_path.sh'
[0.259s] INFO:colcon.colcon_core.shell:Skip shell extension 'powershell' for command environment: Not usable outside of PowerShell
[0.259s] DEBUG:colcon.colcon_core.shell:Skip shell extension 'dsv' for command environment
[0.262s] INFO:colcon.colcon_ros.task.ament_python.build:Building ROS package in '/home/flynn/darkhorse/src/patient_gui' with build type 'ament_python'
[0.262s] Level 1:colcon.colcon_core.shell:create_environment_hook('patient_gui', 'ament_prefix_path')
[0.262s] INFO:colcon.colcon_core.shell:Creating environment hook '/home/flynn/darkhorse/install/patient_gui/share/patient_gui/hook/ament_prefix_path.ps1'
[0.262s] INFO:colcon.colcon_core.shell:Creating environment descriptor '/home/flynn/darkhorse/install/patient_gui/share/patient_gui/hook/ament_prefix_path.dsv'
[0.262s] INFO:colcon.colcon_core.shell:Creating environment hook '/home/flynn/darkhorse/install/patient_gui/share/patient_gui/hook/ament_prefix_path.sh'
[0.263s] INFO:colcon.colcon_core.shell:Skip shell extension 'powershell' for command environment: Not usable outside of PowerShell
[0.263s] DEBUG:colcon.colcon_core.shell:Skip shell extension 'dsv' for command environment
[0.439s] INFO:colcon.colcon_core.task.python.build:Building Python package in '/home/flynn/darkhorse/src/doctor_gui'
[0.439s] INFO:colcon.colcon_core.shell:Skip shell extension 'powershell' for command environment: Not usable outside of PowerShell
[0.439s] DEBUG:colcon.colcon_core.shell:Skip shell extension 'dsv' for command environment
[0.613s] INFO:colcon.colcon_core.task.python.build:Building Python package in '/home/flynn/darkhorse/src/my_bringup'
[0.613s] INFO:colcon.colcon_core.shell:Skip shell extension 'powershell' for command environment: Not usable outside of PowerShell
[0.613s] DEBUG:colcon.colcon_core.shell:Skip shell extension 'dsv' for command environment
[0.783s] INFO:colcon.colcon_core.task.python.build:Building Python package in '/home/flynn/darkhorse/src/patient_gui'
[0.783s] INFO:colcon.colcon_core.shell:Skip shell extension 'powershell' for command environment: Not usable outside of PowerShell
[0.783s] DEBUG:colcon.colcon_core.shell:Skip shell extension 'dsv' for command environment
[1.028s] DEBUG:colcon.colcon_core.event_handler.log_command:Invoking command in '/home/flynn/darkhorse/build/my_bringup': PYTHONPATH=/home/flynn/darkhorse/build/my_bringup/prefix_override:/usr/lib/python3/dist-packages/colcon_core/task/python/colcon_distutils_commands:/home/flynn/darkhorse/install/my_bringup/lib/python3.10/site-packages:${PYTHONPATH} /usr/bin/python3 -W ignore:setup.py install is deprecated -W ignore:easy_install command is deprecated setup.py develop --editable --build-directory /home/flynn/darkhorse/build/my_bringup/build --no-deps symlink_data
[1.029s] DEBUG:colcon.colcon_core.event_handler.log_command:Invoking command in '/home/flynn/darkhorse/build/patient_gui': PYTHONPATH=/home/flynn/darkhorse/build/patient_gui/prefix_override:/usr/lib/python3/dist-packages/colcon_core/task/python/colcon_distutils_commands:/home/flynn/darkhorse/install/patient_gui/lib/python3.10/site-packages:${PYTHONPATH} /usr/bin/python3 -W ignore:setup.py install is deprecated -W ignore:easy_install command is deprecated setup.py develop --editable --build-directory /home/flynn/darkhorse/build/patient_gui/build --no-deps symlink_data
[1.031s] DEBUG:colcon.colcon_core.event_handler.log_command:Invoking command in '/home/flynn/darkhorse/build/doctor_gui': PYTHONPATH=/home/flynn/darkhorse/build/doctor_gui/prefix_override:/usr/lib/python3/dist-packages/colcon_core/task/python/colcon_distutils_commands:/home/flynn/darkhorse/install/doctor_gui/lib/python3.10/site-packages:${PYTHONPATH} /usr/bin/python3 -W ignore:setup.py install is deprecated -W ignore:easy_install command is deprecated setup.py develop --editable --build-directory /home/flynn/darkhorse/build/doctor_gui/build --no-deps symlink_data
[1.338s] Level 1:colcon.colcon_core.shell:create_environment_hook('doctor_gui', 'pythonpath_develop')
[1.339s] INFO:colcon.colcon_core.shell:Creating environment hook '/home/flynn/darkhorse/build/doctor_gui/share/doctor_gui/hook/pythonpath_develop.ps1'
[1.340s] DEBUG:colcon.colcon_core.event_handler.log_command:Invoked command in '/home/flynn/darkhorse/build/doctor_gui' returned '0': PYTHONPATH=/home/flynn/darkhorse/build/doctor_gui/prefix_override:/usr/lib/python3/dist-packages/colcon_core/task/python/colcon_distutils_commands:/home/flynn/darkhorse/install/doctor_gui/lib/python3.10/site-packages:${PYTHONPATH} /usr/bin/python3 -W ignore:setup.py install is deprecated -W ignore:easy_install command is deprecated setup.py develop --editable --build-directory /home/flynn/darkhorse/build/doctor_gui/build --no-deps symlink_data
[1.340s] INFO:colcon.colcon_core.shell:Creating environment descriptor '/home/flynn/darkhorse/build/doctor_gui/share/doctor_gui/hook/pythonpath_develop.dsv'
[1.340s] INFO:colcon.colcon_core.shell:Creating environment hook '/home/flynn/darkhorse/build/doctor_gui/share/doctor_gui/hook/pythonpath_develop.sh'
[1.343s] Level 1:colcon.colcon_core.environment:checking '/home/flynn/darkhorse/install/doctor_gui' for CMake module files
[1.343s] Level 1:colcon.colcon_core.environment:checking '/home/flynn/darkhorse/install/doctor_gui' for CMake config files
[1.344s] Level 1:colcon.colcon_core.environment:checking '/home/flynn/darkhorse/install/doctor_gui/lib'
[1.344s] Level 1:colcon.colcon_core.environment:checking '/home/flynn/darkhorse/install/doctor_gui/bin'
[1.344s] Level 1:colcon.colcon_core.environment:checking '/home/flynn/darkhorse/install/doctor_gui/lib/pkgconfig/doctor_gui.pc'
[1.345s] Level 1:colcon.colcon_core.environment:checking '/home/flynn/darkhorse/install/doctor_gui/lib/python3.10/site-packages'
[1.345s] Level 1:colcon.colcon_core.shell:create_environment_hook('doctor_gui', 'pythonpath')
[1.345s] INFO:colcon.colcon_core.shell:Creating environment hook '/home/flynn/darkhorse/install/doctor_gui/share/doctor_gui/hook/pythonpath.ps1'
[1.345s] INFO:colcon.colcon_core.shell:Creating environment descriptor '/home/flynn/darkhorse/install/doctor_gui/share/doctor_gui/hook/pythonpath.dsv'
[1.346s] INFO:colcon.colcon_core.shell:Creating environment hook '/home/flynn/darkhorse/install/doctor_gui/share/doctor_gui/hook/pythonpath.sh'
[1.346s] Level 1:colcon.colcon_core.environment:checking '/home/flynn/darkhorse/install/doctor_gui/bin'
[1.346s] Level 1:colcon.colcon_core.environment:create_environment_scripts_only(doctor_gui)
[1.347s] INFO:colcon.colcon_core.shell:Creating package script '/home/flynn/darkhorse/install/doctor_gui/share/doctor_gui/package.ps1'
[1.348s] INFO:colcon.colcon_core.shell:Creating package descriptor '/home/flynn/darkhorse/install/doctor_gui/share/doctor_gui/package.dsv'
[1.348s] INFO:colcon.colcon_core.shell:Creating package script '/home/flynn/darkhorse/install/doctor_gui/share/doctor_gui/package.sh'
[1.349s] INFO:colcon.colcon_core.shell:Creating package script '/home/flynn/darkhorse/install/doctor_gui/share/doctor_gui/package.bash'
[1.350s] INFO:colcon.colcon_core.shell:Creating package script '/home/flynn/darkhorse/install/doctor_gui/share/doctor_gui/package.zsh'
[1.350s] Level 1:colcon.colcon_core.environment:create_file_with_runtime_dependencies(/home/flynn/darkhorse/install/doctor_gui/share/colcon-core/packages/doctor_gui)
[1.351s] Level 1:colcon.colcon_core.shell:create_environment_hook('my_bringup', 'pythonpath_develop')
[1.351s] INFO:colcon.colcon_core.shell:Creating environment hook '/home/flynn/darkhorse/build/my_bringup/share/my_bringup/hook/pythonpath_develop.ps1'
[1.352s] DEBUG:colcon.colcon_core.event_handler.log_command:Invoked command in '/home/flynn/darkhorse/build/my_bringup' returned '0': PYTHONPATH=/home/flynn/darkhorse/build/my_bringup/prefix_override:/usr/lib/python3/dist-packages/colcon_core/task/python/colcon_distutils_commands:/home/flynn/darkhorse/install/my_bringup/lib/python3.10/site-packages:${PYTHONPATH} /usr/bin/python3 -W ignore:setup.py install is deprecated -W ignore:easy_install command is deprecated setup.py develop --editable --build-directory /home/flynn/darkhorse/build/my_bringup/build --no-deps symlink_data
[1.352s] INFO:colcon.colcon_core.shell:Creating environment descriptor '/home/flynn/darkhorse/build/my_bringup/share/my_bringup/hook/pythonpath_develop.dsv'
[1.352s] INFO:colcon.colcon_core.shell:Creating environment hook '/home/flynn/darkhorse/build/my_bringup/share/my_bringup/hook/pythonpath_develop.sh'
[1.353s] Level 1:colcon.colcon_core.environment:checking '/home/flynn/darkhorse/install/my_bringup' for CMake module files
[1.353s] Level 1:colcon.colcon_core.environment:checking '/home/flynn/darkhorse/install/my_bringup' for CMake config files
[1.353s] Level 1:colcon.colcon_core.environment:checking '/home/flynn/darkhorse/install/my_bringup/lib'
[1.354s] Level 1:colcon.colcon_core.environment:checking '/home/flynn/darkhorse/install/my_bringup/bin'
[1.354s] Level 1:colcon.colcon_core.environment:checking '/home/flynn/darkhorse/install/my_bringup/lib/pkgconfig/my_bringup.pc'
[1.354s] Level 1:colcon.colcon_core.environment:checking '/home/flynn/darkhorse/install/my_bringup/lib/python3.10/site-packages'
[1.354s] Level 1:colcon.colcon_core.shell:create_environment_hook('my_bringup', 'pythonpath')
[1.354s] INFO:colcon.colcon_core.shell:Creating environment hook '/home/flynn/darkhorse/install/my_bringup/share/my_bringup/hook/pythonpath.ps1'
[1.354s] INFO:colcon.colcon_core.shell:Creating environment descriptor '/home/flynn/darkhorse/install/my_bringup/share/my_bringup/hook/pythonpath.dsv'
[1.355s] INFO:colcon.colcon_core.shell:Creating environment hook '/home/flynn/darkhorse/install/my_bringup/share/my_bringup/hook/pythonpath.sh'
[1.355s] Level 1:colcon.colcon_core.environment:checking '/home/flynn/darkhorse/install/my_bringup/bin'
[1.356s] Level 1:colcon.colcon_core.environment:create_environment_scripts_only(my_bringup)
[1.356s] INFO:colcon.colcon_core.shell:Creating package script '/home/flynn/darkhorse/install/my_bringup/share/my_bringup/package.ps1'
[1.357s] INFO:colcon.colcon_core.shell:Creating package descriptor '/home/flynn/darkhorse/install/my_bringup/share/my_bringup/package.dsv'
[1.357s] INFO:colcon.colcon_core.shell:Creating package script '/home/flynn/darkhorse/install/my_bringup/share/my_bringup/package.sh'
[1.357s] INFO:colcon.colcon_core.shell:Creating package script '/home/flynn/darkhorse/install/my_bringup/share/my_bringup/package.bash'
[1.358s] INFO:colcon.colcon_core.shell:Creating package script '/home/flynn/darkhorse/install/my_bringup/share/my_bringup/package.zsh'
[1.358s] Level 1:colcon.colcon_core.environment:create_file_with_runtime_dependencies(/home/flynn/darkhorse/install/my_bringup/share/colcon-core/packages/my_bringup)
[1.358s] Level 1:colcon.colcon_core.shell:create_environment_hook('patient_gui', 'pythonpath_develop')
[1.359s] INFO:colcon.colcon_core.shell:Creating environment hook '/home/flynn/darkhorse/build/patient_gui/share/patient_gui/hook/pythonpath_develop.ps1'
[1.359s] DEBUG:colcon.colcon_core.event_handler.log_command:Invoked command in '/home/flynn/darkhorse/build/patient_gui' returned '0': PYTHONPATH=/home/flynn/darkhorse/build/patient_gui/prefix_override:/usr/lib/python3/dist-packages/colcon_core/task/python/colcon_distutils_commands:/home/flynn/darkhorse/install/patient_gui/lib/python3.10/site-packages:${PYTHONPATH} /usr/bin/python3 -W ignore:setup.py install is deprecated -W ignore:easy_install command is deprecated setup.py develop --editable --build-directory /home/flynn/darkhorse/build/patient_gui/build --no-deps symlink_data
[1.359s] INFO:colcon.colcon_core.shell:Creating environment descriptor '/home/flynn/darkhorse/build/patient_gui/share/patient_gui/hook/pythonpath_develop.dsv'
[1.360s] INFO:colcon.colcon_core.shell:Creating environment hook '/home/flynn/darkhorse/build/patient_gui/share/patient_gui/hook/pythonpath_develop.sh'
[1.360s] Level 1:colcon.colcon_core.environment:checking '/home/flynn/darkhorse/install/patient_gui' for CMake module files
[1.360s] Level 1:colcon.colcon_core.environment:checking '/home/flynn/darkhorse/install/patient_gui' for CMake config files
[1.360s] Level 1:colcon.colcon_core.environment:checking '/home/flynn/darkhorse/install/patient_gui/lib'
[1.360s] Level 1:colcon.colcon_core.environment:checking '/home/flynn/darkhorse/install/patient_gui/bin'
[1.360s] Level 1:colcon.colcon_core.environment:checking '/home/flynn/darkhorse/install/patient_gui/lib/pkgconfig/patient_gui.pc'
[1.361s] Level 1:colcon.colcon_core.environment:checking '/home/flynn/darkhorse/install/patient_gui/lib/python3.10/site-packages'
[1.361s] Level 1:colcon.colcon_core.shell:create_environment_hook('patient_gui', 'pythonpath')
[1.361s] INFO:colcon.colcon_core.shell:Creating environment hook '/home/flynn/darkhorse/install/patient_gui/share/patient_gui/hook/pythonpath.ps1'
[1.361s] INFO:colcon.colcon_core.shell:Creating environment descriptor '/home/flynn/darkhorse/install/patient_gui/share/patient_gui/hook/pythonpath.dsv'
[1.361s] INFO:colcon.colcon_core.shell:Creating environment hook '/home/flynn/darkhorse/install/patient_gui/share/patient_gui/hook/pythonpath.sh'
[1.361s] Level 1:colcon.colcon_core.environment:checking '/home/flynn/darkhorse/install/patient_gui/bin'
[1.362s] Level 1:colcon.colcon_core.environment:create_environment_scripts_only(patient_gui)
[1.362s] INFO:colcon.colcon_core.shell:Creating package script '/home/flynn/darkhorse/install/patient_gui/share/patient_gui/package.ps1'
[1.362s] INFO:colcon.colcon_core.shell:Creating package descriptor '/home/flynn/darkhorse/install/patient_gui/share/patient_gui/package.dsv'
[1.362s] INFO:colcon.colcon_core.shell:Creating package script '/home/flynn/darkhorse/install/patient_gui/share/patient_gui/package.sh'
[1.363s] INFO:colcon.colcon_core.shell:Creating package script '/home/flynn/darkhorse/install/patient_gui/share/patient_gui/package.bash'
[1.363s] INFO:colcon.colcon_core.shell:Creating package script '/home/flynn/darkhorse/install/patient_gui/share/patient_gui/package.zsh'
[1.363s] Level 1:colcon.colcon_core.environment:create_file_with_runtime_dependencies(/home/flynn/darkhorse/install/patient_gui/share/colcon-core/packages/patient_gui)
[1.363s] DEBUG:colcon.colcon_parallel_executor.executor.parallel:closing loop
[1.363s] DEBUG:colcon.colcon_parallel_executor.executor.parallel:loop closed
[1.363s] DEBUG:colcon.colcon_parallel_executor.executor.parallel:run_until_complete finished with '0'
[1.363s] DEBUG:colcon.colcon_core.event_reactor:joining thread
[1.368s] INFO:colcon.colcon_core.plugin_system:Skipping extension 'colcon_notification.desktop_notification.terminal_notifier': Not used on non-Darwin systems
[1.368s] INFO:colcon.colcon_core.plugin_system:Skipping extension 'colcon_notification.desktop_notification.win32': Not used on non-Windows systems
[1.368s] INFO:colcon.colcon_notification.desktop_notification:Sending desktop notification using 'notify2'
[1.380s] DEBUG:colcon.colcon_core.event_reactor:joined thread
[1.380s] INFO:colcon.colcon_core.shell:Creating prefix script '/home/flynn/darkhorse/install/local_setup.ps1'
[1.381s] INFO:colcon.colcon_core.shell:Creating prefix util module '/home/flynn/darkhorse/install/_local_setup_util_ps1.py'
[1.383s] INFO:colcon.colcon_core.shell:Creating prefix chain script '/home/flynn/darkhorse/install/setup.ps1'
[1.385s] INFO:colcon.colcon_core.shell:Creating prefix script '/home/flynn/darkhorse/install/local_setup.sh'
[1.385s] INFO:colcon.colcon_core.shell:Creating prefix util module '/home/flynn/darkhorse/install/_local_setup_util_sh.py'
[1.386s] INFO:colcon.colcon_core.shell:Creating prefix chain script '/home/flynn/darkhorse/install/setup.sh'
[1.387s] INFO:colcon.colcon_core.shell:Creating prefix script '/home/flynn/darkhorse/install/local_setup.bash'
[1.388s] INFO:colcon.colcon_core.shell:Creating prefix chain script '/home/flynn/darkhorse/install/setup.bash'
[1.388s] INFO:colcon.colcon_core.shell:Creating prefix script '/home/flynn/darkhorse/install/local_setup.zsh'
[1.389s] INFO:colcon.colcon_core.shell:Creating prefix chain script '/home/flynn/darkhorse/install/setup.zsh'
