[1.841s] Invoking command in '/home/jinshim/darkhorse/build/my_bringup': PYTHONPATH=/home/jinshim/darkhorse/build/my_bringup/prefix_override:/usr/lib/python3/dist-packages/colcon_core/task/python/colcon_distutils_commands:/home/jinshim/darkhorse/install/my_bringup/lib/python3.10/site-packages:${PYTHONPATH} /usr/bin/python3 -W ignore:setup.py install is deprecated -W ignore:easy_install command is deprecated setup.py develop --editable --build-directory /home/jinshim/darkhorse/build/my_bringup/build --no-deps symlink_data
[2.205s] running develop
[2.482s] running egg_info
[2.483s] creating my_bringup.egg-info
[2.483s] writing my_bringup.egg-info/PKG-INFO
[2.483s] writing dependency_links to my_bringup.egg-info/dependency_links.txt
[2.483s] writing entry points to my_bringup.egg-info/entry_points.txt
[2.484s] writing requirements to my_bringup.egg-info/requires.txt
[2.484s] writing top-level names to my_bringup.egg-info/top_level.txt
[2.484s] writing manifest file 'my_bringup.egg-info/SOURCES.txt'
[2.484s] reading manifest file 'my_bringup.egg-info/SOURCES.txt'
[2.485s] writing manifest file 'my_bringup.egg-info/SOURCES.txt'
[2.487s] running build_ext
[2.487s] Creating /home/jinshim/darkhorse/install/my_bringup/lib/python3.10/site-packages/my-bringup.egg-link (link to .)
[2.488s] 
[2.488s] Installed /home/jinshim/darkhorse/build/my_bringup
[2.488s] running symlink_data
[2.489s] creating /home/jinshim/darkhorse/install/my_bringup/share/ament_index
[2.489s] creating /home/jinshim/darkhorse/install/my_bringup/share/ament_index/resource_index
[2.489s] creating /home/jinshim/darkhorse/install/my_bringup/share/ament_index/resource_index/packages
[2.489s] symbolically linking /home/jinshim/darkhorse/build/my_bringup/resource/my_bringup -> /home/jinshim/darkhorse/install/my_bringup/share/ament_index/resource_index/packages
[2.489s] symbolically linking /home/jinshim/darkhorse/build/my_bringup/package.xml -> /home/jinshim/darkhorse/install/my_bringup/share/my_bringup
[2.489s] creating /home/jinshim/darkhorse/install/my_bringup/share/my_bringup/launch
[2.489s] symbolically linking /home/jinshim/darkhorse/build/my_bringup/launch/system.launch.py -> /home/jinshim/darkhorse/install/my_bringup/share/my_bringup/launch
[2.489s] symbolically linking /home/jinshim/darkhorse/build/my_bringup/launch/qr_launch.py -> /home/jinshim/darkhorse/install/my_bringup/share/my_bringup/launch
[2.519s] Invoked command in '/home/jinshim/darkhorse/build/my_bringup' returned '0': PYTHONPATH=/home/jinshim/darkhorse/build/my_bringup/prefix_override:/usr/lib/python3/dist-packages/colcon_core/task/python/colcon_distutils_commands:/home/jinshim/darkhorse/install/my_bringup/lib/python3.10/site-packages:${PYTHONPATH} /usr/bin/python3 -W ignore:setup.py install is deprecated -W ignore:easy_install command is deprecated setup.py develop --editable --build-directory /home/jinshim/darkhorse/build/my_bringup/build --no-deps symlink_data
