running develop
running egg_info
creating limo_speed_ctrl.egg-info
writing limo_speed_ctrl.egg-info/PKG-INFO
writing dependency_links to limo_speed_ctrl.egg-info/dependency_links.txt
writing entry points to limo_speed_ctrl.egg-info/entry_points.txt
writing requirements to limo_speed_ctrl.egg-info/requires.txt
writing top-level names to limo_speed_ctrl.egg-info/top_level.txt
writing manifest file 'limo_speed_ctrl.egg-info/SOURCES.txt'
reading manifest file 'limo_speed_ctrl.egg-info/SOURCES.txt'
writing manifest file 'limo_speed_ctrl.egg-info/SOURCES.txt'
running build_ext
Creating /home/jinshim/darkhorse/install/limo_speed_ctrl/lib/python3.10/site-packages/limo-speed-ctrl.egg-link (link to .)
Installing keyboard_remote script to /home/jinshim/darkhorse/install/limo_speed_ctrl/lib/limo_speed_ctrl
Installing nav2_speed_manager script to /home/jinshim/darkhorse/install/limo_speed_ctrl/lib/limo_speed_ctrl
Installing web_remote script to /home/jinshim/darkhorse/install/limo_speed_ctrl/lib/limo_speed_ctrl

Installed /home/jinshim/darkhorse/build/limo_speed_ctrl
running symlink_data
creating /home/jinshim/darkhorse/install/limo_speed_ctrl/share/ament_index
creating /home/jinshim/darkhorse/install/limo_speed_ctrl/share/ament_index/resource_index
creating /home/jinshim/darkhorse/install/limo_speed_ctrl/share/ament_index/resource_index/packages
symbolically linking /home/jinshim/darkhorse/build/limo_speed_ctrl/resource/limo_speed_ctrl -> /home/jinshim/darkhorse/install/limo_speed_ctrl/share/ament_index/resource_index/packages
symbolically linking /home/jinshim/darkhorse/build/limo_speed_ctrl/package.xml -> /home/jinshim/darkhorse/install/limo_speed_ctrl/share/limo_speed_ctrl
