[1.854s] Invoking command in '/home/jinshim/darkhorse/build/limo_speed_ctrl': PYTHONPATH=/home/jinshim/darkhorse/build/limo_speed_ctrl/prefix_override:/usr/lib/python3/dist-packages/colcon_core/task/python/colcon_distutils_commands:/home/jinshim/darkhorse/install/limo_speed_ctrl/lib/python3.10/site-packages:${PYTHONPATH} /usr/bin/python3 -W ignore:setup.py install is deprecated -W ignore:easy_install command is deprecated setup.py develop --editable --build-directory /home/jinshim/darkhorse/build/limo_speed_ctrl/build --no-deps symlink_data
[2.132s] running develop
[2.396s] running egg_info
[2.396s] creating limo_speed_ctrl.egg-info
[2.396s] writing limo_speed_ctrl.egg-info/PKG-INFO
[2.397s] writing dependency_links to limo_speed_ctrl.egg-info/dependency_links.txt
[2.397s] writing entry points to limo_speed_ctrl.egg-info/entry_points.txt
[2.397s] writing requirements to limo_speed_ctrl.egg-info/requires.txt
[2.397s] writing top-level names to limo_speed_ctrl.egg-info/top_level.txt
[2.398s] writing manifest file 'limo_speed_ctrl.egg-info/SOURCES.txt'
[2.401s] reading manifest file 'limo_speed_ctrl.egg-info/SOURCES.txt'
[2.402s] writing manifest file 'limo_speed_ctrl.egg-info/SOURCES.txt'
[2.404s] running build_ext
[2.405s] Creating /home/jinshim/darkhorse/install/limo_speed_ctrl/lib/python3.10/site-packages/limo-speed-ctrl.egg-link (link to .)
[2.406s] Installing keyboard_remote script to /home/jinshim/darkhorse/install/limo_speed_ctrl/lib/limo_speed_ctrl
[2.406s] Installing nav2_speed_manager script to /home/jinshim/darkhorse/install/limo_speed_ctrl/lib/limo_speed_ctrl
[2.406s] Installing web_remote script to /home/jinshim/darkhorse/install/limo_speed_ctrl/lib/limo_speed_ctrl
[2.407s] 
[2.407s] Installed /home/jinshim/darkhorse/build/limo_speed_ctrl
[2.407s] running symlink_data
[2.407s] creating /home/jinshim/darkhorse/install/limo_speed_ctrl/share/ament_index
[2.408s] creating /home/jinshim/darkhorse/install/limo_speed_ctrl/share/ament_index/resource_index
[2.408s] creating /home/jinshim/darkhorse/install/limo_speed_ctrl/share/ament_index/resource_index/packages
[2.408s] symbolically linking /home/jinshim/darkhorse/build/limo_speed_ctrl/resource/limo_speed_ctrl -> /home/jinshim/darkhorse/install/limo_speed_ctrl/share/ament_index/resource_index/packages
[2.408s] symbolically linking /home/jinshim/darkhorse/build/limo_speed_ctrl/package.xml -> /home/jinshim/darkhorse/install/limo_speed_ctrl/share/limo_speed_ctrl
[2.479s] Invoked command in '/home/jinshim/darkhorse/build/limo_speed_ctrl' returned '0': PYTHONPATH=/home/jinshim/darkhorse/build/limo_speed_ctrl/prefix_override:/usr/lib/python3/dist-packages/colcon_core/task/python/colcon_distutils_commands:/home/jinshim/darkhorse/install/limo_speed_ctrl/lib/python3.10/site-packages:${PYTHONPATH} /usr/bin/python3 -W ignore:setup.py install is deprecated -W ignore:easy_install command is deprecated setup.py develop --editable --build-directory /home/jinshim/darkhorse/build/limo_speed_ctrl/build --no-deps symlink_data
