[0.033s] Invoking command in '/home/jinshim/darkhorse/build/limo_interfaces': CMAKE_PREFIX_PATH=${CMAKE_PREFIX_PATH}:/home/jinshim/darkhorse/install/smart_hospital_system:/home/jinshim/darkhorse/install/smart_hospital_control:/home/jinshim/darkhorse/install/smart_dispatcher:/home/jinshim/darkhorse/install/qr_scanner:/home/jinshim/darkhorse/install/my_bringup:/home/jinshim/darkhorse/install/limo_tts:/home/jinshim/darkhorse/install/limo_speed_ctrl:/home/jinshim/darkhorse/install/hospital_setup:/home/jinshim/darkhorse/install/form_start_trigger:/home/jinshim/darkhorse/install/doctor_ui_pkg:/opt/ros/humble /usr/bin/cmake /home/jinshim/darkhorse/src/limo_interfaces -DAMENT_CMAKE_SYMLINK_INSTALL=1 -DCMAKE_INSTALL_PREFIX=/home/jinshim/darkhorse/install/limo_interfaces
[1.354s] -- The C compiler identification is GNU 11.4.0
[1.354s] -- The CXX compiler identification is GNU 11.4.0
[1.354s] -- Detecting C compiler ABI info
[1.354s] -- Detecting C compiler ABI info - done
[1.355s] -- Check for working C compiler: /usr/bin/cc - skipped
[1.355s] -- Detecting C compile features
[1.355s] -- Detecting C compile features - done
[1.355s] -- Detecting CXX compiler ABI info
[1.355s] -- Detecting CXX compiler ABI info - done
[1.355s] -- Check for working CXX compiler: /usr/bin/c++ - skipped
[1.355s] -- Detecting CXX compile features
[1.356s] -- Detecting CXX compile features - done
[1.356s] -- Found ament_cmake: 1.3.12 (/opt/ros/humble/share/ament_cmake/cmake)
[1.356s] -- Found Python3: /usr/bin/python3 (found version "3.10.12") found components: Interpreter 
[1.356s] -- Override CMake install command with custom implementation using symlinks instead of copying resources
[1.356s] -- Found ament_lint_auto: 0.12.14 (/opt/ros/humble/share/ament_lint_auto/cmake)
[1.356s] -- Found rosidl_default_generators: 1.2.0 (/opt/ros/humble/share/rosidl_default_generators/cmake)
[1.356s] -- Using all available rosidl_typesupport_c: rosidl_typesupport_fastrtps_c;rosidl_typesupport_introspection_c
[1.356s] -- Found rosidl_adapter: 3.1.7 (/opt/ros/humble/share/rosidl_adapter/cmake)
[1.356s] -- Using all available rosidl_typesupport_cpp: rosidl_typesupport_fastrtps_cpp;rosidl_typesupport_introspection_cpp
[1.357s] -- Found ament_cmake_ros: 0.10.0 (/opt/ros/humble/share/ament_cmake_ros/cmake)
[1.357s] -- Using all available rosidl_typesupport_c: rosidl_typesupport_fastrtps_c;rosidl_typesupport_introspection_c
[1.357s] -- Using all available rosidl_typesupport_cpp: rosidl_typesupport_fastrtps_cpp;rosidl_typesupport_introspection_cpp
[1.357s] -- Found PythonInterp: /usr/bin/python3 (found suitable version "3.10.12", minimum required is "3.6") 
[1.357s] -- Found python_cmake_module: 0.10.0 (/opt/ros/humble/share/python_cmake_module/cmake)
[1.357s] -- Found PythonLibs: /usr/lib/x86_64-linux-gnu/libpython3.10.so (found suitable version "3.10.12", minimum required is "3.5") 
[1.357s] -- Using PYTHON_EXECUTABLE: /usr/bin/python3
[1.357s] -- Using PYTHON_INCLUDE_DIRS: /usr/include/python3.10
[1.357s] -- Using PYTHON_LIBRARIES: /usr/lib/x86_64-linux-gnu/libpython3.10.so
[1.357s] -- Found PythonExtra: .so  
[1.357s] -- Added test 'lint_cmake' to check CMake code style
[1.357s] -- Added test 'xmllint' to check XML markup files
[1.357s] -- Configuring done
[1.357s] -- Generating done
[1.357s] -- Build files have been written to: /home/jinshim/darkhorse/build/limo_interfaces
[1.522s] Invoked command in '/home/jinshim/darkhorse/build/limo_interfaces' returned '0': CMAKE_PREFIX_PATH=${CMAKE_PREFIX_PATH}:/home/jinshim/darkhorse/install/smart_hospital_system:/home/jinshim/darkhorse/install/smart_hospital_control:/home/jinshim/darkhorse/install/smart_dispatcher:/home/jinshim/darkhorse/install/qr_scanner:/home/jinshim/darkhorse/install/my_bringup:/home/jinshim/darkhorse/install/limo_tts:/home/jinshim/darkhorse/install/limo_speed_ctrl:/home/jinshim/darkhorse/install/hospital_setup:/home/jinshim/darkhorse/install/form_start_trigger:/home/jinshim/darkhorse/install/doctor_ui_pkg:/opt/ros/humble /usr/bin/cmake /home/jinshim/darkhorse/src/limo_interfaces -DAMENT_CMAKE_SYMLINK_INSTALL=1 -DCMAKE_INSTALL_PREFIX=/home/jinshim/darkhorse/install/limo_interfaces
[1.523s] Invoking command in '/home/jinshim/darkhorse/build/limo_interfaces': CMAKE_PREFIX_PATH=${CMAKE_PREFIX_PATH}:/home/jinshim/darkhorse/install/smart_hospital_system:/home/jinshim/darkhorse/install/smart_hospital_control:/home/jinshim/darkhorse/install/smart_dispatcher:/home/jinshim/darkhorse/install/qr_scanner:/home/jinshim/darkhorse/install/my_bringup:/home/jinshim/darkhorse/install/limo_tts:/home/jinshim/darkhorse/install/limo_speed_ctrl:/home/jinshim/darkhorse/install/hospital_setup:/home/jinshim/darkhorse/install/form_start_trigger:/home/jinshim/darkhorse/install/doctor_ui_pkg:/opt/ros/humble /usr/bin/cmake --build /home/jinshim/darkhorse/build/limo_interfaces -- -j18 -l18
[1.553s] [  3%] [34m[1mGenerating C code for ROS interfaces[0m
[1.559s] [  6%] [34m[1mGenerating C++ code for ROS interfaces[0m
[1.570s] [  6%] Built target ament_cmake_python_symlink_limo_interfaces
[1.835s] running egg_info
[1.836s] creating limo_interfaces.egg-info
[1.836s] writing limo_interfaces.egg-info/PKG-INFO
[1.837s] writing dependency_links to limo_interfaces.egg-info/dependency_links.txt
[1.837s] writing top-level names to limo_interfaces.egg-info/top_level.txt
[1.837s] writing manifest file 'limo_interfaces.egg-info/SOURCES.txt'
[1.841s] reading manifest file 'limo_interfaces.egg-info/SOURCES.txt'
[1.842s] writing manifest file 'limo_interfaces.egg-info/SOURCES.txt'
[1.877s] [  6%] Built target ament_cmake_python_build_limo_interfaces_egg
[1.960s] [  9%] [32mBuilding C object CMakeFiles/limo_interfaces__rosidl_generator_c.dir/rosidl_generator_c/limo_interfaces/action/detail/speak__functions.c.o[0m
[2.065s] [ 12%] [32m[1mLinking C shared library liblimo_interfaces__rosidl_generator_c.so[0m
[2.099s] [ 12%] Built target limo_interfaces__rosidl_generator_c
[2.109s] [ 12%] Built target limo_interfaces__cpp
[2.111s] [ 19%] [34m[1mGenerating C type support for eProsima Fast-RTPS[0m
[2.111s] [ 19%] [34m[1mGenerating C introspection for ROS interfaces[0m
[2.114s] [ 22%] [34m[1mGenerating C type support dispatch for ROS interfaces[0m
[2.126s] [ 25%] [34m[1mGenerating C++ type support dispatch for ROS interfaces[0m
[2.130s] [ 32%] [34m[1mGenerating C++ type support for eProsima Fast-RTPS[0m
[2.130s] [ 32%] [34m[1mGenerating C++ introspection for ROS interfaces[0m
[2.551s] [ 35%] [32mBuilding CXX object CMakeFiles/limo_interfaces__rosidl_typesupport_c.dir/rosidl_typesupport_c/limo_interfaces/action/speak__type_support.cpp.o[0m
[2.588s] [ 38%] [32mBuilding C object CMakeFiles/limo_interfaces__rosidl_typesupport_introspection_c.dir/rosidl_typesupport_introspection_c/limo_interfaces/action/detail/speak__type_support.c.o[0m
[2.596s] [ 41%] [32m[1mLinking CXX shared library liblimo_interfaces__rosidl_typesupport_c.so[0m
[2.627s] [ 45%] [32m[1mLinking C shared library liblimo_interfaces__rosidl_typesupport_introspection_c.so[0m
[2.627s] [ 48%] [32mBuilding CXX object CMakeFiles/limo_interfaces__rosidl_typesupport_fastrtps_c.dir/rosidl_typesupport_fastrtps_c/limo_interfaces/action/detail/speak__type_support_c.cpp.o[0m
[2.645s] [ 48%] Built target limo_interfaces__rosidl_typesupport_c
[2.653s] [ 48%] Built target limo_interfaces__rosidl_typesupport_introspection_c
[2.678s] [ 51%] [32mBuilding CXX object CMakeFiles/limo_interfaces__rosidl_typesupport_cpp.dir/rosidl_typesupport_cpp/limo_interfaces/action/speak__type_support.cpp.o[0m
[2.684s] [ 54%] [32mBuilding CXX object CMakeFiles/limo_interfaces__rosidl_typesupport_fastrtps_cpp.dir/rosidl_typesupport_fastrtps_cpp/limo_interfaces/action/detail/dds_fastrtps/speak__type_support.cpp.o[0m
[2.711s] [ 58%] [32mBuilding CXX object CMakeFiles/limo_interfaces__rosidl_typesupport_introspection_cpp.dir/rosidl_typesupport_introspection_cpp/limo_interfaces/action/detail/speak__type_support.cpp.o[0m
[2.957s] [ 61%] [32m[1mLinking CXX shared library liblimo_interfaces__rosidl_typesupport_fastrtps_c.so[0m
[2.972s] [ 64%] [32m[1mLinking CXX shared library liblimo_interfaces__rosidl_typesupport_cpp.so[0m
[3.004s] [ 64%] Built target limo_interfaces__rosidl_typesupport_cpp
[3.014s] [ 64%] Built target limo_interfaces__rosidl_typesupport_fastrtps_c
[3.069s] [ 67%] [32m[1mLinking CXX shared library liblimo_interfaces__rosidl_typesupport_fastrtps_cpp.so[0m
[3.074s] [ 70%] [32m[1mLinking CXX shared library liblimo_interfaces__rosidl_typesupport_introspection_cpp.so[0m
[3.123s] [ 70%] Built target limo_interfaces__rosidl_typesupport_fastrtps_cpp
[3.129s] [ 70%] Built target limo_interfaces__rosidl_typesupport_introspection_cpp
[3.144s] [ 70%] Built target limo_interfaces
[3.160s] [ 74%] [34m[1mGenerating Python code for ROS interfaces[0m
[3.611s] [ 74%] Built target limo_interfaces__py
[3.626s] [ 77%] [32mBuilding C object CMakeFiles/limo_interfaces__rosidl_generator_py.dir/rosidl_generator_py/limo_interfaces/action/_speak_s.c.o[0m
[3.714s] [ 80%] [32m[1mLinking C shared library rosidl_generator_py/limo_interfaces/liblimo_interfaces__rosidl_generator_py.so[0m
[3.742s] [ 80%] Built target limo_interfaces__rosidl_generator_py
[3.757s] [ 83%] [32mBuilding C object CMakeFiles/limo_interfaces__rosidl_typesupport_fastrtps_c__pyext.dir/rosidl_generator_py/limo_interfaces/_limo_interfaces_s.ep.rosidl_typesupport_fastrtps_c.c.o[0m
[3.759s] [ 87%] [32mBuilding C object CMakeFiles/limo_interfaces__rosidl_typesupport_introspection_c__pyext.dir/rosidl_generator_py/limo_interfaces/_limo_interfaces_s.ep.rosidl_typesupport_introspection_c.c.o[0m
[3.760s] [ 90%] [32mBuilding C object CMakeFiles/limo_interfaces__rosidl_typesupport_c__pyext.dir/rosidl_generator_py/limo_interfaces/_limo_interfaces_s.ep.rosidl_typesupport_c.c.o[0m
[3.832s] [ 96%] [32m[1mLinking C shared library rosidl_generator_py/limo_interfaces/limo_interfaces_s__rosidl_typesupport_c.cpython-310-x86_64-linux-gnu.so[0m
[3.832s] [ 96%] [32m[1mLinking C shared library rosidl_generator_py/limo_interfaces/limo_interfaces_s__rosidl_typesupport_fastrtps_c.cpython-310-x86_64-linux-gnu.so[0m
[3.836s] [100%] [32m[1mLinking C shared library rosidl_generator_py/limo_interfaces/limo_interfaces_s__rosidl_typesupport_introspection_c.cpython-310-x86_64-linux-gnu.so[0m
[3.857s] [100%] Built target limo_interfaces__rosidl_typesupport_fastrtps_c__pyext
[3.864s] [100%] Built target limo_interfaces__rosidl_typesupport_c__pyext
[3.865s] [100%] Built target limo_interfaces__rosidl_typesupport_introspection_c__pyext
[3.874s] Invoked command in '/home/jinshim/darkhorse/build/limo_interfaces' returned '0': CMAKE_PREFIX_PATH=${CMAKE_PREFIX_PATH}:/home/jinshim/darkhorse/install/smart_hospital_system:/home/jinshim/darkhorse/install/smart_hospital_control:/home/jinshim/darkhorse/install/smart_dispatcher:/home/jinshim/darkhorse/install/qr_scanner:/home/jinshim/darkhorse/install/my_bringup:/home/jinshim/darkhorse/install/limo_tts:/home/jinshim/darkhorse/install/limo_speed_ctrl:/home/jinshim/darkhorse/install/hospital_setup:/home/jinshim/darkhorse/install/form_start_trigger:/home/jinshim/darkhorse/install/doctor_ui_pkg:/opt/ros/humble /usr/bin/cmake --build /home/jinshim/darkhorse/build/limo_interfaces -- -j18 -l18
[3.882s] Invoking command in '/home/jinshim/darkhorse/build/limo_interfaces': CMAKE_PREFIX_PATH=${CMAKE_PREFIX_PATH}:/home/jinshim/darkhorse/install/smart_hospital_system:/home/jinshim/darkhorse/install/smart_hospital_control:/home/jinshim/darkhorse/install/smart_dispatcher:/home/jinshim/darkhorse/install/qr_scanner:/home/jinshim/darkhorse/install/my_bringup:/home/jinshim/darkhorse/install/limo_tts:/home/jinshim/darkhorse/install/limo_speed_ctrl:/home/jinshim/darkhorse/install/hospital_setup:/home/jinshim/darkhorse/install/form_start_trigger:/home/jinshim/darkhorse/install/doctor_ui_pkg:/opt/ros/humble /usr/bin/cmake --install /home/jinshim/darkhorse/build/limo_interfaces
[3.888s] -- Install configuration: ""
[3.888s] -- Execute custom install script
[3.888s] -- Symlinking: /home/jinshim/darkhorse/install/limo_interfaces/share/ament_index/resource_index/rosidl_interfaces/limo_interfaces
[3.894s] -- Symlinking: /home/jinshim/darkhorse/install/limo_interfaces/include/limo_interfaces/limo_interfaces/action/detail/speak__functions.h
[3.900s] -- Symlinking: /home/jinshim/darkhorse/install/limo_interfaces/include/limo_interfaces/limo_interfaces/action/detail/speak__struct.h
[3.905s] -- Symlinking: /home/jinshim/darkhorse/install/limo_interfaces/include/limo_interfaces/limo_interfaces/action/detail/speak__type_support.h
[3.909s] -- Symlinking: /home/jinshim/darkhorse/install/limo_interfaces/include/limo_interfaces/limo_interfaces/action/speak.h
[3.915s] -- Symlinking: /home/jinshim/darkhorse/install/limo_interfaces/include/limo_interfaces/limo_interfaces/msg/rosidl_generator_c__visibility_control.h
[3.920s] -- Symlinking: /home/jinshim/darkhorse/install/limo_interfaces/share/limo_interfaces/environment/library_path.sh
[3.925s] -- Symlinking: /home/jinshim/darkhorse/install/limo_interfaces/share/limo_interfaces/environment/library_path.dsv
[3.930s] -- Symlinking: /home/jinshim/darkhorse/install/limo_interfaces/include/limo_interfaces/limo_interfaces/action/detail/speak__rosidl_typesupport_fastrtps_c.h
[3.934s] -- Symlinking: /home/jinshim/darkhorse/install/limo_interfaces/include/limo_interfaces/limo_interfaces/msg/rosidl_typesupport_fastrtps_c__visibility_control.h
[3.940s] -- Symlinking: /home/jinshim/darkhorse/install/limo_interfaces/include/limo_interfaces/limo_interfaces/action/detail/speak__rosidl_typesupport_introspection_c.h
[3.946s] -- Symlinking: /home/jinshim/darkhorse/install/limo_interfaces/include/limo_interfaces/limo_interfaces/msg/rosidl_typesupport_introspection_c__visibility_control.h
[3.950s] -- Symlinking: /home/jinshim/darkhorse/install/limo_interfaces/include/limo_interfaces/limo_interfaces/action/detail/speak__builder.hpp
[3.955s] -- Symlinking: /home/jinshim/darkhorse/install/limo_interfaces/include/limo_interfaces/limo_interfaces/action/detail/speak__struct.hpp
[3.961s] -- Symlinking: /home/jinshim/darkhorse/install/limo_interfaces/include/limo_interfaces/limo_interfaces/action/detail/speak__traits.hpp
[3.966s] -- Symlinking: /home/jinshim/darkhorse/install/limo_interfaces/include/limo_interfaces/limo_interfaces/action/detail/speak__type_support.hpp
[3.972s] -- Symlinking: /home/jinshim/darkhorse/install/limo_interfaces/include/limo_interfaces/limo_interfaces/action/speak.hpp
[3.978s] -- Symlinking: /home/jinshim/darkhorse/install/limo_interfaces/include/limo_interfaces/limo_interfaces/msg/rosidl_generator_cpp__visibility_control.hpp
[3.983s] -- Symlinking: /home/jinshim/darkhorse/install/limo_interfaces/include/limo_interfaces/limo_interfaces/action/detail/speak__rosidl_typesupport_fastrtps_cpp.hpp
[3.987s] -- Symlinking: /home/jinshim/darkhorse/install/limo_interfaces/include/limo_interfaces/limo_interfaces/msg/rosidl_typesupport_fastrtps_cpp__visibility_control.h
[3.991s] -- Symlinking: /home/jinshim/darkhorse/install/limo_interfaces/include/limo_interfaces/limo_interfaces/action/detail/speak__rosidl_typesupport_introspection_cpp.hpp
[3.997s] -- Symlinking: /home/jinshim/darkhorse/install/limo_interfaces/share/limo_interfaces/environment/pythonpath.sh
[4.003s] -- Symlinking: /home/jinshim/darkhorse/install/limo_interfaces/share/limo_interfaces/environment/pythonpath.dsv
[4.007s] -- Symlinking: /home/jinshim/darkhorse/install/limo_interfaces/local/lib/python3.10/dist-packages/limo_interfaces-0.0.0-py3.10.egg-info/PKG-INFO
[4.011s] -- Symlinking: /home/jinshim/darkhorse/install/limo_interfaces/local/lib/python3.10/dist-packages/limo_interfaces-0.0.0-py3.10.egg-info/SOURCES.txt
[4.016s] -- Symlinking: /home/jinshim/darkhorse/install/limo_interfaces/local/lib/python3.10/dist-packages/limo_interfaces-0.0.0-py3.10.egg-info/dependency_links.txt
[4.022s] -- Symlinking: /home/jinshim/darkhorse/install/limo_interfaces/local/lib/python3.10/dist-packages/limo_interfaces-0.0.0-py3.10.egg-info/top_level.txt
[4.028s] -- Symlinking: /home/jinshim/darkhorse/install/limo_interfaces/local/lib/python3.10/dist-packages/limo_interfaces/__init__.py
[4.032s] -- Symlinking: /home/jinshim/darkhorse/install/limo_interfaces/local/lib/python3.10/dist-packages/limo_interfaces/_limo_interfaces_s.ep.rosidl_typesupport_c.c
[4.037s] -- Symlinking: /home/jinshim/darkhorse/install/limo_interfaces/local/lib/python3.10/dist-packages/limo_interfaces/_limo_interfaces_s.ep.rosidl_typesupport_fastrtps_c.c
[4.043s] -- Symlinking: /home/jinshim/darkhorse/install/limo_interfaces/local/lib/python3.10/dist-packages/limo_interfaces/_limo_interfaces_s.ep.rosidl_typesupport_introspection_c.c
[4.048s] -- Symlinking: /home/jinshim/darkhorse/install/limo_interfaces/local/lib/python3.10/dist-packages/limo_interfaces/action/__init__.py
[4.054s] -- Symlinking: /home/jinshim/darkhorse/install/limo_interfaces/local/lib/python3.10/dist-packages/limo_interfaces/action/_speak.py
[4.060s] -- Symlinking: /home/jinshim/darkhorse/install/limo_interfaces/local/lib/python3.10/dist-packages/limo_interfaces/action/_speak_s.c
[4.065s] -- Symlinking: /home/jinshim/darkhorse/install/limo_interfaces/local/lib/python3.10/dist-packages/limo_interfaces/liblimo_interfaces__rosidl_generator_py.so
[4.071s] -- Symlinking: /home/jinshim/darkhorse/install/limo_interfaces/local/lib/python3.10/dist-packages/limo_interfaces/limo_interfaces_s__rosidl_typesupport_c.cpython-310-x86_64-linux-gnu.so
[4.077s] -- Symlinking: /home/jinshim/darkhorse/install/limo_interfaces/local/lib/python3.10/dist-packages/limo_interfaces/limo_interfaces_s__rosidl_typesupport_fastrtps_c.cpython-310-x86_64-linux-gnu.so
[4.081s] -- Symlinking: /home/jinshim/darkhorse/install/limo_interfaces/local/lib/python3.10/dist-packages/limo_interfaces/limo_interfaces_s__rosidl_typesupport_introspection_c.cpython-310-x86_64-linux-gnu.so
[4.087s] -- Up-to-date symlink: /home/jinshim/darkhorse/install/limo_interfaces/local/lib/python3.10/dist-packages/limo_interfaces/limo_interfaces_s__rosidl_typesupport_fastrtps_c.cpython-310-x86_64-linux-gnu.so
[4.088s] -- Up-to-date symlink: /home/jinshim/darkhorse/install/limo_interfaces/local/lib/python3.10/dist-packages/limo_interfaces/limo_interfaces_s__rosidl_typesupport_introspection_c.cpython-310-x86_64-linux-gnu.so
[4.088s] -- Up-to-date symlink: /home/jinshim/darkhorse/install/limo_interfaces/local/lib/python3.10/dist-packages/limo_interfaces/limo_interfaces_s__rosidl_typesupport_c.cpython-310-x86_64-linux-gnu.so
[4.088s] -- Symlinking: /home/jinshim/darkhorse/install/limo_interfaces/share/limo_interfaces/action/Speak.idl
[4.093s] -- Symlinking: /home/jinshim/darkhorse/install/limo_interfaces/share/limo_interfaces/action/Speak.action
[4.099s] -- Symlinking: /home/jinshim/darkhorse/install/limo_interfaces/share/ament_index/resource_index/package_run_dependencies/limo_interfaces
[4.105s] -- Symlinking: /home/jinshim/darkhorse/install/limo_interfaces/share/ament_index/resource_index/parent_prefix_path/limo_interfaces
[4.112s] -- Symlinking: /home/jinshim/darkhorse/install/limo_interfaces/share/limo_interfaces/environment/ament_prefix_path.sh
[4.117s] -- Symlinking: /home/jinshim/darkhorse/install/limo_interfaces/share/limo_interfaces/environment/ament_prefix_path.dsv
[4.123s] -- Symlinking: /home/jinshim/darkhorse/install/limo_interfaces/share/limo_interfaces/environment/path.sh
[4.129s] -- Symlinking: /home/jinshim/darkhorse/install/limo_interfaces/share/limo_interfaces/environment/path.dsv
[4.133s] -- Symlinking: /home/jinshim/darkhorse/install/limo_interfaces/share/limo_interfaces/local_setup.bash
[4.139s] -- Symlinking: /home/jinshim/darkhorse/install/limo_interfaces/share/limo_interfaces/local_setup.sh
[4.144s] -- Symlinking: /home/jinshim/darkhorse/install/limo_interfaces/share/limo_interfaces/local_setup.zsh
[4.149s] -- Symlinking: /home/jinshim/darkhorse/install/limo_interfaces/share/limo_interfaces/local_setup.dsv
[4.155s] -- Symlinking: /home/jinshim/darkhorse/install/limo_interfaces/share/limo_interfaces/package.dsv
[4.161s] -- Symlinking: /home/jinshim/darkhorse/install/limo_interfaces/share/ament_index/resource_index/packages/limo_interfaces
[4.166s] -- Symlinking: /home/jinshim/darkhorse/install/limo_interfaces/share/limo_interfaces/cmake/rosidl_cmake-extras.cmake
[4.170s] -- Symlinking: /home/jinshim/darkhorse/install/limo_interfaces/share/limo_interfaces/cmake/ament_cmake_export_dependencies-extras.cmake
[4.176s] -- Symlinking: /home/jinshim/darkhorse/install/limo_interfaces/share/limo_interfaces/cmake/ament_cmake_export_include_directories-extras.cmake
[4.180s] -- Symlinking: /home/jinshim/darkhorse/install/limo_interfaces/share/limo_interfaces/cmake/ament_cmake_export_libraries-extras.cmake
[4.186s] -- Symlinking: /home/jinshim/darkhorse/install/limo_interfaces/share/limo_interfaces/cmake/ament_cmake_export_targets-extras.cmake
[4.192s] -- Symlinking: /home/jinshim/darkhorse/install/limo_interfaces/share/limo_interfaces/cmake/rosidl_cmake_export_typesupport_targets-extras.cmake
[4.196s] -- Symlinking: /home/jinshim/darkhorse/install/limo_interfaces/share/limo_interfaces/cmake/rosidl_cmake_export_typesupport_libraries-extras.cmake
[4.202s] -- Symlinking: /home/jinshim/darkhorse/install/limo_interfaces/share/limo_interfaces/cmake/limo_interfacesConfig.cmake
[4.208s] -- Symlinking: /home/jinshim/darkhorse/install/limo_interfaces/share/limo_interfaces/cmake/limo_interfacesConfig-version.cmake
[4.213s] -- Symlinking: /home/jinshim/darkhorse/install/limo_interfaces/share/limo_interfaces/package.xml
[4.220s] -- Installing: /home/jinshim/darkhorse/install/limo_interfaces/lib/liblimo_interfaces__rosidl_generator_c.so
[4.220s] -- Set runtime path of "/home/jinshim/darkhorse/install/limo_interfaces/lib/liblimo_interfaces__rosidl_generator_c.so" to ""
[4.220s] -- Installing: /home/jinshim/darkhorse/install/limo_interfaces/lib/liblimo_interfaces__rosidl_typesupport_fastrtps_c.so
[4.220s] -- Set runtime path of "/home/jinshim/darkhorse/install/limo_interfaces/lib/liblimo_interfaces__rosidl_typesupport_fastrtps_c.so" to ""
[4.220s] -- Installing: /home/jinshim/darkhorse/install/limo_interfaces/lib/liblimo_interfaces__rosidl_typesupport_introspection_c.so
[4.221s] -- Set runtime path of "/home/jinshim/darkhorse/install/limo_interfaces/lib/liblimo_interfaces__rosidl_typesupport_introspection_c.so" to ""
[4.221s] -- Installing: /home/jinshim/darkhorse/install/limo_interfaces/lib/liblimo_interfaces__rosidl_typesupport_c.so
[4.221s] -- Set runtime path of "/home/jinshim/darkhorse/install/limo_interfaces/lib/liblimo_interfaces__rosidl_typesupport_c.so" to ""
[4.221s] -- Installing: /home/jinshim/darkhorse/install/limo_interfaces/lib/liblimo_interfaces__rosidl_typesupport_fastrtps_cpp.so
[4.221s] -- Set runtime path of "/home/jinshim/darkhorse/install/limo_interfaces/lib/liblimo_interfaces__rosidl_typesupport_fastrtps_cpp.so" to ""
[4.221s] -- Installing: /home/jinshim/darkhorse/install/limo_interfaces/lib/liblimo_interfaces__rosidl_typesupport_introspection_cpp.so
[4.221s] -- Set runtime path of "/home/jinshim/darkhorse/install/limo_interfaces/lib/liblimo_interfaces__rosidl_typesupport_introspection_cpp.so" to ""
[4.221s] -- Installing: /home/jinshim/darkhorse/install/limo_interfaces/lib/liblimo_interfaces__rosidl_typesupport_cpp.so
[4.222s] -- Set runtime path of "/home/jinshim/darkhorse/install/limo_interfaces/lib/liblimo_interfaces__rosidl_typesupport_cpp.so" to ""
[4.248s] Listing '/home/jinshim/darkhorse/install/limo_interfaces/local/lib/python3.10/dist-packages/limo_interfaces'...
[4.249s] Compiling '/home/jinshim/darkhorse/install/limo_interfaces/local/lib/python3.10/dist-packages/limo_interfaces/__init__.py'...
[4.249s] Listing '/home/jinshim/darkhorse/install/limo_interfaces/local/lib/python3.10/dist-packages/limo_interfaces/action'...
[4.249s] Compiling '/home/jinshim/darkhorse/install/limo_interfaces/local/lib/python3.10/dist-packages/limo_interfaces/action/__init__.py'...
[4.249s] Compiling '/home/jinshim/darkhorse/install/limo_interfaces/local/lib/python3.10/dist-packages/limo_interfaces/action/_speak.py'...
[4.251s] -- Installing: /home/jinshim/darkhorse/install/limo_interfaces/lib/liblimo_interfaces__rosidl_generator_py.so
[4.252s] -- Set runtime path of "/home/jinshim/darkhorse/install/limo_interfaces/lib/liblimo_interfaces__rosidl_generator_py.so" to ""
[4.252s] -- Installing: /home/jinshim/darkhorse/install/limo_interfaces/share/limo_interfaces/cmake/export_limo_interfaces__rosidl_generator_cExport.cmake
[4.252s] -- Installing: /home/jinshim/darkhorse/install/limo_interfaces/share/limo_interfaces/cmake/export_limo_interfaces__rosidl_generator_cExport-noconfig.cmake
[4.252s] -- Installing: /home/jinshim/darkhorse/install/limo_interfaces/share/limo_interfaces/cmake/export_limo_interfaces__rosidl_typesupport_fastrtps_cExport.cmake
[4.252s] -- Installing: /home/jinshim/darkhorse/install/limo_interfaces/share/limo_interfaces/cmake/export_limo_interfaces__rosidl_typesupport_fastrtps_cExport-noconfig.cmake
[4.252s] -- Installing: /home/jinshim/darkhorse/install/limo_interfaces/share/limo_interfaces/cmake/limo_interfaces__rosidl_typesupport_introspection_cExport.cmake
[4.252s] -- Installing: /home/jinshim/darkhorse/install/limo_interfaces/share/limo_interfaces/cmake/limo_interfaces__rosidl_typesupport_introspection_cExport-noconfig.cmake
[4.252s] -- Installing: /home/jinshim/darkhorse/install/limo_interfaces/share/limo_interfaces/cmake/limo_interfaces__rosidl_typesupport_cExport.cmake
[4.252s] -- Installing: /home/jinshim/darkhorse/install/limo_interfaces/share/limo_interfaces/cmake/limo_interfaces__rosidl_typesupport_cExport-noconfig.cmake
[4.253s] -- Installing: /home/jinshim/darkhorse/install/limo_interfaces/share/limo_interfaces/cmake/export_limo_interfaces__rosidl_generator_cppExport.cmake
[4.253s] -- Installing: /home/jinshim/darkhorse/install/limo_interfaces/share/limo_interfaces/cmake/export_limo_interfaces__rosidl_typesupport_fastrtps_cppExport.cmake
[4.253s] -- Installing: /home/jinshim/darkhorse/install/limo_interfaces/share/limo_interfaces/cmake/export_limo_interfaces__rosidl_typesupport_fastrtps_cppExport-noconfig.cmake
[4.253s] -- Installing: /home/jinshim/darkhorse/install/limo_interfaces/share/limo_interfaces/cmake/limo_interfaces__rosidl_typesupport_introspection_cppExport.cmake
[4.253s] -- Installing: /home/jinshim/darkhorse/install/limo_interfaces/share/limo_interfaces/cmake/limo_interfaces__rosidl_typesupport_introspection_cppExport-noconfig.cmake
[4.253s] -- Installing: /home/jinshim/darkhorse/install/limo_interfaces/share/limo_interfaces/cmake/limo_interfaces__rosidl_typesupport_cppExport.cmake
[4.253s] -- Installing: /home/jinshim/darkhorse/install/limo_interfaces/share/limo_interfaces/cmake/limo_interfaces__rosidl_typesupport_cppExport-noconfig.cmake
[4.253s] -- Installing: /home/jinshim/darkhorse/install/limo_interfaces/share/limo_interfaces/cmake/export_limo_interfaces__rosidl_generator_pyExport.cmake
[4.253s] -- Installing: /home/jinshim/darkhorse/install/limo_interfaces/share/limo_interfaces/cmake/export_limo_interfaces__rosidl_generator_pyExport-noconfig.cmake
[4.256s] Invoked command in '/home/jinshim/darkhorse/build/limo_interfaces' returned '0': CMAKE_PREFIX_PATH=${CMAKE_PREFIX_PATH}:/home/jinshim/darkhorse/install/smart_hospital_system:/home/jinshim/darkhorse/install/smart_hospital_control:/home/jinshim/darkhorse/install/smart_dispatcher:/home/jinshim/darkhorse/install/qr_scanner:/home/jinshim/darkhorse/install/my_bringup:/home/jinshim/darkhorse/install/limo_tts:/home/jinshim/darkhorse/install/limo_speed_ctrl:/home/jinshim/darkhorse/install/hospital_setup:/home/jinshim/darkhorse/install/form_start_trigger:/home/jinshim/darkhorse/install/doctor_ui_pkg:/opt/ros/humble /usr/bin/cmake --install /home/jinshim/darkhorse/build/limo_interfaces
