[0.073s] DEBUG:colcon:Command line arguments: ['/usr/bin/colcon', 'build']
[0.073s] DEBUG:colcon:Parsed command line arguments: Namespace(log_base=None, log_level=None, verb_name='build', build_base='build', install_base='install', merge_install=False, symlink_install=False, test_result_base=None, continue_on_error=False, executor='parallel', parallel_workers=24, event_handlers=None, ignore_user_meta=False, metas=['./colcon.meta'], base_paths=['.'], packages_ignore=None, packages_ignore_regex=None, paths=None, packages_up_to=None, packages_up_to_regex=None, packages_above=None, packages_above_and_dependencies=None, packages_above_depth=None, packages_select_by_dep=None, packages_skip_by_dep=None, packages_skip_up_to=None, packages_select_build_failed=False, packages_skip_build_finished=False, packages_select_test_failures=False, packages_skip_test_passed=False, packages_select=None, packages_skip=None, packages_select_regex=None, packages_skip_regex=None, packages_start=None, packages_end=None, allow_overriding=[], cmake_args=None, cmake_target=None, cmake_target_skip_unavailable=False, cmake_clean_cache=False, cmake_clean_first=False, cmake_force_configure=False, ament_cmake_args=None, catkin_cmake_args=None, catkin_skip_building_tests=False, mixin_files=None, mixin=None, verb_parser=<colcon_mixin.mixin.mixin_argument.MixinArgumentDecorator object at 0x72dc73e79ed0>, verb_extension=<colcon_core.verb.build.BuildVerb object at 0x72dc73f8aec0>, main=<bound method BuildVerb.main of <colcon_core.verb.build.BuildVerb object at 0x72dc73f8aec0>>, mixin_verb=('build',))
[0.179s] Level 1:colcon.colcon_core.package_discovery:discover_packages(colcon_meta) check parameters
[0.179s] Level 1:colcon.colcon_core.package_discovery:discover_packages(recursive) check parameters
[0.179s] Level 1:colcon.colcon_core.package_discovery:discover_packages(ignore) check parameters
[0.179s] Level 1:colcon.colcon_core.package_discovery:discover_packages(path) check parameters
[0.179s] Level 1:colcon.colcon_core.package_discovery:discover_packages(colcon_meta) discover
[0.179s] Level 1:colcon.colcon_core.package_discovery:discover_packages(recursive) discover
[0.179s] INFO:colcon.colcon_core.package_discovery:Crawling recursively for packages in '/home/flynn/darkhorse'
[0.179s] Level 1:colcon.colcon_core.package_identification:_identify(.) by extensions ['ignore', 'ignore_ament_install']
[0.179s] Level 1:colcon.colcon_core.package_identification:_identify(.) by extension 'ignore'
[0.179s] Level 1:colcon.colcon_core.package_identification:_identify(.) by extension 'ignore_ament_install'
[0.179s] Level 1:colcon.colcon_core.package_identification:_identify(.) by extensions ['colcon_pkg']
[0.179s] Level 1:colcon.colcon_core.package_identification:_identify(.) by extension 'colcon_pkg'
[0.179s] Level 1:colcon.colcon_core.package_identification:_identify(.) by extensions ['colcon_meta']
[0.179s] Level 1:colcon.colcon_core.package_identification:_identify(.) by extension 'colcon_meta'
[0.179s] Level 1:colcon.colcon_core.package_identification:_identify(.) by extensions ['ros']
[0.179s] Level 1:colcon.colcon_core.package_identification:_identify(.) by extension 'ros'
[0.187s] Level 1:colcon.colcon_core.package_identification:_identify(.) by extensions ['cmake', 'python']
[0.187s] Level 1:colcon.colcon_core.package_identification:_identify(.) by extension 'cmake'
[0.187s] Level 1:colcon.colcon_core.package_identification:_identify(.) by extension 'python'
[0.187s] Level 1:colcon.colcon_core.package_identification:_identify(.) by extensions ['python_setup_py']
[0.187s] Level 1:colcon.colcon_core.package_identification:_identify(.) by extension 'python_setup_py'
[0.187s] Level 1:colcon.colcon_core.package_identification:_identify(build) by extensions ['ignore', 'ignore_ament_install']
[0.187s] Level 1:colcon.colcon_core.package_identification:_identify(build) by extension 'ignore'
[0.187s] Level 1:colcon.colcon_core.package_identification:_identify(build) ignored
[0.187s] Level 1:colcon.colcon_core.package_identification:_identify(install) by extensions ['ignore', 'ignore_ament_install']
[0.187s] Level 1:colcon.colcon_core.package_identification:_identify(install) by extension 'ignore'
[0.187s] Level 1:colcon.colcon_core.package_identification:_identify(install) ignored
[0.188s] Level 1:colcon.colcon_core.package_identification:_identify(log) by extensions ['ignore', 'ignore_ament_install']
[0.188s] Level 1:colcon.colcon_core.package_identification:_identify(log) by extension 'ignore'
[0.188s] Level 1:colcon.colcon_core.package_identification:_identify(log) ignored
[0.188s] Level 1:colcon.colcon_core.package_identification:_identify(src) by extensions ['ignore', 'ignore_ament_install']
[0.188s] Level 1:colcon.colcon_core.package_identification:_identify(src) by extension 'ignore'
[0.188s] Level 1:colcon.colcon_core.package_identification:_identify(src) by extension 'ignore_ament_install'
[0.188s] Level 1:colcon.colcon_core.package_identification:_identify(src) by extensions ['colcon_pkg']
[0.188s] Level 1:colcon.colcon_core.package_identification:_identify(src) by extension 'colcon_pkg'
[0.188s] Level 1:colcon.colcon_core.package_identification:_identify(src) by extensions ['colcon_meta']
[0.188s] Level 1:colcon.colcon_core.package_identification:_identify(src) by extension 'colcon_meta'
[0.188s] Level 1:colcon.colcon_core.package_identification:_identify(src) by extensions ['ros']
[0.188s] Level 1:colcon.colcon_core.package_identification:_identify(src) by extension 'ros'
[0.188s] Level 1:colcon.colcon_core.package_identification:_identify(src) by extensions ['cmake', 'python']
[0.188s] Level 1:colcon.colcon_core.package_identification:_identify(src) by extension 'cmake'
[0.188s] Level 1:colcon.colcon_core.package_identification:_identify(src) by extension 'python'
[0.188s] Level 1:colcon.colcon_core.package_identification:_identify(src) by extensions ['python_setup_py']
[0.188s] Level 1:colcon.colcon_core.package_identification:_identify(src) by extension 'python_setup_py'
[0.188s] Level 1:colcon.colcon_core.package_identification:_identify(src/doctor_gui) by extensions ['ignore', 'ignore_ament_install']
[0.188s] Level 1:colcon.colcon_core.package_identification:_identify(src/doctor_gui) by extension 'ignore'
[0.188s] Level 1:colcon.colcon_core.package_identification:_identify(src/doctor_gui) by extension 'ignore_ament_install'
[0.188s] Level 1:colcon.colcon_core.package_identification:_identify(src/doctor_gui) by extensions ['colcon_pkg']
[0.188s] Level 1:colcon.colcon_core.package_identification:_identify(src/doctor_gui) by extension 'colcon_pkg'
[0.188s] Level 1:colcon.colcon_core.package_identification:_identify(src/doctor_gui) by extensions ['colcon_meta']
[0.188s] Level 1:colcon.colcon_core.package_identification:_identify(src/doctor_gui) by extension 'colcon_meta'
[0.188s] Level 1:colcon.colcon_core.package_identification:_identify(src/doctor_gui) by extensions ['ros']
[0.188s] Level 1:colcon.colcon_core.package_identification:_identify(src/doctor_gui) by extension 'ros'
[0.190s] DEBUG:colcon.colcon_core.package_identification:Package 'src/doctor_gui' with type 'ros.ament_python' and name 'doctor_gui'
[0.190s] Level 1:colcon.colcon_core.package_identification:_identify(src/hospital_setup) by extensions ['ignore', 'ignore_ament_install']
[0.190s] Level 1:colcon.colcon_core.package_identification:_identify(src/hospital_setup) by extension 'ignore'
[0.190s] Level 1:colcon.colcon_core.package_identification:_identify(src/hospital_setup) by extension 'ignore_ament_install'
[0.190s] Level 1:colcon.colcon_core.package_identification:_identify(src/hospital_setup) by extensions ['colcon_pkg']
[0.190s] Level 1:colcon.colcon_core.package_identification:_identify(src/hospital_setup) by extension 'colcon_pkg'
[0.190s] Level 1:colcon.colcon_core.package_identification:_identify(src/hospital_setup) by extensions ['colcon_meta']
[0.190s] Level 1:colcon.colcon_core.package_identification:_identify(src/hospital_setup) by extension 'colcon_meta'
[0.190s] Level 1:colcon.colcon_core.package_identification:_identify(src/hospital_setup) by extensions ['ros']
[0.190s] Level 1:colcon.colcon_core.package_identification:_identify(src/hospital_setup) by extension 'ros'
[0.190s] DEBUG:colcon.colcon_core.package_identification:Package 'src/hospital_setup' with type 'ros.ament_python' and name 'hospital_setup'
[0.190s] Level 1:colcon.colcon_core.package_identification:_identify(src/my_bringup) by extensions ['ignore', 'ignore_ament_install']
[0.190s] Level 1:colcon.colcon_core.package_identification:_identify(src/my_bringup) by extension 'ignore'
[0.190s] Level 1:colcon.colcon_core.package_identification:_identify(src/my_bringup) by extension 'ignore_ament_install'
[0.190s] Level 1:colcon.colcon_core.package_identification:_identify(src/my_bringup) by extensions ['colcon_pkg']
[0.190s] Level 1:colcon.colcon_core.package_identification:_identify(src/my_bringup) by extension 'colcon_pkg'
[0.190s] Level 1:colcon.colcon_core.package_identification:_identify(src/my_bringup) by extensions ['colcon_meta']
[0.191s] Level 1:colcon.colcon_core.package_identification:_identify(src/my_bringup) by extension 'colcon_meta'
[0.191s] Level 1:colcon.colcon_core.package_identification:_identify(src/my_bringup) by extensions ['ros']
[0.191s] Level 1:colcon.colcon_core.package_identification:_identify(src/my_bringup) by extension 'ros'
[0.196s] DEBUG:colcon.colcon_core.package_identification:Package 'src/my_bringup' with type 'ros.ament_python' and name 'my_bringup'
[0.196s] Level 1:colcon.colcon_core.package_identification:_identify(src/patient_gui) by extensions ['ignore', 'ignore_ament_install']
[0.196s] Level 1:colcon.colcon_core.package_identification:_identify(src/patient_gui) by extension 'ignore'
[0.196s] Level 1:colcon.colcon_core.package_identification:_identify(src/patient_gui) by extension 'ignore_ament_install'
[0.196s] Level 1:colcon.colcon_core.package_identification:_identify(src/patient_gui) by extensions ['colcon_pkg']
[0.196s] Level 1:colcon.colcon_core.package_identification:_identify(src/patient_gui) by extension 'colcon_pkg'
[0.196s] Level 1:colcon.colcon_core.package_identification:_identify(src/patient_gui) by extensions ['colcon_meta']
[0.196s] Level 1:colcon.colcon_core.package_identification:_identify(src/patient_gui) by extension 'colcon_meta'
[0.196s] Level 1:colcon.colcon_core.package_identification:_identify(src/patient_gui) by extensions ['ros']
[0.196s] Level 1:colcon.colcon_core.package_identification:_identify(src/patient_gui) by extension 'ros'
[0.196s] DEBUG:colcon.colcon_core.package_identification:Package 'src/patient_gui' with type 'ros.ament_python' and name 'patient_gui'
[0.196s] Level 1:colcon.colcon_core.package_identification:_identify(src/py_bt_ros) by extensions ['ignore', 'ignore_ament_install']
[0.196s] Level 1:colcon.colcon_core.package_identification:_identify(src/py_bt_ros) by extension 'ignore'
[0.197s] Level 1:colcon.colcon_core.package_identification:_identify(src/py_bt_ros) by extension 'ignore_ament_install'
[0.197s] Level 1:colcon.colcon_core.package_identification:_identify(src/py_bt_ros) by extensions ['colcon_pkg']
[0.197s] Level 1:colcon.colcon_core.package_identification:_identify(src/py_bt_ros) by extension 'colcon_pkg'
[0.197s] Level 1:colcon.colcon_core.package_identification:_identify(src/py_bt_ros) by extensions ['colcon_meta']
[0.197s] Level 1:colcon.colcon_core.package_identification:_identify(src/py_bt_ros) by extension 'colcon_meta'
[0.197s] Level 1:colcon.colcon_core.package_identification:_identify(src/py_bt_ros) by extensions ['ros']
[0.197s] Level 1:colcon.colcon_core.package_identification:_identify(src/py_bt_ros) by extension 'ros'
[0.197s] Level 1:colcon.colcon_core.package_identification:_identify(src/py_bt_ros) by extensions ['cmake', 'python']
[0.197s] Level 1:colcon.colcon_core.package_identification:_identify(src/py_bt_ros) by extension 'cmake'
[0.197s] Level 1:colcon.colcon_core.package_identification:_identify(src/py_bt_ros) by extension 'python'
[0.197s] Level 1:colcon.colcon_core.package_identification:_identify(src/py_bt_ros) by extensions ['python_setup_py']
[0.197s] Level 1:colcon.colcon_core.package_identification:_identify(src/py_bt_ros) by extension 'python_setup_py'
[0.197s] Level 1:colcon.colcon_core.package_identification:_identify(src/py_bt_ros/docs) by extensions ['ignore', 'ignore_ament_install']
[0.197s] Level 1:colcon.colcon_core.package_identification:_identify(src/py_bt_ros/docs) by extension 'ignore'
[0.197s] Level 1:colcon.colcon_core.package_identification:_identify(src/py_bt_ros/docs) by extension 'ignore_ament_install'
[0.197s] Level 1:colcon.colcon_core.package_identification:_identify(src/py_bt_ros/docs) by extensions ['colcon_pkg']
[0.197s] Level 1:colcon.colcon_core.package_identification:_identify(src/py_bt_ros/docs) by extension 'colcon_pkg'
[0.197s] Level 1:colcon.colcon_core.package_identification:_identify(src/py_bt_ros/docs) by extensions ['colcon_meta']
[0.197s] Level 1:colcon.colcon_core.package_identification:_identify(src/py_bt_ros/docs) by extension 'colcon_meta'
[0.197s] Level 1:colcon.colcon_core.package_identification:_identify(src/py_bt_ros/docs) by extensions ['ros']
[0.197s] Level 1:colcon.colcon_core.package_identification:_identify(src/py_bt_ros/docs) by extension 'ros'
[0.197s] Level 1:colcon.colcon_core.package_identification:_identify(src/py_bt_ros/docs) by extensions ['cmake', 'python']
[0.197s] Level 1:colcon.colcon_core.package_identification:_identify(src/py_bt_ros/docs) by extension 'cmake'
[0.197s] Level 1:colcon.colcon_core.package_identification:_identify(src/py_bt_ros/docs) by extension 'python'
[0.197s] Level 1:colcon.colcon_core.package_identification:_identify(src/py_bt_ros/docs) by extensions ['python_setup_py']
[0.197s] Level 1:colcon.colcon_core.package_identification:_identify(src/py_bt_ros/docs) by extension 'python_setup_py'
[0.197s] Level 1:colcon.colcon_core.package_identification:_identify(src/py_bt_ros/modules) by extensions ['ignore', 'ignore_ament_install']
[0.197s] Level 1:colcon.colcon_core.package_identification:_identify(src/py_bt_ros/modules) by extension 'ignore'
[0.197s] Level 1:colcon.colcon_core.package_identification:_identify(src/py_bt_ros/modules) by extension 'ignore_ament_install'
[0.197s] Level 1:colcon.colcon_core.package_identification:_identify(src/py_bt_ros/modules) by extensions ['colcon_pkg']
[0.197s] Level 1:colcon.colcon_core.package_identification:_identify(src/py_bt_ros/modules) by extension 'colcon_pkg'
[0.197s] Level 1:colcon.colcon_core.package_identification:_identify(src/py_bt_ros/modules) by extensions ['colcon_meta']
[0.197s] Level 1:colcon.colcon_core.package_identification:_identify(src/py_bt_ros/modules) by extension 'colcon_meta'
[0.197s] Level 1:colcon.colcon_core.package_identification:_identify(src/py_bt_ros/modules) by extensions ['ros']
[0.197s] Level 1:colcon.colcon_core.package_identification:_identify(src/py_bt_ros/modules) by extension 'ros'
[0.197s] Level 1:colcon.colcon_core.package_identification:_identify(src/py_bt_ros/modules) by extensions ['cmake', 'python']
[0.197s] Level 1:colcon.colcon_core.package_identification:_identify(src/py_bt_ros/modules) by extension 'cmake'
[0.197s] Level 1:colcon.colcon_core.package_identification:_identify(src/py_bt_ros/modules) by extension 'python'
[0.197s] Level 1:colcon.colcon_core.package_identification:_identify(src/py_bt_ros/modules) by extensions ['python_setup_py']
[0.197s] Level 1:colcon.colcon_core.package_identification:_identify(src/py_bt_ros/modules) by extension 'python_setup_py'
[0.197s] Level 1:colcon.colcon_core.package_identification:_identify(src/py_bt_ros/scenarios) by extensions ['ignore', 'ignore_ament_install']
[0.198s] Level 1:colcon.colcon_core.package_identification:_identify(src/py_bt_ros/scenarios) by extension 'ignore'
[0.198s] Level 1:colcon.colcon_core.package_identification:_identify(src/py_bt_ros/scenarios) by extension 'ignore_ament_install'
[0.198s] Level 1:colcon.colcon_core.package_identification:_identify(src/py_bt_ros/scenarios) by extensions ['colcon_pkg']
[0.198s] Level 1:colcon.colcon_core.package_identification:_identify(src/py_bt_ros/scenarios) by extension 'colcon_pkg'
[0.198s] Level 1:colcon.colcon_core.package_identification:_identify(src/py_bt_ros/scenarios) by extensions ['colcon_meta']
[0.198s] Level 1:colcon.colcon_core.package_identification:_identify(src/py_bt_ros/scenarios) by extension 'colcon_meta'
[0.198s] Level 1:colcon.colcon_core.package_identification:_identify(src/py_bt_ros/scenarios) by extensions ['ros']
[0.198s] Level 1:colcon.colcon_core.package_identification:_identify(src/py_bt_ros/scenarios) by extension 'ros'
[0.198s] Level 1:colcon.colcon_core.package_identification:_identify(src/py_bt_ros/scenarios) by extensions ['cmake', 'python']
[0.198s] Level 1:colcon.colcon_core.package_identification:_identify(src/py_bt_ros/scenarios) by extension 'cmake'
[0.198s] Level 1:colcon.colcon_core.package_identification:_identify(src/py_bt_ros/scenarios) by extension 'python'
[0.198s] Level 1:colcon.colcon_core.package_identification:_identify(src/py_bt_ros/scenarios) by extensions ['python_setup_py']
[0.198s] Level 1:colcon.colcon_core.package_identification:_identify(src/py_bt_ros/scenarios) by extension 'python_setup_py'
[0.198s] Level 1:colcon.colcon_core.package_identification:_identify(src/py_bt_ros/scenarios/darkhorse) by extensions ['ignore', 'ignore_ament_install']
[0.198s] Level 1:colcon.colcon_core.package_identification:_identify(src/py_bt_ros/scenarios/darkhorse) by extension 'ignore'
[0.198s] Level 1:colcon.colcon_core.package_identification:_identify(src/py_bt_ros/scenarios/darkhorse) by extension 'ignore_ament_install'
[0.198s] Level 1:colcon.colcon_core.package_identification:_identify(src/py_bt_ros/scenarios/darkhorse) by extensions ['colcon_pkg']
[0.198s] Level 1:colcon.colcon_core.package_identification:_identify(src/py_bt_ros/scenarios/darkhorse) by extension 'colcon_pkg'
[0.198s] Level 1:colcon.colcon_core.package_identification:_identify(src/py_bt_ros/scenarios/darkhorse) by extensions ['colcon_meta']
[0.198s] Level 1:colcon.colcon_core.package_identification:_identify(src/py_bt_ros/scenarios/darkhorse) by extension 'colcon_meta'
[0.198s] Level 1:colcon.colcon_core.package_identification:_identify(src/py_bt_ros/scenarios/darkhorse) by extensions ['ros']
[0.198s] Level 1:colcon.colcon_core.package_identification:_identify(src/py_bt_ros/scenarios/darkhorse) by extension 'ros'
[0.198s] Level 1:colcon.colcon_core.package_identification:_identify(src/py_bt_ros/scenarios/darkhorse) by extensions ['cmake', 'python']
[0.198s] Level 1:colcon.colcon_core.package_identification:_identify(src/py_bt_ros/scenarios/darkhorse) by extension 'cmake'
[0.198s] Level 1:colcon.colcon_core.package_identification:_identify(src/py_bt_ros/scenarios/darkhorse) by extension 'python'
[0.198s] Level 1:colcon.colcon_core.package_identification:_identify(src/py_bt_ros/scenarios/darkhorse) by extensions ['python_setup_py']
[0.198s] Level 1:colcon.colcon_core.package_identification:_identify(src/py_bt_ros/scenarios/darkhorse) by extension 'python_setup_py'
[0.198s] Level 1:colcon.colcon_core.package_identification:_identify(src/smart_dispatcher) by extensions ['ignore', 'ignore_ament_install']
[0.198s] Level 1:colcon.colcon_core.package_identification:_identify(src/smart_dispatcher) by extension 'ignore'
[0.198s] Level 1:colcon.colcon_core.package_identification:_identify(src/smart_dispatcher) by extension 'ignore_ament_install'
[0.198s] Level 1:colcon.colcon_core.package_identification:_identify(src/smart_dispatcher) by extensions ['colcon_pkg']
[0.198s] Level 1:colcon.colcon_core.package_identification:_identify(src/smart_dispatcher) by extension 'colcon_pkg'
[0.198s] Level 1:colcon.colcon_core.package_identification:_identify(src/smart_dispatcher) by extensions ['colcon_meta']
[0.198s] Level 1:colcon.colcon_core.package_identification:_identify(src/smart_dispatcher) by extension 'colcon_meta'
[0.198s] Level 1:colcon.colcon_core.package_identification:_identify(src/smart_dispatcher) by extensions ['ros']
[0.198s] Level 1:colcon.colcon_core.package_identification:_identify(src/smart_dispatcher) by extension 'ros'
[0.199s] DEBUG:colcon.colcon_core.package_identification:Package 'src/smart_dispatcher' with type 'ros.ament_python' and name 'smart_dispatcher'
[0.199s] Level 1:colcon.colcon_core.package_discovery:discover_packages(recursive) using defaults
[0.199s] Level 1:colcon.colcon_core.package_discovery:discover_packages(ignore) discover
[0.199s] Level 1:colcon.colcon_core.package_discovery:discover_packages(ignore) using defaults
[0.199s] Level 1:colcon.colcon_core.package_discovery:discover_packages(path) discover
[0.199s] Level 1:colcon.colcon_core.package_discovery:discover_packages(path) using defaults
[0.213s] Level 1:colcon.colcon_core.package_discovery:discover_packages(prefix_path) check parameters
[0.213s] Level 1:colcon.colcon_core.package_discovery:discover_packages(prefix_path) discover
[0.214s] DEBUG:colcon.colcon_installed_package_information.package_discovery:Found 11 installed packages in /home/flynn/darkhorse/install
[0.215s] DEBUG:colcon.colcon_installed_package_information.package_discovery:Found 405 installed packages in /opt/ros/humble
[0.217s] Level 1:colcon.colcon_core.package_discovery:discover_packages(prefix_path) using defaults
[0.246s] Level 5:colcon.colcon_core.verb:set package 'doctor_gui' build argument 'cmake_args' from command line to 'None'
[0.246s] Level 5:colcon.colcon_core.verb:set package 'doctor_gui' build argument 'cmake_target' from command line to 'None'
[0.246s] Level 5:colcon.colcon_core.verb:set package 'doctor_gui' build argument 'cmake_target_skip_unavailable' from command line to 'False'
[0.246s] Level 5:colcon.colcon_core.verb:set package 'doctor_gui' build argument 'cmake_clean_cache' from command line to 'False'
[0.246s] Level 5:colcon.colcon_core.verb:set package 'doctor_gui' build argument 'cmake_clean_first' from command line to 'False'
[0.246s] Level 5:colcon.colcon_core.verb:set package 'doctor_gui' build argument 'cmake_force_configure' from command line to 'False'
[0.246s] Level 5:colcon.colcon_core.verb:set package 'doctor_gui' build argument 'ament_cmake_args' from command line to 'None'
[0.246s] Level 5:colcon.colcon_core.verb:set package 'doctor_gui' build argument 'catkin_cmake_args' from command line to 'None'
[0.246s] Level 5:colcon.colcon_core.verb:set package 'doctor_gui' build argument 'catkin_skip_building_tests' from command line to 'False'
[0.246s] DEBUG:colcon.colcon_core.verb:Building package 'doctor_gui' with the following arguments: {'ament_cmake_args': None, 'build_base': '/home/flynn/darkhorse/build/doctor_gui', 'catkin_cmake_args': None, 'catkin_skip_building_tests': False, 'cmake_args': None, 'cmake_clean_cache': False, 'cmake_clean_first': False, 'cmake_force_configure': False, 'cmake_target': None, 'cmake_target_skip_unavailable': False, 'install_base': '/home/flynn/darkhorse/install/doctor_gui', 'merge_install': False, 'path': '/home/flynn/darkhorse/src/doctor_gui', 'symlink_install': False, 'test_result_base': None}
[0.246s] Level 5:colcon.colcon_core.verb:set package 'hospital_setup' build argument 'cmake_args' from command line to 'None'
[0.246s] Level 5:colcon.colcon_core.verb:set package 'hospital_setup' build argument 'cmake_target' from command line to 'None'
[0.246s] Level 5:colcon.colcon_core.verb:set package 'hospital_setup' build argument 'cmake_target_skip_unavailable' from command line to 'False'
[0.246s] Level 5:colcon.colcon_core.verb:set package 'hospital_setup' build argument 'cmake_clean_cache' from command line to 'False'
[0.246s] Level 5:colcon.colcon_core.verb:set package 'hospital_setup' build argument 'cmake_clean_first' from command line to 'False'
[0.246s] Level 5:colcon.colcon_core.verb:set package 'hospital_setup' build argument 'cmake_force_configure' from command line to 'False'
[0.246s] Level 5:colcon.colcon_core.verb:set package 'hospital_setup' build argument 'ament_cmake_args' from command line to 'None'
[0.246s] Level 5:colcon.colcon_core.verb:set package 'hospital_setup' build argument 'catkin_cmake_args' from command line to 'None'
[0.246s] Level 5:colcon.colcon_core.verb:set package 'hospital_setup' build argument 'catkin_skip_building_tests' from command line to 'False'
[0.246s] DEBUG:colcon.colcon_core.verb:Building package 'hospital_setup' with the following arguments: {'ament_cmake_args': None, 'build_base': '/home/flynn/darkhorse/build/hospital_setup', 'catkin_cmake_args': None, 'catkin_skip_building_tests': False, 'cmake_args': None, 'cmake_clean_cache': False, 'cmake_clean_first': False, 'cmake_force_configure': False, 'cmake_target': None, 'cmake_target_skip_unavailable': False, 'install_base': '/home/flynn/darkhorse/install/hospital_setup', 'merge_install': False, 'path': '/home/flynn/darkhorse/src/hospital_setup', 'symlink_install': False, 'test_result_base': None}
[0.247s] Level 5:colcon.colcon_core.verb:set package 'my_bringup' build argument 'cmake_args' from command line to 'None'
[0.247s] Level 5:colcon.colcon_core.verb:set package 'my_bringup' build argument 'cmake_target' from command line to 'None'
[0.247s] Level 5:colcon.colcon_core.verb:set package 'my_bringup' build argument 'cmake_target_skip_unavailable' from command line to 'False'
[0.247s] Level 5:colcon.colcon_core.verb:set package 'my_bringup' build argument 'cmake_clean_cache' from command line to 'False'
[0.247s] Level 5:colcon.colcon_core.verb:set package 'my_bringup' build argument 'cmake_clean_first' from command line to 'False'
[0.247s] Level 5:colcon.colcon_core.verb:set package 'my_bringup' build argument 'cmake_force_configure' from command line to 'False'
[0.247s] Level 5:colcon.colcon_core.verb:set package 'my_bringup' build argument 'ament_cmake_args' from command line to 'None'
[0.247s] Level 5:colcon.colcon_core.verb:set package 'my_bringup' build argument 'catkin_cmake_args' from command line to 'None'
[0.247s] Level 5:colcon.colcon_core.verb:set package 'my_bringup' build argument 'catkin_skip_building_tests' from command line to 'False'
[0.247s] DEBUG:colcon.colcon_core.verb:Building package 'my_bringup' with the following arguments: {'ament_cmake_args': None, 'build_base': '/home/flynn/darkhorse/build/my_bringup', 'catkin_cmake_args': None, 'catkin_skip_building_tests': False, 'cmake_args': None, 'cmake_clean_cache': False, 'cmake_clean_first': False, 'cmake_force_configure': False, 'cmake_target': None, 'cmake_target_skip_unavailable': False, 'install_base': '/home/flynn/darkhorse/install/my_bringup', 'merge_install': False, 'path': '/home/flynn/darkhorse/src/my_bringup', 'symlink_install': False, 'test_result_base': None}
[0.247s] Level 5:colcon.colcon_core.verb:set package 'patient_gui' build argument 'cmake_args' from command line to 'None'
[0.247s] Level 5:colcon.colcon_core.verb:set package 'patient_gui' build argument 'cmake_target' from command line to 'None'
[0.247s] Level 5:colcon.colcon_core.verb:set package 'patient_gui' build argument 'cmake_target_skip_unavailable' from command line to 'False'
[0.247s] Level 5:colcon.colcon_core.verb:set package 'patient_gui' build argument 'cmake_clean_cache' from command line to 'False'
[0.247s] Level 5:colcon.colcon_core.verb:set package 'patient_gui' build argument 'cmake_clean_first' from command line to 'False'
[0.247s] Level 5:colcon.colcon_core.verb:set package 'patient_gui' build argument 'cmake_force_configure' from command line to 'False'
[0.247s] Level 5:colcon.colcon_core.verb:set package 'patient_gui' build argument 'ament_cmake_args' from command line to 'None'
[0.247s] Level 5:colcon.colcon_core.verb:set package 'patient_gui' build argument 'catkin_cmake_args' from command line to 'None'
[0.247s] Level 5:colcon.colcon_core.verb:set package 'patient_gui' build argument 'catkin_skip_building_tests' from command line to 'False'
[0.247s] DEBUG:colcon.colcon_core.verb:Building package 'patient_gui' with the following arguments: {'ament_cmake_args': None, 'build_base': '/home/flynn/darkhorse/build/patient_gui', 'catkin_cmake_args': None, 'catkin_skip_building_tests': False, 'cmake_args': None, 'cmake_clean_cache': False, 'cmake_clean_first': False, 'cmake_force_configure': False, 'cmake_target': None, 'cmake_target_skip_unavailable': False, 'install_base': '/home/flynn/darkhorse/install/patient_gui', 'merge_install': False, 'path': '/home/flynn/darkhorse/src/patient_gui', 'symlink_install': False, 'test_result_base': None}
[0.247s] Level 5:colcon.colcon_core.verb:set package 'smart_dispatcher' build argument 'cmake_args' from command line to 'None'
[0.247s] Level 5:colcon.colcon_core.verb:set package 'smart_dispatcher' build argument 'cmake_target' from command line to 'None'
[0.247s] Level 5:colcon.colcon_core.verb:set package 'smart_dispatcher' build argument 'cmake_target_skip_unavailable' from command line to 'False'
[0.247s] Level 5:colcon.colcon_core.verb:set package 'smart_dispatcher' build argument 'cmake_clean_cache' from command line to 'False'
[0.247s] Level 5:colcon.colcon_core.verb:set package 'smart_dispatcher' build argument 'cmake_clean_first' from command line to 'False'
[0.247s] Level 5:colcon.colcon_core.verb:set package 'smart_dispatcher' build argument 'cmake_force_configure' from command line to 'False'
[0.247s] Level 5:colcon.colcon_core.verb:set package 'smart_dispatcher' build argument 'ament_cmake_args' from command line to 'None'
[0.247s] Level 5:colcon.colcon_core.verb:set package 'smart_dispatcher' build argument 'catkin_cmake_args' from command line to 'None'
[0.247s] Level 5:colcon.colcon_core.verb:set package 'smart_dispatcher' build argument 'catkin_skip_building_tests' from command line to 'False'
[0.247s] DEBUG:colcon.colcon_core.verb:Building package 'smart_dispatcher' with the following arguments: {'ament_cmake_args': None, 'build_base': '/home/flynn/darkhorse/build/smart_dispatcher', 'catkin_cmake_args': None, 'catkin_skip_building_tests': False, 'cmake_args': None, 'cmake_clean_cache': False, 'cmake_clean_first': False, 'cmake_force_configure': False, 'cmake_target': None, 'cmake_target_skip_unavailable': False, 'install_base': '/home/flynn/darkhorse/install/smart_dispatcher', 'merge_install': False, 'path': '/home/flynn/darkhorse/src/smart_dispatcher', 'symlink_install': False, 'test_result_base': None}
[0.247s] INFO:colcon.colcon_core.executor:Executing jobs using 'parallel' executor
[0.248s] DEBUG:colcon.colcon_parallel_executor.executor.parallel:run_until_complete
[0.248s] INFO:colcon.colcon_ros.task.ament_python.build:Building ROS package in '/home/flynn/darkhorse/src/doctor_gui' with build type 'ament_python'
[0.248s] Level 1:colcon.colcon_core.shell:create_environment_hook('doctor_gui', 'ament_prefix_path')
[0.250s] INFO:colcon.colcon_core.plugin_system:Skipping extension 'colcon_core.shell.bat': Not used on non-Windows systems
[0.250s] INFO:colcon.colcon_core.shell:Creating environment hook '/home/flynn/darkhorse/install/doctor_gui/share/doctor_gui/hook/ament_prefix_path.ps1'
[0.251s] INFO:colcon.colcon_core.shell:Creating environment descriptor '/home/flynn/darkhorse/install/doctor_gui/share/doctor_gui/hook/ament_prefix_path.dsv'
[0.251s] INFO:colcon.colcon_core.shell:Creating environment hook '/home/flynn/darkhorse/install/doctor_gui/share/doctor_gui/hook/ament_prefix_path.sh'
[0.251s] INFO:colcon.colcon_core.shell:Skip shell extension 'powershell' for command environment: Not usable outside of PowerShell
[0.251s] DEBUG:colcon.colcon_core.shell:Skip shell extension 'dsv' for command environment
[0.254s] INFO:colcon.colcon_ros.task.ament_python.build:Building ROS package in '/home/flynn/darkhorse/src/hospital_setup' with build type 'ament_python'
[0.254s] Level 1:colcon.colcon_core.shell:create_environment_hook('hospital_setup', 'ament_prefix_path')
[0.254s] INFO:colcon.colcon_core.shell:Creating environment hook '/home/flynn/darkhorse/install/hospital_setup/share/hospital_setup/hook/ament_prefix_path.ps1'
[0.255s] INFO:colcon.colcon_core.shell:Creating environment descriptor '/home/flynn/darkhorse/install/hospital_setup/share/hospital_setup/hook/ament_prefix_path.dsv'
[0.255s] INFO:colcon.colcon_core.shell:Creating environment hook '/home/flynn/darkhorse/install/hospital_setup/share/hospital_setup/hook/ament_prefix_path.sh'
[0.255s] INFO:colcon.colcon_core.shell:Skip shell extension 'powershell' for command environment: Not usable outside of PowerShell
[0.255s] DEBUG:colcon.colcon_core.shell:Skip shell extension 'dsv' for command environment
[0.257s] INFO:colcon.colcon_ros.task.ament_python.build:Building ROS package in '/home/flynn/darkhorse/src/my_bringup' with build type 'ament_python'
[0.258s] Level 1:colcon.colcon_core.shell:create_environment_hook('my_bringup', 'ament_prefix_path')
[0.258s] INFO:colcon.colcon_core.shell:Creating environment hook '/home/flynn/darkhorse/install/my_bringup/share/my_bringup/hook/ament_prefix_path.ps1'
[0.258s] INFO:colcon.colcon_core.shell:Creating environment descriptor '/home/flynn/darkhorse/install/my_bringup/share/my_bringup/hook/ament_prefix_path.dsv'
[0.258s] INFO:colcon.colcon_core.shell:Creating environment hook '/home/flynn/darkhorse/install/my_bringup/share/my_bringup/hook/ament_prefix_path.sh'
[0.258s] INFO:colcon.colcon_core.shell:Skip shell extension 'powershell' for command environment: Not usable outside of PowerShell
[0.258s] DEBUG:colcon.colcon_core.shell:Skip shell extension 'dsv' for command environment
[0.261s] INFO:colcon.colcon_ros.task.ament_python.build:Building ROS package in '/home/flynn/darkhorse/src/patient_gui' with build type 'ament_python'
[0.261s] Level 1:colcon.colcon_core.shell:create_environment_hook('patient_gui', 'ament_prefix_path')
[0.261s] INFO:colcon.colcon_core.shell:Creating environment hook '/home/flynn/darkhorse/install/patient_gui/share/patient_gui/hook/ament_prefix_path.ps1'
[0.261s] INFO:colcon.colcon_core.shell:Creating environment descriptor '/home/flynn/darkhorse/install/patient_gui/share/patient_gui/hook/ament_prefix_path.dsv'
[0.261s] INFO:colcon.colcon_core.shell:Creating environment hook '/home/flynn/darkhorse/install/patient_gui/share/patient_gui/hook/ament_prefix_path.sh'
[0.262s] INFO:colcon.colcon_core.shell:Skip shell extension 'powershell' for command environment: Not usable outside of PowerShell
[0.262s] DEBUG:colcon.colcon_core.shell:Skip shell extension 'dsv' for command environment
[0.264s] INFO:colcon.colcon_ros.task.ament_python.build:Building ROS package in '/home/flynn/darkhorse/src/smart_dispatcher' with build type 'ament_python'
[0.264s] Level 1:colcon.colcon_core.shell:create_environment_hook('smart_dispatcher', 'ament_prefix_path')
[0.264s] INFO:colcon.colcon_core.shell:Creating environment hook '/home/flynn/darkhorse/install/smart_dispatcher/share/smart_dispatcher/hook/ament_prefix_path.ps1'
[0.265s] INFO:colcon.colcon_core.shell:Creating environment descriptor '/home/flynn/darkhorse/install/smart_dispatcher/share/smart_dispatcher/hook/ament_prefix_path.dsv'
[0.265s] INFO:colcon.colcon_core.shell:Creating environment hook '/home/flynn/darkhorse/install/smart_dispatcher/share/smart_dispatcher/hook/ament_prefix_path.sh'
[0.266s] INFO:colcon.colcon_core.shell:Skip shell extension 'powershell' for command environment: Not usable outside of PowerShell
[0.266s] DEBUG:colcon.colcon_core.shell:Skip shell extension 'dsv' for command environment
[0.456s] INFO:colcon.colcon_core.task.python.build:Building Python package in '/home/flynn/darkhorse/src/doctor_gui'
[0.456s] INFO:colcon.colcon_core.shell:Skip shell extension 'powershell' for command environment: Not usable outside of PowerShell
[0.456s] DEBUG:colcon.colcon_core.shell:Skip shell extension 'dsv' for command environment
[0.636s] INFO:colcon.colcon_core.task.python.build:Building Python package in '/home/flynn/darkhorse/src/hospital_setup'
[0.636s] INFO:colcon.colcon_core.shell:Skip shell extension 'powershell' for command environment: Not usable outside of PowerShell
[0.636s] DEBUG:colcon.colcon_core.shell:Skip shell extension 'dsv' for command environment
[0.813s] INFO:colcon.colcon_core.task.python.build:Building Python package in '/home/flynn/darkhorse/src/my_bringup'
[0.813s] INFO:colcon.colcon_core.shell:Skip shell extension 'powershell' for command environment: Not usable outside of PowerShell
[0.813s] DEBUG:colcon.colcon_core.shell:Skip shell extension 'dsv' for command environment
[0.990s] INFO:colcon.colcon_core.task.python.build:Building Python package in '/home/flynn/darkhorse/src/patient_gui'
[0.990s] INFO:colcon.colcon_core.shell:Skip shell extension 'powershell' for command environment: Not usable outside of PowerShell
[0.990s] DEBUG:colcon.colcon_core.shell:Skip shell extension 'dsv' for command environment
[1.163s] INFO:colcon.colcon_core.task.python.build:Building Python package in '/home/flynn/darkhorse/src/smart_dispatcher'
[1.163s] INFO:colcon.colcon_core.shell:Skip shell extension 'powershell' for command environment: Not usable outside of PowerShell
[1.163s] DEBUG:colcon.colcon_core.shell:Skip shell extension 'dsv' for command environment
[1.427s] DEBUG:colcon.colcon_core.event_handler.log_command:Invoking command in '/home/flynn/darkhorse/src/smart_dispatcher': PYTHONPATH=/home/flynn/darkhorse/build/smart_dispatcher/prefix_override:/usr/lib/python3/dist-packages/colcon_core/task/python/colcon_distutils_commands:/home/flynn/darkhorse/install/smart_dispatcher/lib/python3.10/site-packages:${PYTHONPATH} /usr/bin/python3 -W ignore:setup.py install is deprecated -W ignore:easy_install command is deprecated setup.py egg_info --egg-base ../../build/smart_dispatcher build --build-base /home/flynn/darkhorse/build/smart_dispatcher/build install --record /home/flynn/darkhorse/build/smart_dispatcher/install.log --single-version-externally-managed install_data
[1.430s] DEBUG:colcon.colcon_core.event_handler.log_command:Invoking command in '/home/flynn/darkhorse/build/doctor_gui': PYTHONPATH=/home/flynn/darkhorse/build/doctor_gui/prefix_override:/usr/lib/python3/dist-packages/colcon_core/task/python/colcon_distutils_commands:/home/flynn/darkhorse/install/doctor_gui/lib/python3.10/site-packages:${PYTHONPATH} /usr/bin/python3 -W ignore:setup.py install is deprecated -W ignore:easy_install command is deprecated setup.py develop --uninstall --editable --build-directory /home/flynn/darkhorse/build/doctor_gui/build
[1.430s] DEBUG:colcon.colcon_core.event_handler.log_command:Invoking command in '/home/flynn/darkhorse/build/patient_gui': PYTHONPATH=/home/flynn/darkhorse/build/patient_gui/prefix_override:/usr/lib/python3/dist-packages/colcon_core/task/python/colcon_distutils_commands:/home/flynn/darkhorse/install/patient_gui/lib/python3.10/site-packages:${PYTHONPATH} /usr/bin/python3 -W ignore:setup.py install is deprecated -W ignore:easy_install command is deprecated setup.py develop --uninstall --editable --build-directory /home/flynn/darkhorse/build/patient_gui/build
[1.432s] DEBUG:colcon.colcon_core.event_handler.log_command:Invoking command in '/home/flynn/darkhorse/src/hospital_setup': PYTHONPATH=/home/flynn/darkhorse/build/hospital_setup/prefix_override:/usr/lib/python3/dist-packages/colcon_core/task/python/colcon_distutils_commands:/home/flynn/darkhorse/install/hospital_setup/lib/python3.10/site-packages:${PYTHONPATH} /usr/bin/python3 -W ignore:setup.py install is deprecated -W ignore:easy_install command is deprecated setup.py egg_info --egg-base ../../build/hospital_setup build --build-base /home/flynn/darkhorse/build/hospital_setup/build install --record /home/flynn/darkhorse/build/hospital_setup/install.log --single-version-externally-managed install_data
[1.433s] DEBUG:colcon.colcon_core.event_handler.log_command:Invoking command in '/home/flynn/darkhorse/build/my_bringup': PYTHONPATH=/home/flynn/darkhorse/build/my_bringup/prefix_override:/usr/lib/python3/dist-packages/colcon_core/task/python/colcon_distutils_commands:/home/flynn/darkhorse/install/my_bringup/lib/python3.10/site-packages:${PYTHONPATH} /usr/bin/python3 -W ignore:setup.py install is deprecated -W ignore:easy_install command is deprecated setup.py develop --uninstall --editable --build-directory /home/flynn/darkhorse/build/my_bringup/build
[1.638s] DEBUG:colcon.colcon_core.event_handler.log_command:Invoked command in '/home/flynn/darkhorse/src/smart_dispatcher' returned '0': PYTHONPATH=/home/flynn/darkhorse/build/smart_dispatcher/prefix_override:/usr/lib/python3/dist-packages/colcon_core/task/python/colcon_distutils_commands:/home/flynn/darkhorse/install/smart_dispatcher/lib/python3.10/site-packages:${PYTHONPATH} /usr/bin/python3 -W ignore:setup.py install is deprecated -W ignore:easy_install command is deprecated setup.py egg_info --egg-base ../../build/smart_dispatcher build --build-base /home/flynn/darkhorse/build/smart_dispatcher/build install --record /home/flynn/darkhorse/build/smart_dispatcher/install.log --single-version-externally-managed install_data
[1.640s] Level 1:colcon.colcon_core.environment:checking '/home/flynn/darkhorse/install/smart_dispatcher' for CMake module files
[1.640s] Level 1:colcon.colcon_core.environment:checking '/home/flynn/darkhorse/install/smart_dispatcher' for CMake config files
[1.640s] Level 1:colcon.colcon_core.environment:checking '/home/flynn/darkhorse/install/smart_dispatcher/lib'
[1.640s] Level 1:colcon.colcon_core.environment:checking '/home/flynn/darkhorse/install/smart_dispatcher/bin'
[1.640s] Level 1:colcon.colcon_core.environment:checking '/home/flynn/darkhorse/install/smart_dispatcher/lib/pkgconfig/smart_dispatcher.pc'
[1.641s] Level 1:colcon.colcon_core.environment:checking '/home/flynn/darkhorse/install/smart_dispatcher/lib/python3.10/site-packages'
[1.641s] Level 1:colcon.colcon_core.shell:create_environment_hook('smart_dispatcher', 'pythonpath')
[1.641s] INFO:colcon.colcon_core.shell:Creating environment hook '/home/flynn/darkhorse/install/smart_dispatcher/share/smart_dispatcher/hook/pythonpath.ps1'
[1.641s] INFO:colcon.colcon_core.shell:Creating environment descriptor '/home/flynn/darkhorse/install/smart_dispatcher/share/smart_dispatcher/hook/pythonpath.dsv'
[1.641s] INFO:colcon.colcon_core.shell:Creating environment hook '/home/flynn/darkhorse/install/smart_dispatcher/share/smart_dispatcher/hook/pythonpath.sh'
[1.642s] Level 1:colcon.colcon_core.environment:checking '/home/flynn/darkhorse/install/smart_dispatcher/bin'
[1.642s] Level 1:colcon.colcon_core.environment:create_environment_scripts_only(smart_dispatcher)
[1.642s] INFO:colcon.colcon_core.shell:Creating package script '/home/flynn/darkhorse/install/smart_dispatcher/share/smart_dispatcher/package.ps1'
[1.643s] INFO:colcon.colcon_core.shell:Creating package descriptor '/home/flynn/darkhorse/install/smart_dispatcher/share/smart_dispatcher/package.dsv'
[1.643s] INFO:colcon.colcon_core.shell:Creating package script '/home/flynn/darkhorse/install/smart_dispatcher/share/smart_dispatcher/package.sh'
[1.643s] INFO:colcon.colcon_core.shell:Creating package script '/home/flynn/darkhorse/install/smart_dispatcher/share/smart_dispatcher/package.bash'
[1.644s] INFO:colcon.colcon_core.shell:Creating package script '/home/flynn/darkhorse/install/smart_dispatcher/share/smart_dispatcher/package.zsh'
[1.644s] Level 1:colcon.colcon_core.environment:create_file_with_runtime_dependencies(/home/flynn/darkhorse/install/smart_dispatcher/share/colcon-core/packages/smart_dispatcher)
[1.645s] Level 1:colcon.colcon_core.environment:checking '/home/flynn/darkhorse/install/hospital_setup' for CMake module files
[1.645s] DEBUG:colcon.colcon_core.event_handler.log_command:Invoked command in '/home/flynn/darkhorse/src/hospital_setup' returned '0': PYTHONPATH=/home/flynn/darkhorse/build/hospital_setup/prefix_override:/usr/lib/python3/dist-packages/colcon_core/task/python/colcon_distutils_commands:/home/flynn/darkhorse/install/hospital_setup/lib/python3.10/site-packages:${PYTHONPATH} /usr/bin/python3 -W ignore:setup.py install is deprecated -W ignore:easy_install command is deprecated setup.py egg_info --egg-base ../../build/hospital_setup build --build-base /home/flynn/darkhorse/build/hospital_setup/build install --record /home/flynn/darkhorse/build/hospital_setup/install.log --single-version-externally-managed install_data
[1.646s] Level 1:colcon.colcon_core.environment:checking '/home/flynn/darkhorse/install/hospital_setup' for CMake config files
[1.646s] Level 1:colcon.colcon_core.environment:checking '/home/flynn/darkhorse/install/hospital_setup/lib'
[1.646s] Level 1:colcon.colcon_core.environment:checking '/home/flynn/darkhorse/install/hospital_setup/bin'
[1.646s] Level 1:colcon.colcon_core.environment:checking '/home/flynn/darkhorse/install/hospital_setup/lib/pkgconfig/hospital_setup.pc'
[1.646s] Level 1:colcon.colcon_core.environment:checking '/home/flynn/darkhorse/install/hospital_setup/lib/python3.10/site-packages'
[1.646s] Level 1:colcon.colcon_core.shell:create_environment_hook('hospital_setup', 'pythonpath')
[1.646s] INFO:colcon.colcon_core.shell:Creating environment hook '/home/flynn/darkhorse/install/hospital_setup/share/hospital_setup/hook/pythonpath.ps1'
[1.647s] INFO:colcon.colcon_core.shell:Creating environment descriptor '/home/flynn/darkhorse/install/hospital_setup/share/hospital_setup/hook/pythonpath.dsv'
[1.647s] INFO:colcon.colcon_core.shell:Creating environment hook '/home/flynn/darkhorse/install/hospital_setup/share/hospital_setup/hook/pythonpath.sh'
[1.647s] Level 1:colcon.colcon_core.environment:checking '/home/flynn/darkhorse/install/hospital_setup/bin'
[1.647s] Level 1:colcon.colcon_core.environment:create_environment_scripts_only(hospital_setup)
[1.647s] INFO:colcon.colcon_core.shell:Creating package script '/home/flynn/darkhorse/install/hospital_setup/share/hospital_setup/package.ps1'
[1.648s] INFO:colcon.colcon_core.shell:Creating package descriptor '/home/flynn/darkhorse/install/hospital_setup/share/hospital_setup/package.dsv'
[1.648s] INFO:colcon.colcon_core.shell:Creating package script '/home/flynn/darkhorse/install/hospital_setup/share/hospital_setup/package.sh'
[1.648s] INFO:colcon.colcon_core.shell:Creating package script '/home/flynn/darkhorse/install/hospital_setup/share/hospital_setup/package.bash'
[1.648s] INFO:colcon.colcon_core.shell:Creating package script '/home/flynn/darkhorse/install/hospital_setup/share/hospital_setup/package.zsh'
[1.648s] Level 1:colcon.colcon_core.environment:create_file_with_runtime_dependencies(/home/flynn/darkhorse/install/hospital_setup/share/colcon-core/packages/hospital_setup)
[1.742s] DEBUG:colcon.colcon_core.event_handler.log_command:Invoked command in '/home/flynn/darkhorse/build/doctor_gui' returned '0': PYTHONPATH=/home/flynn/darkhorse/build/doctor_gui/prefix_override:/usr/lib/python3/dist-packages/colcon_core/task/python/colcon_distutils_commands:/home/flynn/darkhorse/install/doctor_gui/lib/python3.10/site-packages:${PYTHONPATH} /usr/bin/python3 -W ignore:setup.py install is deprecated -W ignore:easy_install command is deprecated setup.py develop --uninstall --editable --build-directory /home/flynn/darkhorse/build/doctor_gui/build
[1.744s] DEBUG:colcon.colcon_core.event_handler.log_command:Invoking command in '/home/flynn/darkhorse/src/doctor_gui': PYTHONPATH=/home/flynn/darkhorse/build/doctor_gui/prefix_override:/usr/lib/python3/dist-packages/colcon_core/task/python/colcon_distutils_commands:/home/flynn/darkhorse/install/doctor_gui/lib/python3.10/site-packages:${PYTHONPATH} /usr/bin/python3 -W ignore:setup.py install is deprecated -W ignore:easy_install command is deprecated setup.py egg_info --egg-base ../../build/doctor_gui build --build-base /home/flynn/darkhorse/build/doctor_gui/build install --record /home/flynn/darkhorse/build/doctor_gui/install.log --single-version-externally-managed install_data --force
[1.745s] DEBUG:colcon.colcon_core.event_handler.log_command:Invoked command in '/home/flynn/darkhorse/build/my_bringup' returned '0': PYTHONPATH=/home/flynn/darkhorse/build/my_bringup/prefix_override:/usr/lib/python3/dist-packages/colcon_core/task/python/colcon_distutils_commands:/home/flynn/darkhorse/install/my_bringup/lib/python3.10/site-packages:${PYTHONPATH} /usr/bin/python3 -W ignore:setup.py install is deprecated -W ignore:easy_install command is deprecated setup.py develop --uninstall --editable --build-directory /home/flynn/darkhorse/build/my_bringup/build
[1.747s] DEBUG:colcon.colcon_core.event_handler.log_command:Invoking command in '/home/flynn/darkhorse/src/my_bringup': PYTHONPATH=/home/flynn/darkhorse/build/my_bringup/prefix_override:/usr/lib/python3/dist-packages/colcon_core/task/python/colcon_distutils_commands:/home/flynn/darkhorse/install/my_bringup/lib/python3.10/site-packages:${PYTHONPATH} /usr/bin/python3 -W ignore:setup.py install is deprecated -W ignore:easy_install command is deprecated setup.py egg_info --egg-base ../../build/my_bringup build --build-base /home/flynn/darkhorse/build/my_bringup/build install --record /home/flynn/darkhorse/build/my_bringup/install.log --single-version-externally-managed install_data --force
[1.750s] DEBUG:colcon.colcon_core.event_handler.log_command:Invoked command in '/home/flynn/darkhorse/build/patient_gui' returned '0': PYTHONPATH=/home/flynn/darkhorse/build/patient_gui/prefix_override:/usr/lib/python3/dist-packages/colcon_core/task/python/colcon_distutils_commands:/home/flynn/darkhorse/install/patient_gui/lib/python3.10/site-packages:${PYTHONPATH} /usr/bin/python3 -W ignore:setup.py install is deprecated -W ignore:easy_install command is deprecated setup.py develop --uninstall --editable --build-directory /home/flynn/darkhorse/build/patient_gui/build
[1.751s] DEBUG:colcon.colcon_core.event_handler.log_command:Invoking command in '/home/flynn/darkhorse/src/patient_gui': PYTHONPATH=/home/flynn/darkhorse/build/patient_gui/prefix_override:/usr/lib/python3/dist-packages/colcon_core/task/python/colcon_distutils_commands:/home/flynn/darkhorse/install/patient_gui/lib/python3.10/site-packages:${PYTHONPATH} /usr/bin/python3 -W ignore:setup.py install is deprecated -W ignore:easy_install command is deprecated setup.py egg_info --egg-base ../../build/patient_gui build --build-base /home/flynn/darkhorse/build/patient_gui/build install --record /home/flynn/darkhorse/build/patient_gui/install.log --single-version-externally-managed install_data --force
[1.944s] Level 1:colcon.colcon_core.environment:checking '/home/flynn/darkhorse/install/my_bringup' for CMake module files
[1.945s] DEBUG:colcon.colcon_core.event_handler.log_command:Invoked command in '/home/flynn/darkhorse/src/my_bringup' returned '0': PYTHONPATH=/home/flynn/darkhorse/build/my_bringup/prefix_override:/usr/lib/python3/dist-packages/colcon_core/task/python/colcon_distutils_commands:/home/flynn/darkhorse/install/my_bringup/lib/python3.10/site-packages:${PYTHONPATH} /usr/bin/python3 -W ignore:setup.py install is deprecated -W ignore:easy_install command is deprecated setup.py egg_info --egg-base ../../build/my_bringup build --build-base /home/flynn/darkhorse/build/my_bringup/build install --record /home/flynn/darkhorse/build/my_bringup/install.log --single-version-externally-managed install_data --force
[1.945s] Level 1:colcon.colcon_core.environment:checking '/home/flynn/darkhorse/install/my_bringup' for CMake config files
[1.946s] Level 1:colcon.colcon_core.environment:checking '/home/flynn/darkhorse/install/my_bringup/lib'
[1.946s] Level 1:colcon.colcon_core.environment:checking '/home/flynn/darkhorse/install/my_bringup/bin'
[1.946s] Level 1:colcon.colcon_core.environment:checking '/home/flynn/darkhorse/install/my_bringup/lib/pkgconfig/my_bringup.pc'
[1.946s] Level 1:colcon.colcon_core.environment:checking '/home/flynn/darkhorse/install/my_bringup/lib/python3.10/site-packages'
[1.946s] Level 1:colcon.colcon_core.shell:create_environment_hook('my_bringup', 'pythonpath')
[1.946s] INFO:colcon.colcon_core.shell:Creating environment hook '/home/flynn/darkhorse/install/my_bringup/share/my_bringup/hook/pythonpath.ps1'
[1.946s] INFO:colcon.colcon_core.shell:Creating environment descriptor '/home/flynn/darkhorse/install/my_bringup/share/my_bringup/hook/pythonpath.dsv'
[1.946s] INFO:colcon.colcon_core.shell:Creating environment hook '/home/flynn/darkhorse/install/my_bringup/share/my_bringup/hook/pythonpath.sh'
[1.947s] Level 1:colcon.colcon_core.environment:checking '/home/flynn/darkhorse/install/my_bringup/bin'
[1.947s] Level 1:colcon.colcon_core.environment:create_environment_scripts_only(my_bringup)
[1.947s] INFO:colcon.colcon_core.shell:Creating package script '/home/flynn/darkhorse/install/my_bringup/share/my_bringup/package.ps1'
[1.947s] INFO:colcon.colcon_core.shell:Creating package descriptor '/home/flynn/darkhorse/install/my_bringup/share/my_bringup/package.dsv'
[1.948s] INFO:colcon.colcon_core.shell:Creating package script '/home/flynn/darkhorse/install/my_bringup/share/my_bringup/package.sh'
[1.948s] INFO:colcon.colcon_core.shell:Creating package script '/home/flynn/darkhorse/install/my_bringup/share/my_bringup/package.bash'
[1.948s] INFO:colcon.colcon_core.shell:Creating package script '/home/flynn/darkhorse/install/my_bringup/share/my_bringup/package.zsh'
[1.948s] Level 1:colcon.colcon_core.environment:create_file_with_runtime_dependencies(/home/flynn/darkhorse/install/my_bringup/share/colcon-core/packages/my_bringup)
[1.949s] Level 1:colcon.colcon_core.environment:checking '/home/flynn/darkhorse/install/doctor_gui' for CMake module files
[1.949s] DEBUG:colcon.colcon_core.event_handler.log_command:Invoked command in '/home/flynn/darkhorse/src/doctor_gui' returned '0': PYTHONPATH=/home/flynn/darkhorse/build/doctor_gui/prefix_override:/usr/lib/python3/dist-packages/colcon_core/task/python/colcon_distutils_commands:/home/flynn/darkhorse/install/doctor_gui/lib/python3.10/site-packages:${PYTHONPATH} /usr/bin/python3 -W ignore:setup.py install is deprecated -W ignore:easy_install command is deprecated setup.py egg_info --egg-base ../../build/doctor_gui build --build-base /home/flynn/darkhorse/build/doctor_gui/build install --record /home/flynn/darkhorse/build/doctor_gui/install.log --single-version-externally-managed install_data --force
[1.949s] Level 1:colcon.colcon_core.environment:checking '/home/flynn/darkhorse/install/doctor_gui' for CMake config files
[1.950s] Level 1:colcon.colcon_core.environment:checking '/home/flynn/darkhorse/install/doctor_gui/lib'
[1.950s] Level 1:colcon.colcon_core.environment:checking '/home/flynn/darkhorse/install/doctor_gui/bin'
[1.950s] Level 1:colcon.colcon_core.environment:checking '/home/flynn/darkhorse/install/doctor_gui/lib/pkgconfig/doctor_gui.pc'
[1.950s] Level 1:colcon.colcon_core.environment:checking '/home/flynn/darkhorse/install/doctor_gui/lib/python3.10/site-packages'
[1.950s] Level 1:colcon.colcon_core.shell:create_environment_hook('doctor_gui', 'pythonpath')
[1.950s] INFO:colcon.colcon_core.shell:Creating environment hook '/home/flynn/darkhorse/install/doctor_gui/share/doctor_gui/hook/pythonpath.ps1'
[1.950s] INFO:colcon.colcon_core.shell:Creating environment descriptor '/home/flynn/darkhorse/install/doctor_gui/share/doctor_gui/hook/pythonpath.dsv'
[1.950s] INFO:colcon.colcon_core.shell:Creating environment hook '/home/flynn/darkhorse/install/doctor_gui/share/doctor_gui/hook/pythonpath.sh'
[1.951s] Level 1:colcon.colcon_core.environment:checking '/home/flynn/darkhorse/install/doctor_gui/bin'
[1.951s] Level 1:colcon.colcon_core.environment:create_environment_scripts_only(doctor_gui)
[1.951s] INFO:colcon.colcon_core.shell:Creating package script '/home/flynn/darkhorse/install/doctor_gui/share/doctor_gui/package.ps1'
[1.951s] INFO:colcon.colcon_core.shell:Creating package descriptor '/home/flynn/darkhorse/install/doctor_gui/share/doctor_gui/package.dsv'
[1.952s] INFO:colcon.colcon_core.shell:Creating package script '/home/flynn/darkhorse/install/doctor_gui/share/doctor_gui/package.sh'
[1.952s] INFO:colcon.colcon_core.shell:Creating package script '/home/flynn/darkhorse/install/doctor_gui/share/doctor_gui/package.bash'
[1.952s] INFO:colcon.colcon_core.shell:Creating package script '/home/flynn/darkhorse/install/doctor_gui/share/doctor_gui/package.zsh'
[1.952s] Level 1:colcon.colcon_core.environment:create_file_with_runtime_dependencies(/home/flynn/darkhorse/install/doctor_gui/share/colcon-core/packages/doctor_gui)
[1.953s] Level 1:colcon.colcon_core.environment:checking '/home/flynn/darkhorse/install/patient_gui' for CMake module files
[1.953s] DEBUG:colcon.colcon_core.event_handler.log_command:Invoked command in '/home/flynn/darkhorse/src/patient_gui' returned '0': PYTHONPATH=/home/flynn/darkhorse/build/patient_gui/prefix_override:/usr/lib/python3/dist-packages/colcon_core/task/python/colcon_distutils_commands:/home/flynn/darkhorse/install/patient_gui/lib/python3.10/site-packages:${PYTHONPATH} /usr/bin/python3 -W ignore:setup.py install is deprecated -W ignore:easy_install command is deprecated setup.py egg_info --egg-base ../../build/patient_gui build --build-base /home/flynn/darkhorse/build/patient_gui/build install --record /home/flynn/darkhorse/build/patient_gui/install.log --single-version-externally-managed install_data --force
[1.954s] Level 1:colcon.colcon_core.environment:checking '/home/flynn/darkhorse/install/patient_gui' for CMake config files
[1.954s] Level 1:colcon.colcon_core.environment:checking '/home/flynn/darkhorse/install/patient_gui/lib'
[1.954s] Level 1:colcon.colcon_core.environment:checking '/home/flynn/darkhorse/install/patient_gui/bin'
[1.954s] Level 1:colcon.colcon_core.environment:checking '/home/flynn/darkhorse/install/patient_gui/lib/pkgconfig/patient_gui.pc'
[1.954s] Level 1:colcon.colcon_core.environment:checking '/home/flynn/darkhorse/install/patient_gui/lib/python3.10/site-packages'
[1.954s] Level 1:colcon.colcon_core.shell:create_environment_hook('patient_gui', 'pythonpath')
[1.954s] INFO:colcon.colcon_core.shell:Creating environment hook '/home/flynn/darkhorse/install/patient_gui/share/patient_gui/hook/pythonpath.ps1'
[1.954s] INFO:colcon.colcon_core.shell:Creating environment descriptor '/home/flynn/darkhorse/install/patient_gui/share/patient_gui/hook/pythonpath.dsv'
[1.955s] INFO:colcon.colcon_core.shell:Creating environment hook '/home/flynn/darkhorse/install/patient_gui/share/patient_gui/hook/pythonpath.sh'
[1.955s] Level 1:colcon.colcon_core.environment:checking '/home/flynn/darkhorse/install/patient_gui/bin'
[1.955s] Level 1:colcon.colcon_core.environment:create_environment_scripts_only(patient_gui)
[1.955s] INFO:colcon.colcon_core.shell:Creating package script '/home/flynn/darkhorse/install/patient_gui/share/patient_gui/package.ps1'
[1.955s] INFO:colcon.colcon_core.shell:Creating package descriptor '/home/flynn/darkhorse/install/patient_gui/share/patient_gui/package.dsv'
[1.956s] INFO:colcon.colcon_core.shell:Creating package script '/home/flynn/darkhorse/install/patient_gui/share/patient_gui/package.sh'
[1.956s] INFO:colcon.colcon_core.shell:Creating package script '/home/flynn/darkhorse/install/patient_gui/share/patient_gui/package.bash'
[1.956s] INFO:colcon.colcon_core.shell:Creating package script '/home/flynn/darkhorse/install/patient_gui/share/patient_gui/package.zsh'
[1.956s] Level 1:colcon.colcon_core.environment:create_file_with_runtime_dependencies(/home/flynn/darkhorse/install/patient_gui/share/colcon-core/packages/patient_gui)
[1.956s] DEBUG:colcon.colcon_parallel_executor.executor.parallel:closing loop
[1.957s] DEBUG:colcon.colcon_parallel_executor.executor.parallel:loop closed
[1.957s] DEBUG:colcon.colcon_parallel_executor.executor.parallel:run_until_complete finished with '0'
[1.957s] DEBUG:colcon.colcon_core.event_reactor:joining thread
[1.960s] INFO:colcon.colcon_core.plugin_system:Skipping extension 'colcon_notification.desktop_notification.terminal_notifier': Not used on non-Darwin systems
[1.960s] INFO:colcon.colcon_core.plugin_system:Skipping extension 'colcon_notification.desktop_notification.win32': Not used on non-Windows systems
[1.961s] INFO:colcon.colcon_notification.desktop_notification:Sending desktop notification using 'notify2'
[1.971s] DEBUG:colcon.colcon_core.event_reactor:joined thread
[1.971s] INFO:colcon.colcon_core.shell:Creating prefix script '/home/flynn/darkhorse/install/local_setup.ps1'
[1.972s] INFO:colcon.colcon_core.shell:Creating prefix util module '/home/flynn/darkhorse/install/_local_setup_util_ps1.py'
[1.973s] INFO:colcon.colcon_core.shell:Creating prefix chain script '/home/flynn/darkhorse/install/setup.ps1'
[1.973s] INFO:colcon.colcon_core.shell:Creating prefix script '/home/flynn/darkhorse/install/local_setup.sh'
[1.974s] INFO:colcon.colcon_core.shell:Creating prefix util module '/home/flynn/darkhorse/install/_local_setup_util_sh.py'
[1.974s] INFO:colcon.colcon_core.shell:Creating prefix chain script '/home/flynn/darkhorse/install/setup.sh'
[1.975s] INFO:colcon.colcon_core.shell:Creating prefix script '/home/flynn/darkhorse/install/local_setup.bash'
[1.975s] INFO:colcon.colcon_core.shell:Creating prefix chain script '/home/flynn/darkhorse/install/setup.bash'
[1.976s] INFO:colcon.colcon_core.shell:Creating prefix script '/home/flynn/darkhorse/install/local_setup.zsh'
[1.976s] INFO:colcon.colcon_core.shell:Creating prefix chain script '/home/flynn/darkhorse/install/setup.zsh'
